#
# There is insufficient memory for the Java Runtime Environment to continue.
# Native memory allocation (mmap) failed to map 6029312 bytes for committing reserved memory.
# Possible reasons:
#   The system is out of physical RAM or swap space
#   In 32 bit mode, the process size limit was hit
# Possible solutions:
#   Reduce memory load on the system
#   Increase physical memory or swap space
#   Check if swap backing store is full
#   Use 64 bit Java on a 64 bit OS
#   Decrease Java heap size (-Xmx/-Xms)
#   Decrease number of Java threads
#   Decrease Java thread stack sizes (-Xss)
#   Set larger code cache with -XX:ReservedCodeCacheSize=
# This output file may be truncated or incomplete.
#
#  Out of Memory Error (os_linux.cpp:2643), pid=12393, tid=0x00007f2268d09700
#
# JRE version: OpenJDK Runtime Environment (8.0_181-b13) (build 1.8.0_181-8u181-b13-0ubuntu0.16.04.1-b13)
# Java VM: OpenJDK 64-Bit Server VM (25.181-b13 mixed mode linux-amd64 compressed oops)
# Failed to write core dump. Core dumps have been disabled. To enable core dumping, try "ulimit -c unlimited" before starting Java again
#

---------------  T H R E A D  ---------------

Current thread (0x00007f2264075800):  VMThread [stack: 0x00007f2268c09000,0x00007f2268d0a000] [id=12407]

Stack: [0x00007f2268c09000,0x00007f2268d0a000],  sp=0x00007f2268d08570,  free space=1021k
Native frames: (J=compiled Java code, j=interpreted, Vv=VM code, C=native code)
V  [libjvm.so+0xa70edb]
V  [libjvm.so+0x4c893c]
V  [libjvm.so+0x8bda08]
V  [libjvm.so+0x8b7d9e]
V  [libjvm.so+0xa6d7c4]
V  [libjvm.so+0x4ce2c2]
V  [libjvm.so+0x5bb2c8]
V  [libjvm.so+0x45029f]
V  [libjvm.so+0xa71fe1]
V  [libjvm.so+0xa77d27]
V  [libjvm.so+0xa75427]
V  [libjvm.so+0xa768af]
V  [libjvm.so+0xa76da1]
V  [libjvm.so+0x8bae12]

VM_Operation (0x00007f222c480010): GenCollectForAllocation, mode: safepoint, requested by thread 0x00007f2250238000


---------------  P R O C E S S  ---------------

Java Threads: ( => current thread )
  0x00007f2250239000 JavaThread "Worker Monitor for /usr/bin/python3" daemon [_thread_blocked, id=13234, stack(0x00007f222d387000,0x00007f222d488000)]
  0x00007f2250238000 JavaThread "stdout writer for /usr/bin/python3" daemon [_thread_blocked, id=13233, stack(0x00007f222c381000,0x00007f222c482000)]
  0x00007f225026f000 JavaThread "Executor task launch worker for task 507" daemon [_thread_blocked, id=13204, stack(0x00007f222ca86000,0x00007f222cb87000)]
  0x00007f2240019000 JavaThread "block-manager-slave-async-thread-pool-99" daemon [_thread_blocked, id=13203, stack(0x00007f2230292000,0x00007f2230393000)]
  0x00007f2240014000 JavaThread "block-manager-slave-async-thread-pool-98" daemon [_thread_blocked, id=13202, stack(0x00007f222de88000,0x00007f222df89000)]
  0x00007f225018c800 JavaThread "block-manager-slave-async-thread-pool-97" daemon [_thread_blocked, id=13201, stack(0x00007f222c884000,0x00007f222c985000)]
  0x00007f2248167000 JavaThread "block-manager-ask-thread-pool-30" daemon [_thread_blocked, id=13200, stack(0x00007f222c985000,0x00007f222ca86000)]
  0x00007f223856b800 JavaThread "Thread-18" [_thread_in_native, id=12470, stack(0x00007f222e48a000,0x00007f222e58b000)]
  0x00007f223c031000 JavaThread "stderr reader for /usr/bin/python3" daemon [_thread_in_native, id=12466, stack(0x00007f222e68c000,0x00007f222e78d000)]
  0x00007f223c057800 JavaThread "stdout reader for /usr/bin/python3" daemon [_thread_in_native, id=12465, stack(0x00007f222e78d000,0x00007f222e88e000)]
  0x00007f223c055800 JavaThread "Idle Worker Monitor for /usr/bin/python3" daemon [_thread_blocked, id=12463, stack(0x00007f222e88e000,0x00007f222e98f000)]
  0x00007f224803e800 JavaThread "task-result-getter-3" daemon [_thread_blocked, id=12461, stack(0x00007f222ed8f000,0x00007f222ee90000)]
  0x00007f224803d000 JavaThread "task-result-getter-2" daemon [_thread_blocked, id=12460, stack(0x00007f2230090000,0x00007f2230191000)]
  0x00007f22500ef000 JavaThread "task-result-getter-1" daemon [_thread_blocked, id=12455, stack(0x00007f2230595000,0x00007f2230696000)]
  0x00007f2248034800 JavaThread "task-result-getter-0" daemon [_thread_blocked, id=12454, stack(0x00007f2230896000,0x00007f2230997000)]
  0x00007f2244f3b800 JavaThread "org.apache.hadoop.fs.FileSystem$Statistics$StatisticsDataReferenceCleaner" daemon [_thread_blocked, id=12452, stack(0x00007f2230fa4000,0x00007f22310a5000)]
  0x00007f22449d7000 JavaThread "SparkListenerBus" daemon [_thread_blocked, id=12450, stack(0x00007f2231806000,0x00007f2231907000)]
  0x00007f22449d3800 JavaThread "context-cleaner-periodic-gc" daemon [_thread_blocked, id=12449, stack(0x00007f2231907000,0x00007f2231a08000)]
  0x00007f22449d1800 JavaThread "Spark Context Cleaner" daemon [_thread_blocked, id=12448, stack(0x00007f2231a08000,0x00007f2231b09000)]
  0x00007f2244640000 JavaThread "shuffle-server-5-1" daemon [_thread_blocked, id=12447, stack(0x00007f2231d09000,0x00007f2231e0a000)]
  0x00007f22446aa800 JavaThread "driver-heartbeater" daemon [_thread_blocked, id=12446, stack(0x00007f2231e0a000,0x00007f2231f0b000)]
  0x00007f224479a000 JavaThread "dag-scheduler-event-loop" daemon [_thread_blocked, id=12445, stack(0x00007f2231f0b000,0x00007f223200c000)]
  0x0000000000dab800 JavaThread "netty-rpc-env-timeout" daemon [_thread_blocked, id=12444, stack(0x00007f223200c000,0x00007f223210d000)]
  0x00007f22447a7000 JavaThread "Timer-0" daemon [_thread_blocked, id=12443, stack(0x00007f223210d000,0x00007f223220e000)]
  0x00007f2250071000 JavaThread "heartbeat-receiver-event-loop-thread" daemon [_thread_blocked, id=12442, stack(0x00007f223220e000,0x00007f223230f000)]
  0x00007f224469a800 JavaThread "SparkUI-37" daemon [_thread_blocked, id=12441, stack(0x00007f223230f000,0x00007f2232410000)]
  0x00007f2244699000 JavaThread "SparkUI-36" daemon [_thread_blocked, id=12440, stack(0x00007f2232410000,0x00007f2232511000)]
  0x00007f2244697000 JavaThread "SparkUI-35" daemon [_thread_blocked, id=12439, stack(0x00007f2232511000,0x00007f2232612000)]
  0x00007f2244695800 JavaThread "SparkUI-34" daemon [_thread_blocked, id=12438, stack(0x00007f2232612000,0x00007f2232713000)]
  0x00007f2244658800 JavaThread "SparkUI-33" daemon [_thread_blocked, id=12437, stack(0x00007f2232713000,0x00007f2232814000)]
  0x00007f2244657000 JavaThread "SparkUI-32" daemon [_thread_blocked, id=12436, stack(0x00007f2232814000,0x00007f2232915000)]
  0x00007f2244655000 JavaThread "SparkUI-31-acceptor-0@30283948-Spark@3eefc13d{HTTP/1.1}{0.0.0.0:4040}" daemon [_thread_in_native, id=12435, stack(0x00007f2232915000,0x00007f2232a16000)]
  0x00007f2244654000 JavaThread "SparkUI-30-selector-ServerConnectorManager@26765a49/0" daemon [_thread_in_native, id=12434, stack(0x00007f2232a16000,0x00007f2232b17000)]
  0x00007f2244594000 JavaThread "refresh progress" daemon [_thread_blocked, id=12432, stack(0x00007f2232d17000,0x00007f2232e18000)]
  0x00007f2244553800 JavaThread "map-output-dispatcher-7" daemon [_thread_blocked, id=12431, stack(0x00007f2233018000,0x00007f2233119000)]
  0x00007f2244551800 JavaThread "map-output-dispatcher-6" daemon [_thread_blocked, id=12430, stack(0x00007f2233119000,0x00007f223321a000)]
  0x00007f2244550000 JavaThread "map-output-dispatcher-5" daemon [_thread_blocked, id=12429, stack(0x00007f223321a000,0x00007f223331b000)]
  0x00007f224454e000 JavaThread "map-output-dispatcher-4" daemon [_thread_blocked, id=12428, stack(0x00007f223331b000,0x00007f223341c000)]
  0x00007f22445e0800 JavaThread "map-output-dispatcher-3" daemon [_thread_blocked, id=12427, stack(0x00007f223341c000,0x00007f223351d000)]
  0x00007f22445de800 JavaThread "map-output-dispatcher-2" daemon [_thread_blocked, id=12426, stack(0x00007f223351d000,0x00007f223361e000)]
  0x00007f22445dd000 JavaThread "map-output-dispatcher-1" daemon [_thread_blocked, id=12425, stack(0x00007f223361e000,0x00007f223371f000)]
  0x00007f22445dc000 JavaThread "map-output-dispatcher-0" daemon [_thread_blocked, id=12424, stack(0x00007f223371f000,0x00007f2233820000)]
  0x00007f2244548800 JavaThread "rpc-server-3-1" daemon [_thread_blocked, id=12423, stack(0x00007f2233820000,0x00007f2233921000)]
  0x00007f2244346800 JavaThread "dispatcher-event-loop-1" daemon [_thread_blocked, id=12422, stack(0x00007f2233d34000,0x00007f2233e35000)]
  0x00007f2244346000 JavaThread "dispatcher-event-loop-0" daemon [_thread_blocked, id=12421, stack(0x00007f22346f2000,0x00007f22347f3000)]
  0x00007f22442f6000 JavaThread "process reaper" daemon [_thread_in_native, id=12419, stack(0x00007f225403b000,0x00007f2254074000)]
  0x00007f22382eb000 JavaThread "Thread-2" [_thread_blocked, id=12417, stack(0x00007f2234dfd000,0x00007f2234efe000)]
  0x00007f2264dc5800 JavaThread "Thread-1" [_thread_in_native, id=12416, stack(0x00007f2234efe000,0x00007f2234fff000)]
  0x00007f2264db6000 JavaThread "pool-1-thread-1" [_thread_blocked, id=12415, stack(0x00007f2254074000,0x00007f2254175000)]
  0x00007f22640bb000 JavaThread "Service Thread" daemon [_thread_blocked, id=12413, stack(0x00007f226846b000,0x00007f226856c000)]
  0x00007f22640b7800 JavaThread "C1 CompilerThread1" daemon [_thread_blocked, id=12412, stack(0x00007f226856c000,0x00007f226866d000)]
  0x00007f22640b5800 JavaThread "C2 CompilerThread0" daemon [_thread_blocked, id=12411, stack(0x00007f226866d000,0x00007f226876e000)]
  0x00007f22640b4000 JavaThread "Signal Dispatcher" daemon [_thread_blocked, id=12410, stack(0x00007f226876e000,0x00007f226886f000)]
  0x00007f2264082000 JavaThread "Finalizer" daemon [_thread_blocked, id=12409, stack(0x00007f2268a07000,0x00007f2268b08000)]
  0x00007f226407d000 JavaThread "Reference Handler" daemon [_thread_blocked, id=12408, stack(0x00007f2268b08000,0x00007f2268c09000)]
  0x00007f2264011800 JavaThread "main" [_thread_in_native, id=12406, stack(0x00007f226d40d000,0x00007f226d50e000)]

Other Threads:
=>0x00007f2264075800 VMThread [stack: 0x00007f2268c09000,0x00007f2268d0a000] [id=12407]
  0x00007f22640bd800 WatcherThread [stack: 0x00007f226836a000,0x00007f226846b000] [id=12414]

VM state:at safepoint (normal execution)

VM Mutex/Monitor currently owned by a thread:  ([mutex/lock_event])
[0x00007f226400d5e0] ExpandHeap_lock - owner thread: 0x00007f2264075800
[0x00007f226400dc60] Threads_lock - owner thread: 0x00007f2264075800
[0x00007f226400e160] Heap_lock - owner thread: 0x00007f2250238000

Heap:
 def new generation   total 62336K, used 0K [0x00000000c0000000, 0x00000000c43a0000, 0x00000000d5550000)
  eden space 55424K,   0% used [0x00000000c0000000, 0x00000000c0000000, 0x00000000c3620000)
  from space 6912K,   0% used [0x00000000c3620000, 0x00000000c3620000, 0x00000000c3ce0000)
  to   space 6912K,   0% used [0x00000000c3ce0000, 0x00000000c3ce0000, 0x00000000c43a0000)
 tenured generation   total 150216K, used 90129K [0x00000000d5550000, 0x00000000de802000, 0x0000000100000000)
   the space 150216K,  59% used [0x00000000d5550000, 0x00000000dad54588, 0x00000000dad54600, 0x00000000de802000)
 Metaspace       used 96034K, capacity 98641K, committed 98904K, reserved 1136640K
  class space    used 12274K, capacity 12619K, committed 12632K, reserved 1048576K

Card table byte_map: [0x00007f22698a5000,0x00007f2269aa6000] byte_map_base: 0x00007f22692a5000

Polling page: 0x00007f226d519000

CodeCache: size=245760Kb used=53232Kb max_used=53239Kb free=192527Kb
 bounds [0x00007f2255000000, 0x00007f2258490000, 0x00007f2264000000]
 total_blobs=15067 nmethods=14282 adapters=696
 compilation: enabled

Compilation events (10 events):
Event: 9246.833 Thread 0x00007f22640b7800 nmethod 19250 0x00007f225586fc50 code [0x00007f225586fdc0, 0x00007f225586ff30]
Event: 9246.833 Thread 0x00007f22640b7800 19251       3       org.apache.spark.sql.execution.CodegenSupport$$anonfun$4::apply (9 bytes)
Event: 9246.834 Thread 0x00007f22640b7800 nmethod 19251 0x00007f2256197990 code [0x00007f2256197b00, 0x00007f2256197de0]
Event: 9246.850 Thread 0x00007f22640b5800 nmethod 19244 0x00007f2255ff1210 code [0x00007f2255ff14a0, 0x00007f2255ff1ce8]
Event: 9246.867 Thread 0x00007f22640b5800 19252       4       java.util.HashMap::internalWriteEntries (69 bytes)
Event: 9246.871 Thread 0x00007f22640b5800 nmethod 19252 0x00007f2255d71610 code [0x00007f2255d717a0, 0x00007f2255d71ad0]
Event: 9246.888 Thread 0x00007f22640b7800 19253       3       org.apache.spark.sql.catalyst.expressions.BinaryArithmetic::<init> (5 bytes)
Event: 9246.888 Thread 0x00007f22640b7800 nmethod 19253 0x00007f225795fb10 code [0x00007f225795fcc0, 0x00007f2257960380]
Event: 9246.892 Thread 0x00007f22640b5800 19254       4       scala.StringContext$::loop$1 (473 bytes)
Event: 9246.939 Thread 0x00007f22640b5800 nmethod 19254 0x00007f2256822d50 code [0x00007f2256822fe0, 0x00007f2256823d68]

GC Heap History (10 events):
Event: 9278.354 GC heap after
Heap after GC invocations=2613 (full 17):
 def new generation   total 62336K, used 2349K [0x00000000c0000000, 0x00000000c43a0000, 0x00000000d5550000)
  eden space 55424K,   0% used [0x00000000c0000000, 0x00000000c0000000, 0x00000000c3620000)
  from space 6912K,  33% used [0x00000000c3ce0000, 0x00000000c3f2b400, 0x00000000c43a0000)
  to   space 6912K,   0% used [0x00000000c3620000, 0x00000000c3620000, 0x00000000c3ce0000)
 tenured generation   total 138344K, used 137150K [0x00000000d5550000, 0x00000000ddc6a000, 0x0000000100000000)
   the space 138344K,  99% used [0x00000000d5550000, 0x00000000ddb3f9b0, 0x00000000ddb3fa00, 0x00000000ddc6a000)
 Metaspace       used 96034K, capacity 98641K, committed 98904K, reserved 1136640K
  class space    used 12274K, capacity 12619K, committed 12632K, reserved 1048576K
}
Event: 9279.573 GC heap before
{Heap before GC invocations=2613 (full 17):
 def new generation   total 62336K, used 57773K [0x00000000c0000000, 0x00000000c43a0000, 0x00000000d5550000)
  eden space 55424K, 100% used [0x00000000c0000000, 0x00000000c3620000, 0x00000000c3620000)
  from space 6912K,  33% used [0x00000000c3ce0000, 0x00000000c3f2b400, 0x00000000c43a0000)
  to   space 6912K,   0% used [0x00000000c3620000, 0x00000000c3620000, 0x00000000c3ce0000)
 tenured generation   total 138344K, used 137150K [0x00000000d5550000, 0x00000000ddc6a000, 0x0000000100000000)
   the space 138344K,  99% used [0x00000000d5550000, 0x00000000ddb3f9b0, 0x00000000ddb3fa00, 0x00000000ddc6a000)
 Metaspace       used 96034K, capacity 98641K, committed 98904K, reserved 1136640K
  class space    used 12274K, capacity 12619K, committed 12632K, reserved 1048576K
Event: 9279.582 GC heap after
Heap after GC invocations=2614 (full 17):
 def new generation   total 62336K, used 2444K [0x00000000c0000000, 0x00000000c43a0000, 0x00000000d5550000)
  eden space 55424K,   0% used [0x00000000c0000000, 0x00000000c0000000, 0x00000000c3620000)
  from space 6912K,  35% used [0x00000000c3620000, 0x00000000c3883340, 0x00000000c3ce0000)
  to   space 6912K,   0% used [0x00000000c3ce0000, 0x00000000c3ce0000, 0x00000000c43a0000)
 tenured generation   total 138344K, used 137150K [0x00000000d5550000, 0x00000000ddc6a000, 0x0000000100000000)
   the space 138344K,  99% used [0x00000000d5550000, 0x00000000ddb3fa50, 0x00000000ddb3fc00, 0x00000000ddc6a000)
 Metaspace       used 96034K, capacity 98641K, committed 98904K, reserved 1136640K
  class space    used 12274K, capacity 12619K, committed 12632K, reserved 1048576K
}
Event: 9280.701 GC heap before
{Heap before GC invocations=2614 (full 17):
 def new generation   total 62336K, used 57868K [0x00000000c0000000, 0x00000000c43a0000, 0x00000000d5550000)
  eden space 55424K, 100% used [0x00000000c0000000, 0x00000000c3620000, 0x00000000c3620000)
  from space 6912K,  35% used [0x00000000c3620000, 0x00000000c3883340, 0x00000000c3ce0000)
  to   space 6912K,   0% used [0x00000000c3ce0000, 0x00000000c3ce0000, 0x00000000c43a0000)
 tenured generation   total 138344K, used 137150K [0x00000000d5550000, 0x00000000ddc6a000, 0x0000000100000000)
   the space 138344K,  99% used [0x00000000d5550000, 0x00000000ddb3fa50, 0x00000000ddb3fc00, 0x00000000ddc6a000)
 Metaspace       used 96034K, capacity 98641K, committed 98904K, reserved 1136640K
  class space    used 12274K, capacity 12619K, committed 12632K, reserved 1048576K
Event: 9280.708 GC heap after
Heap after GC invocations=2615 (full 17):
 def new generation   total 62336K, used 2481K [0x00000000c0000000, 0x00000000c43a0000, 0x00000000d5550000)
  eden space 55424K,   0% used [0x00000000c0000000, 0x00000000c0000000, 0x00000000c3620000)
  from space 6912K,  35% used [0x00000000c3ce0000, 0x00000000c3f4c6d0, 0x00000000c43a0000)
  to   space 6912K,   0% used [0x00000000c3620000, 0x00000000c3620000, 0x00000000c3ce0000)
 tenured generation   total 138344K, used 137150K [0x00000000d5550000, 0x00000000ddc6a000, 0x0000000100000000)
   the space 138344K,  99% used [0x00000000d5550000, 0x00000000ddb3fa50, 0x00000000ddb3fc00, 0x00000000ddc6a000)
 Metaspace       used 96034K, capacity 98641K, committed 98904K, reserved 1136640K
  class space    used 12274K, capacity 12619K, committed 12632K, reserved 1048576K
}
Event: 9281.699 GC heap before
{Heap before GC invocations=2615 (full 17):
 def new generation   total 62336K, used 57905K [0x00000000c0000000, 0x00000000c43a0000, 0x00000000d5550000)
  eden space 55424K, 100% used [0x00000000c0000000, 0x00000000c3620000, 0x00000000c3620000)
  from space 6912K,  35% used [0x00000000c3ce0000, 0x00000000c3f4c6d0, 0x00000000c43a0000)
  to   space 6912K,   0% used [0x00000000c3620000, 0x00000000c3620000, 0x00000000c3ce0000)
 tenured generation   total 138344K, used 137150K [0x00000000d5550000, 0x00000000ddc6a000, 0x0000000100000000)
   the space 138344K,  99% used [0x00000000d5550000, 0x00000000ddb3fa50, 0x00000000ddb3fc00, 0x00000000ddc6a000)
 Metaspace       used 96034K, capacity 98641K, committed 98904K, reserved 1136640K
  class space    used 12274K, capacity 12619K, committed 12632K, reserved 1048576K
Event: 9281.702 GC heap after
Heap after GC invocations=2616 (full 17):
 def new generation   total 62336K, used 2418K [0x00000000c0000000, 0x00000000c43a0000, 0x00000000d5550000)
  eden space 55424K,   0% used [0x00000000c0000000, 0x00000000c0000000, 0x00000000c3620000)
  from space 6912K,  34% used [0x00000000c3620000, 0x00000000c387c960, 0x00000000c3ce0000)
  to   space 6912K,   0% used [0x00000000c3ce0000, 0x00000000c3ce0000, 0x00000000c43a0000)
 tenured generation   total 138344K, used 137150K [0x00000000d5550000, 0x00000000ddc6a000, 0x0000000100000000)
   the space 138344K,  99% used [0x00000000d5550000, 0x00000000ddb3fa50, 0x00000000ddb3fc00, 0x00000000ddc6a000)
 Metaspace       used 96034K, capacity 98641K, committed 98904K, reserved 1136640K
  class space    used 12274K, capacity 12619K, committed 12632K, reserved 1048576K
}
Event: 9282.936 GC heap before
{Heap before GC invocations=2616 (full 17):
 def new generation   total 62336K, used 57842K [0x00000000c0000000, 0x00000000c43a0000, 0x00000000d5550000)
  eden space 55424K, 100% used [0x00000000c0000000, 0x00000000c3620000, 0x00000000c3620000)
  from space 6912K,  34% used [0x00000000c3620000, 0x00000000c387c960, 0x00000000c3ce0000)
  to   space 6912K,   0% used [0x00000000c3ce0000, 0x00000000c3ce0000, 0x00000000c43a0000)
 tenured generation   total 138344K, used 137150K [0x00000000d5550000, 0x00000000ddc6a000, 0x0000000100000000)
   the space 138344K,  99% used [0x00000000d5550000, 0x00000000ddb3fa50, 0x00000000ddb3fc00, 0x00000000ddc6a000)
 Metaspace       used 96034K, capacity 98641K, committed 98904K, reserved 1136640K
  class space    used 12274K, capacity 12619K, committed 12632K, reserved 1048576K
Event: 9282.939 GC heap after
Heap after GC invocations=2617 (full 17):
 def new generation   total 62336K, used 2335K [0x00000000c0000000, 0x00000000c43a0000, 0x00000000d5550000)
  eden space 55424K,   0% used [0x00000000c0000000, 0x00000000c0000000, 0x00000000c3620000)
  from space 6912K,  33% used [0x00000000c3ce0000, 0x00000000c3f27f80, 0x00000000c43a0000)
  to   space 6912K,   0% used [0x00000000c3620000, 0x00000000c3620000, 0x00000000c3ce0000)
 tenured generation   total 138344K, used 137150K [0x00000000d5550000, 0x00000000ddc6a000, 0x0000000100000000)
   the space 138344K,  99% used [0x00000000d5550000, 0x00000000ddb3fa50, 0x00000000ddb3fc00, 0x00000000ddc6a000)
 Metaspace       used 96034K, capacity 98641K, committed 98904K, reserved 1136640K
  class space    used 12274K, capacity 12619K, committed 12632K, reserved 1048576K
}
Event: 9283.802 GC heap before
{Heap before GC invocations=2617 (full 17):
 def new generation   total 62336K, used 57759K [0x00000000c0000000, 0x00000000c43a0000, 0x00000000d5550000)
  eden space 55424K, 100% used [0x00000000c0000000, 0x00000000c3620000, 0x00000000c3620000)
  from space 6912K,  33% used [0x00000000c3ce0000, 0x00000000c3f27f80, 0x00000000c43a0000)
  to   space 6912K,   0% used [0x00000000c3620000, 0x00000000c3620000, 0x00000000c3ce0000)
 tenured generation   total 138344K, used 137150K [0x00000000d5550000, 0x00000000ddc6a000, 0x0000000100000000)
   the space 138344K,  99% used [0x00000000d5550000, 0x00000000ddb3fa50, 0x00000000ddb3fc00, 0x00000000ddc6a000)
 Metaspace       used 96034K, capacity 98641K, committed 98904K, reserved 1136640K
  class space    used 12274K, capacity 12619K, committed 12632K, reserved 1048576K

Deoptimization events (10 events):
Event: 9051.828 Thread 0x00007f224003b000 Uncommon trap: reason=class_check action=maybe_recompile pc=0x00007f2257e27a04 method=org.apache.spark.sql.catalyst.expressions.UnsafeRow.get(ILorg/apache/spark/sql/types/DataType;)Ljava/lang/Object; @ 227
Event: 9051.828 Thread 0x00007f224003b000 Uncommon trap: reason=unstable_if action=reinterpret pc=0x00007f2257e27894 method=org.apache.spark.sql.catalyst.expressions.UnsafeRow.get(ILorg/apache/spark/sql/types/DataType;)Ljava/lang/Object; @ 37
Event: 9052.340 Thread 0x00007f224003b000 Uncommon trap: reason=class_check action=maybe_recompile pc=0x00007f225836e9dc method=org.apache.spark.api.python.PythonRunner$$anon$1.read()[B @ 457
Event: 9156.858 Thread 0x00007f225026f000 Uncommon trap: reason=unstable_if action=reinterpret pc=0x00007f2257d52024 method=org.apache.spark.sql.catalyst.expressions.GeneratedClass$GeneratedIterator.processNext()V @ 1592
Event: 9183.703 Thread 0x00007f224469a800 Uncommon trap: reason=unstable_if action=reinterpret pc=0x00007f22553fbca4 method=java.util.concurrent.locks.AbstractQueuedSynchronizer.acquireQueued(Ljava/util/concurrent/locks/AbstractQueuedSynchronizer$Node;I)Z @ 17
Event: 9183.703 Thread 0x00007f2244699000 Uncommon trap: reason=unstable_if action=reinterpret pc=0x00007f22553fbca4 method=java.util.concurrent.locks.AbstractQueuedSynchronizer.acquireQueued(Ljava/util/concurrent/locks/AbstractQueuedSynchronizer$Node;I)Z @ 17
Event: 9183.703 Thread 0x00007f2244697000 Uncommon trap: reason=unstable_if action=reinterpret pc=0x00007f22553fbca4 method=java.util.concurrent.locks.AbstractQueuedSynchronizer.acquireQueued(Ljava/util/concurrent/locks/AbstractQueuedSynchronizer$Node;I)Z @ 17
Event: 9183.703 Thread 0x00007f2244695800 Uncommon trap: reason=unstable_if action=reinterpret pc=0x00007f22553fbca4 method=java.util.concurrent.locks.AbstractQueuedSynchronizer.acquireQueued(Ljava/util/concurrent/locks/AbstractQueuedSynchronizer$Node;I)Z @ 17
Event: 9183.703 Thread 0x00007f2244658800 Uncommon trap: reason=unstable_if action=reinterpret pc=0x00007f22553fbcf0 method=java.util.concurrent.locks.ReentrantLock$Sync.nonfairTryAcquire(I)Z @ 34
Event: 9184.658 Thread 0x00007f2250270800 Uncommon trap: reason=class_check action=maybe_recompile pc=0x00007f225836e9dc method=org.apache.spark.api.python.PythonRunner$$anon$1.read()[B @ 457

Classes redefined (0 events):
No events

Internal exceptions (10 events):
Event: 9052.344 Thread 0x00007f2248191800 Exception <a 'java/lang/NoSuchMethodError': <clinit>> (0x00000000c0697678) thrown at [/build/openjdk-8-pREaNj/openjdk-8-8u181-b13/src/hotspot/src/share/vm/prims/jni.cpp, line 1613]
Event: 9052.345 Thread 0x00007f2248191800 Exception <a 'java/lang/NoSuchMethodError': <clinit>> (0x00000000c06bc310) thrown at [/build/openjdk-8-pREaNj/openjdk-8-8u181-b13/src/hotspot/src/share/vm/prims/jni.cpp, line 1613]
Event: 9052.345 Thread 0x00007f2248191800 Exception <a 'java/lang/NoSuchMethodError': <clinit>> (0x00000000c06bda20) thrown at [/build/openjdk-8-pREaNj/openjdk-8-8u181-b13/src/hotspot/src/share/vm/prims/jni.cpp, line 1613]
Event: 9052.347 Thread 0x00007f2240019000 Exception <a 'java/net/SocketException'> (0x00000000c01819a8) thrown at [/build/openjdk-8-pREaNj/openjdk-8-8u181-b13/src/hotspot/src/share/vm/prims/jni.cpp, line 709]
Event: 9052.354 Thread 0x00007f22382eb000 Exception <a 'java/lang/reflect/InvocationTargetException'> (0x00000000c071b878) thrown at [/build/openjdk-8-pREaNj/openjdk-8-8u181-b13/src/hotspot/src/share/vm/runtime/reflection.cpp, line 1092]
Event: 9167.167 Thread 0x00007f22382eb000 Exception <a 'java/lang/reflect/InvocationTargetException'> (0x00000000c083f690) thrown at [/build/openjdk-8-pREaNj/openjdk-8-8u181-b13/src/hotspot/src/share/vm/runtime/reflection.cpp, line 1092]
Event: 9183.243 Thread 0x00007f2250241000 Exception <a 'java/net/SocketException': Socket closed> (0x00000000c138d940) thrown at [/build/openjdk-8-pREaNj/openjdk-8-8u181-b13/src/hotspot/src/share/vm/prims/jni.cpp, line 735]
Event: 9184.658 Thread 0x00007f2250270800 Exception <a 'java/net/SocketException': Socket closed> (0x00000000c227c3a0) thrown at [/build/openjdk-8-pREaNj/openjdk-8-8u181-b13/src/hotspot/src/share/vm/prims/jni.cpp, line 735]
Event: 9184.660 Thread 0x00007f2250241000 Exception <a 'java/net/SocketException'> (0x00000000c21e4ea0) thrown at [/build/openjdk-8-pREaNj/openjdk-8-8u181-b13/src/hotspot/src/share/vm/prims/jni.cpp, line 709]
Event: 9184.663 Thread 0x00007f22382eb000 Exception <a 'java/lang/reflect/InvocationTargetException'> (0x00000000c22cc568) thrown at [/build/openjdk-8-pREaNj/openjdk-8-8u181-b13/src/hotspot/src/share/vm/runtime/reflection.cpp, line 1092]

Events (10 events):
Event: 9278.354 Executing VM operation: GenCollectForAllocation done
Event: 9279.573 Executing VM operation: GenCollectForAllocation
Event: 9279.582 Executing VM operation: GenCollectForAllocation done
Event: 9280.699 Executing VM operation: GenCollectForAllocation
Event: 9280.711 Executing VM operation: GenCollectForAllocation done
Event: 9281.699 Executing VM operation: GenCollectForAllocation
Event: 9281.702 Executing VM operation: GenCollectForAllocation done
Event: 9282.931 Executing VM operation: GenCollectForAllocation
Event: 9282.939 Executing VM operation: GenCollectForAllocation done
Event: 9283.802 Executing VM operation: GenCollectForAllocation


Dynamic libraries:
00400000-00401000 r-xp 00000000 ca:01 256949                             /usr/lib/jvm/java-8-openjdk-amd64/jre/bin/java
00600000-00601000 r--p 00000000 ca:01 256949                             /usr/lib/jvm/java-8-openjdk-amd64/jre/bin/java
00601000-00602000 rw-p 00001000 ca:01 256949                             /usr/lib/jvm/java-8-openjdk-amd64/jre/bin/java
00d82000-00de5000 rw-p 00000000 00:00 0                                  [heap]
c0000000-c43a0000 rw-p 00000000 00:00 0 
c4960000-d5550000 ---p 00000000 00:00 0 
d5550000-de802000 rw-p 00000000 00:00 0 
de802000-100000000 ---p 00000000 00:00 0 
100000000-100c56000 rw-p 00000000 00:00 0 
100c56000-140000000 ---p 00000000 00:00 0 
7f222bf81000-7f222bfc1000 rw-p 00000000 00:00 0 
7f222bfc1000-7f222c181000 ---p 00000000 00:00 0 
7f222c181000-7f222c381000 rw-p 00000000 00:00 0 
7f222c381000-7f222c384000 ---p 00000000 00:00 0 
7f222c384000-7f222c682000 rw-p 00000000 00:00 0 
7f222c682000-7f222c685000 ---p 00000000 00:00 0 
7f222c685000-7f222c783000 rw-p 00000000 00:00 0 
7f222c783000-7f222c786000 ---p 00000000 00:00 0 
7f222c786000-7f222c884000 rw-p 00000000 00:00 0 
7f222c884000-7f222c887000 ---p 00000000 00:00 0 
7f222c887000-7f222c985000 rw-p 00000000 00:00 0 
7f222c985000-7f222c988000 ---p 00000000 00:00 0 
7f222c988000-7f222ca86000 rw-p 00000000 00:00 0 
7f222ca86000-7f222ca89000 ---p 00000000 00:00 0 
7f222ca89000-7f222cd87000 rw-p 00000000 00:00 0 
7f222cd87000-7f222cf87000 rw-p 00000000 00:00 0 
7f222cf87000-7f222d187000 rw-p 00000000 00:00 0 
7f222d187000-7f222d387000 rw-p 00000000 00:00 0 
7f222d387000-7f222d38a000 ---p 00000000 00:00 0 
7f222d38a000-7f222d688000 rw-p 00000000 00:00 0 
7f222d688000-7f222d888000 rw-p 00000000 00:00 0 
7f222d888000-7f222da88000 rw-p 00000000 00:00 0 
7f222da88000-7f222dc88000 rw-p 00000000 00:00 0 
7f222dc88000-7f222de88000 rw-p 00000000 00:00 0 
7f222de88000-7f222de8b000 ---p 00000000 00:00 0 
7f222de8b000-7f222df89000 rw-p 00000000 00:00 0 
7f222df89000-7f222df8c000 ---p 00000000 00:00 0 
7f222df8c000-7f222e28a000 rw-p 00000000 00:00 0 
7f222e28a000-7f222e48a000 rw-p 00000000 00:00 0 
7f222e48a000-7f222e48d000 ---p 00000000 00:00 0 
7f222e48d000-7f222e58b000 rw-p 00000000 00:00 0 
7f222e58b000-7f222e58e000 ---p 00000000 00:00 0 
7f222e58e000-7f222e68c000 rw-p 00000000 00:00 0 
7f222e68c000-7f222e68f000 ---p 00000000 00:00 0 
7f222e68f000-7f222e78d000 rw-p 00000000 00:00 0 
7f222e78d000-7f222e790000 ---p 00000000 00:00 0 
7f222e790000-7f222e88e000 rw-p 00000000 00:00 0 
7f222e88e000-7f222e891000 ---p 00000000 00:00 0 
7f222e891000-7f222eb8f000 rw-p 00000000 00:00 0 
7f222eb8f000-7f222ed8f000 rw-p 00000000 00:00 0 
7f222ed8f000-7f222ed92000 ---p 00000000 00:00 0 
7f222ed92000-7f222f090000 rw-p 00000000 00:00 0 
7f222f090000-7f222f290000 rw-p 00000000 00:00 0 
7f222f290000-7f222f490000 rw-p 00000000 00:00 0 
7f222f490000-7f222f690000 rw-p 00000000 00:00 0 
7f222f690000-7f222f890000 rw-p 00000000 00:00 0 
7f222f890000-7f222fa90000 rw-p 00000000 00:00 0 
7f222fa90000-7f222fc90000 rw-p 00000000 00:00 0 
7f222fc90000-7f222fe90000 rw-p 00000000 00:00 0 
7f222fe90000-7f2230090000 rw-p 00000000 00:00 0 
7f2230090000-7f2230093000 ---p 00000000 00:00 0 
7f2230093000-7f2230191000 rw-p 00000000 00:00 0 
7f2230191000-7f2230194000 ---p 00000000 00:00 0 
7f2230194000-7f2230292000 rw-p 00000000 00:00 0 
7f2230292000-7f2230295000 ---p 00000000 00:00 0 
7f2230295000-7f2230393000 rw-p 00000000 00:00 0 
7f2230393000-7f2230396000 ---p 00000000 00:00 0 
7f2230396000-7f2230494000 rw-p 00000000 00:00 0 
7f2230494000-7f2230497000 ---p 00000000 00:00 0 
7f2230497000-7f2230595000 rw-p 00000000 00:00 0 
7f2230595000-7f2230598000 ---p 00000000 00:00 0 
7f2230598000-7f2230896000 rw-p 00000000 00:00 0 
7f2230896000-7f2230899000 ---p 00000000 00:00 0 
7f2230899000-7f2230b97000 rw-p 00000000 00:00 0 
7f2230b97000-7f2230ba4000 r-xp 00000000 ca:01 1708                       /tmp/liblz4-java7495783818651243245.so
7f2230ba4000-7f2230da3000 ---p 0000d000 ca:01 1708                       /tmp/liblz4-java7495783818651243245.so
7f2230da3000-7f2230da4000 rw-p 0000c000 ca:01 1708                       /tmp/liblz4-java7495783818651243245.so
7f2230da4000-7f2230fa4000 rw-p 00000000 00:00 0 
7f2230fa4000-7f2230fa7000 ---p 00000000 00:00 0 
7f2230fa7000-7f22310a5000 rw-p 00000000 00:00 0 
7f2231105000-7f2231108000 ---p 00000000 00:00 0 
7f2231108000-7f2231406000 rw-p 00000000 00:00 0 
7f2231406000-7f2231606000 rw-p 00000000 00:00 0 
7f2231606000-7f2231806000 rw-p 00000000 00:00 0 
7f2231806000-7f2231809000 ---p 00000000 00:00 0 
7f2231809000-7f2231907000 rw-p 00000000 00:00 0 
7f2231907000-7f223190a000 ---p 00000000 00:00 0 
7f223190a000-7f2231a08000 rw-p 00000000 00:00 0 
7f2231a08000-7f2231a0b000 ---p 00000000 00:00 0 
7f2231a0b000-7f2231d09000 rw-p 00000000 00:00 0 
7f2231d09000-7f2231d0c000 ---p 00000000 00:00 0 
7f2231d0c000-7f2231e0a000 rw-p 00000000 00:00 0 
7f2231e0a000-7f2231e0d000 ---p 00000000 00:00 0 
7f2231e0d000-7f2231f0b000 rw-p 00000000 00:00 0 
7f2231f0b000-7f2231f0e000 ---p 00000000 00:00 0 
7f2231f0e000-7f223200c000 rw-p 00000000 00:00 0 
7f223200c000-7f223200f000 ---p 00000000 00:00 0 
7f223200f000-7f223210d000 rw-p 00000000 00:00 0 
7f223210d000-7f2232110000 ---p 00000000 00:00 0 
7f2232110000-7f223220e000 rw-p 00000000 00:00 0 
7f223220e000-7f2232211000 ---p 00000000 00:00 0 
7f2232211000-7f223230f000 rw-p 00000000 00:00 0 
7f223230f000-7f2232312000 ---p 00000000 00:00 0 
7f2232312000-7f2232410000 rw-p 00000000 00:00 0 
7f2232410000-7f2232413000 ---p 00000000 00:00 0 
7f2232413000-7f2232511000 rw-p 00000000 00:00 0 
7f2232511000-7f2232514000 ---p 00000000 00:00 0 
7f2232514000-7f2232612000 rw-p 00000000 00:00 0 
7f2232612000-7f2232615000 ---p 00000000 00:00 0 
7f2232615000-7f2232713000 rw-p 00000000 00:00 0 
7f2232713000-7f2232716000 ---p 00000000 00:00 0 
7f2232716000-7f2232814000 rw-p 00000000 00:00 0 
7f2232814000-7f2232817000 ---p 00000000 00:00 0 
7f2232817000-7f2232915000 rw-p 00000000 00:00 0 
7f2232915000-7f2232918000 ---p 00000000 00:00 0 
7f2232918000-7f2232a16000 rw-p 00000000 00:00 0 
7f2232a16000-7f2232a19000 ---p 00000000 00:00 0 
7f2232a19000-7f2232d17000 rw-p 00000000 00:00 0 
7f2232d17000-7f2232d1a000 ---p 00000000 00:00 0 
7f2232d1a000-7f2233018000 rw-p 00000000 00:00 0 
7f2233018000-7f223301b000 ---p 00000000 00:00 0 
7f223301b000-7f2233119000 rw-p 00000000 00:00 0 
7f2233119000-7f223311c000 ---p 00000000 00:00 0 
7f223311c000-7f223321a000 rw-p 00000000 00:00 0 
7f223321a000-7f223321d000 ---p 00000000 00:00 0 
7f223321d000-7f223331b000 rw-p 00000000 00:00 0 
7f223331b000-7f223331e000 ---p 00000000 00:00 0 
7f223331e000-7f223341c000 rw-p 00000000 00:00 0 
7f223341c000-7f223341f000 ---p 00000000 00:00 0 
7f223341f000-7f223351d000 rw-p 00000000 00:00 0 
7f223351d000-7f2233520000 ---p 00000000 00:00 0 
7f2233520000-7f223361e000 rw-p 00000000 00:00 0 
7f223361e000-7f2233621000 ---p 00000000 00:00 0 
7f2233621000-7f223371f000 rw-p 00000000 00:00 0 
7f223371f000-7f2233722000 ---p 00000000 00:00 0 
7f2233722000-7f2233820000 rw-p 00000000 00:00 0 
7f2233820000-7f2233823000 ---p 00000000 00:00 0 
7f2233823000-7f2233921000 rw-p 00000000 00:00 0 
7f2233921000-7f2233932000 r-xp 00000000 ca:01 256909                     /usr/lib/jvm/java-8-openjdk-amd64/jre/lib/amd64/libnio.so
7f2233932000-7f2233b32000 ---p 00011000 ca:01 256909                     /usr/lib/jvm/java-8-openjdk-amd64/jre/lib/amd64/libnio.so
7f2233b32000-7f2233b33000 r--p 00011000 ca:01 256909                     /usr/lib/jvm/java-8-openjdk-amd64/jre/lib/amd64/libnio.so
7f2233b33000-7f2233b34000 rw-p 00012000 ca:01 256909                     /usr/lib/jvm/java-8-openjdk-amd64/jre/lib/amd64/libnio.so
7f2233b34000-7f2233d34000 rw-p 00000000 00:00 0 
7f2233d34000-7f2233d37000 ---p 00000000 00:00 0 
7f2233d37000-7f2234035000 rw-p 00000000 00:00 0 
7f2234035000-7f223404c000 r-xp 00000000 ca:01 1984                       /lib/x86_64-linux-gnu/libresolv-2.23.so
7f223404c000-7f223424c000 ---p 00017000 ca:01 1984                       /lib/x86_64-linux-gnu/libresolv-2.23.so
7f223424c000-7f223424d000 r--p 00017000 ca:01 1984                       /lib/x86_64-linux-gnu/libresolv-2.23.so
7f223424d000-7f223424e000 rw-p 00018000 ca:01 1984                       /lib/x86_64-linux-gnu/libresolv-2.23.so
7f223424e000-7f2234250000 rw-p 00000000 00:00 0 
7f2234250000-7f2234255000 r-xp 00000000 ca:01 1990                       /lib/x86_64-linux-gnu/libnss_dns-2.23.so
7f2234255000-7f2234455000 ---p 00005000 ca:01 1990                       /lib/x86_64-linux-gnu/libnss_dns-2.23.so
7f2234455000-7f2234456000 r--p 00005000 ca:01 1990                       /lib/x86_64-linux-gnu/libnss_dns-2.23.so
7f2234456000-7f2234457000 rw-p 00006000 ca:01 1990                       /lib/x86_64-linux-gnu/libnss_dns-2.23.so
7f22344f0000-7f22344f1000 r-xp 00000000 ca:01 256908                     /usr/lib/jvm/java-8-openjdk-amd64/jre/lib/amd64/libjaas_unix.so
7f22344f1000-7f22346f0000 ---p 00001000 ca:01 256908                     /usr/lib/jvm/java-8-openjdk-amd64/jre/lib/amd64/libjaas_unix.so
7f22346f0000-7f22346f1000 r--p 00000000 ca:01 256908                     /usr/lib/jvm/java-8-openjdk-amd64/jre/lib/amd64/libjaas_unix.so
7f22346f1000-7f22346f2000 rw-p 00001000 ca:01 256908                     /usr/lib/jvm/java-8-openjdk-amd64/jre/lib/amd64/libjaas_unix.so
7f22346f2000-7f22346f5000 ---p 00000000 00:00 0 
7f22346f5000-7f22349f3000 rw-p 00000000 00:00 0 
7f22349f3000-7f2234bf3000 rw-p 00000000 00:00 0 
7f2234bf3000-7f2234bfc000 r-xp 00000000 ca:01 256894                     /usr/lib/jvm/java-8-openjdk-amd64/jre/lib/amd64/libmanagement.so
7f2234bfc000-7f2234dfb000 ---p 00009000 ca:01 256894                     /usr/lib/jvm/java-8-openjdk-amd64/jre/lib/amd64/libmanagement.so
7f2234dfb000-7f2234dfc000 r--p 00008000 ca:01 256894                     /usr/lib/jvm/java-8-openjdk-amd64/jre/lib/amd64/libmanagement.so
7f2234dfc000-7f2234dfd000 rw-p 00009000 ca:01 256894                     /usr/lib/jvm/java-8-openjdk-amd64/jre/lib/amd64/libmanagement.so
7f2234dfd000-7f2234e00000 ---p 00000000 00:00 0 
7f2234e00000-7f2234efe000 rw-p 00000000 00:00 0 
7f2234efe000-7f2234f01000 ---p 00000000 00:00 0 
7f2234f01000-7f2238000000 rw-p 00000000 00:00 0 
7f2238000000-7f223a291000 rw-p 00000000 00:00 0 
7f223a291000-7f223c000000 ---p 00000000 00:00 0 
7f223c000000-7f223c0f6000 rw-p 00000000 00:00 0 
7f223c0f6000-7f2240000000 ---p 00000000 00:00 0 
7f2240000000-7f224005d000 rw-p 00000000 00:00 0 
7f224005d000-7f2244000000 ---p 00000000 00:00 0 
7f2244000000-7f2247ffe000 rw-p 00000000 00:00 0 
7f2247ffe000-7f2248000000 ---p 00000000 00:00 0 
7f2248000000-7f2248246000 rw-p 00000000 00:00 0 
7f2248246000-7f224c000000 ---p 00000000 00:00 0 
7f224c000000-7f224c044000 rw-p 00000000 00:00 0 
7f224c044000-7f2250000000 ---p 00000000 00:00 0 
7f2250000000-7f2250433000 rw-p 00000000 00:00 0 
7f2250433000-7f2254000000 ---p 00000000 00:00 0 
7f2254021000-7f2254023000 r--s 00016000 ca:01 256882                     /usr/lib/jvm/java-8-openjdk-amd64/jre/lib/jce.jar
7f2254023000-7f2254028000 r--s 0009d000 ca:01 256862                     /usr/lib/jvm/java-8-openjdk-amd64/jre/lib/jsse.jar
7f2254028000-7f225403b000 r--s 00346000 ca:01 256864                     /usr/lib/jvm/java-8-openjdk-amd64/jre/lib/resources.jar
7f225403b000-7f225403e000 ---p 00000000 00:00 0 
7f225403e000-7f2254074000 rw-p 00000000 00:00 0 
7f2254074000-7f2254077000 ---p 00000000 00:00 0 
7f2254077000-7f2254375000 rw-p 00000000 00:00 0 
7f2254375000-7f225438c000 r-xp 00000000 ca:01 256888                     /usr/lib/jvm/java-8-openjdk-amd64/jre/lib/amd64/libnet.so
7f225438c000-7f225458b000 ---p 00017000 ca:01 256888                     /usr/lib/jvm/java-8-openjdk-amd64/jre/lib/amd64/libnet.so
7f225458b000-7f225458c000 r--p 00016000 ca:01 256888                     /usr/lib/jvm/java-8-openjdk-amd64/jre/lib/amd64/libnet.so
7f225458c000-7f225458d000 rw-p 00017000 ca:01 256888                     /usr/lib/jvm/java-8-openjdk-amd64/jre/lib/amd64/libnet.so
7f225458d000-7f2254590000 r--s 00015000 ca:01 261533                     /home/ubuntu/spark-2.1.1-bin-hadoop2.7/jars/javax.servlet-api-3.1.0.jar
7f2254590000-7f22545bc000 r--s 001c9000 ca:01 261798                     /home/ubuntu/spark-2.1.1-bin-hadoop2.7/jars/shapeless_2.11-2.0.0.jar
7f22545bc000-7f22545c7000 r--s 000b0000 ca:01 261731                     /home/ubuntu/spark-2.1.1-bin-hadoop2.7/jars/jtransforms-2.4.0.jar
7f22545c7000-7f22545cd000 r--s 00043000 ca:01 261858                     /home/ubuntu/spark-2.1.1-bin-hadoop2.7/jars/commons-configuration-1.6.jar
7f22545cd000-7f22545d1000 r--s 00019000 ca:01 261784                     /home/ubuntu/spark-2.1.1-bin-hadoop2.7/jars/javax.ws.rs-api-2.0.1.jar
7f22545d1000-7f22545d3000 r--s 00009000 ca:01 261839                     /home/ubuntu/spark-2.1.1-bin-hadoop2.7/jars/commons-cli-1.2.jar
7f22545d3000-7f22545dd000 r--s 00095000 ca:01 261728                     /home/ubuntu/spark-2.1.1-bin-hadoop2.7/jars/scala-xml_2.11-1.0.2.jar
7f22545dd000-7f22545e2000 r--s 00031000 ca:01 261744                     /home/ubuntu/spark-2.1.1-bin-hadoop2.7/jars/parquet-hadoop-1.8.1.jar
7f22545e2000-7f22545e6000 r--s 00020000 ca:01 261720                     /home/ubuntu/spark-2.1.1-bin-hadoop2.7/jars/commons-digester-1.8.jar
7f22545e6000-7f22545e8000 r--s 00027000 ca:01 261790                     /home/ubuntu/spark-2.1.1-bin-hadoop2.7/jars/core-1.1.2.jar
7f22545e8000-7f22545ff000 r--s 00183000 ca:01 261753                     /home/ubuntu/spark-2.1.1-bin-hadoop2.7/jars/hadoop-yarn-common-2.7.3.jar
7f22545ff000-7f2254600000 r--s 00004000 ca:01 261711                     /home/ubuntu/spark-2.1.1-bin-hadoop2.7/jars/eigenbase-properties-1.1.5.jar
7f2254600000-7f2254606000 r--s 00044000 ca:01 261763                     /home/ubuntu/spark-2.1.1-bin-hadoop2.7/jars/antlr4-runtime-4.5.3.jar
7f2254606000-7f2254608000 r--s 0000b000 ca:01 261840                     /home/ubuntu/spark-2.1.1-bin-hadoop2.7/jars/chill-java-0.8.0.jar
7f2254608000-7f2254612000 r--s 00086000 ca:01 261718                     /home/ubuntu/spark-2.1.1-bin-hadoop2.7/jars/json4s-core_2.11-3.2.11.jar
7f2254612000-7f2254614000 r--s 0000f000 ca:01 261566                     /home/ubuntu/spark-2.1.1-bin-hadoop2.7/jars/activation-1.1.1.jar
7f2254614000-7f2254618000 r--s 00031000 ca:01 261583                     /home/ubuntu/spark-2.1.1-bin-hadoop2.7/jars/jline-2.12.1.jar
7f2254618000-7f225461e000 r--s 00028000 ca:01 261745                     /home/ubuntu/spark-2.1.1-bin-hadoop2.7/jars/curator-framework-2.6.0.jar
7f225461e000-7f225462b000 r--s 000b1000 ca:01 261545                     /home/ubuntu/spark-2.1.1-bin-hadoop2.7/jars/hadoop-mapreduce-client-common-2.7.3.jar
7f225462b000-7f225462d000 r--s 00009000 ca:01 261758                     /home/ubuntu/spark-2.1.1-bin-hadoop2.7/jars/jackson-module-paranamer-2.6.5.jar
7f225462d000-7f225462e000 r--s 00009000 ca:01 261845                     /home/ubuntu/spark-2.1.1-bin-hadoop2.7/jars/slf4j-api-1.7.16.jar
7f225462e000-7f225462f000 r--s 00004000 ca:01 261710                     /home/ubuntu/spark-2.1.1-bin-hadoop2.7/jars/jackson-jaxrs-1.9.13.jar
7f225462f000-7f2254631000 r--s 00012000 ca:01 261803                     /home/ubuntu/spark-2.1.1-bin-hadoop2.7/jars/api-util-1.0.0-M20.jar
7f2254631000-7f2254639000 r--s 00066000 ca:01 261732                     /home/ubuntu/spark-2.1.1-bin-hadoop2.7/jars/apache-log4j-extras-1.2.17.jar
7f2254639000-7f225463b000 r--s 00004000 ca:01 261587                     /home/ubuntu/spark-2.1.1-bin-hadoop2.7/jars/stax-api-1.0-2.jar
7f225463b000-7f2254649000 r--s 00078000 ca:01 261756                     /home/ubuntu/spark-2.1.1-bin-hadoop2.7/jars/spark-mesos_2.11-2.1.1.jar
7f2254649000-7f2254677000 r--s 00212000 ca:01 261712                     /home/ubuntu/spark-2.1.1-bin-hadoop2.7/jars/spark-network-common_2.11-2.1.1.jar
7f2254677000-7f225467f000 r--s 0006e000 ca:01 261765                     /home/ubuntu/spark-2.1.1-bin-hadoop2.7/jars/commons-lang3-3.5.jar
7f225467f000-7f2254680000 r--s 00009000 ca:01 261830                     /home/ubuntu/spark-2.1.1-bin-hadoop2.7/jars/hive-cli-1.2.1.spark2.jar
7f2254680000-7f2254696000 r--s 001a4000 ca:01 261613                     /home/ubuntu/spark-2.1.1-bin-hadoop2.7/jars/datanucleus-rdbms-3.2.9.jar
7f2254696000-7f22546a7000 r--s 0010d000 ca:01 261714                     /home/ubuntu/spark-2.1.1-bin-hadoop2.7/jars/jackson-databind-2.6.5.jar
7f22546a7000-7f22546a9000 r--s 0000a000 ca:01 261612                     /home/ubuntu/spark-2.1.1-bin-hadoop2.7/jars/spark-unsafe_2.11-2.1.1.jar
7f22546a9000-7f22546cd000 r--s 001cd000 ca:01 261855                     /home/ubuntu/spark-2.1.1-bin-hadoop2.7/jars/commons-math3-3.4.1.jar
7f22546cd000-7f22546d1000 r--s 0002a000 ca:01 261747                     /home/ubuntu/spark-2.1.1-bin-hadoop2.7/jars/commons-io-2.4.jar
7f22546d1000-7f22546d9000 r--s 00059000 ca:01 261611                     /home/ubuntu/spark-2.1.1-bin-hadoop2.7/jars/javolution-5.5.1.jar
7f22546d9000-7f22546da000 r--s 00003000 ca:01 261568                     /home/ubuntu/spark-2.1.1-bin-hadoop2.7/jars/jta-1.1.jar
7f22546da000-7f22546dd000 r--s 00009000 ca:01 261751                     /home/ubuntu/spark-2.1.1-bin-hadoop2.7/jars/jackson-annotations-2.6.5.jar
7f22546dd000-7f2254751000 r--s 00574000 ca:01 261739                     /home/ubuntu/spark-2.1.1-bin-hadoop2.7/jars/spark-mllib_2.11-2.1.1.jar
7f2254751000-7f225476c000 r--s 001d8000 ca:01 261572                     /home/ubuntu/spark-2.1.1-bin-hadoop2.7/jars/jets3t-0.9.3.jar
7f225476c000-7f22547f7000 r--s 0069e000 ca:01 261713                     /home/ubuntu/spark-2.1.1-bin-hadoop2.7/jars/spark-catalyst_2.11-2.1.1.jar
7f22547f7000-7f22547fc000 r--s 0002a000 ca:01 261576                     /home/ubuntu/spark-2.1.1-bin-hadoop2.7/jars/commons-beanutils-1.7.0.jar
7f22547fc000-7f22547fe000 r--s 00006000 ca:01 261588                     /home/ubuntu/spark-2.1.1-bin-hadoop2.7/jars/paranamer-2.3.jar
7f22547fe000-7f2254802000 r--s 0002c000 ca:01 261748                     /home/ubuntu/spark-2.1.1-bin-hadoop2.7/jars/avro-ipc-1.7.7.jar
7f2254802000-7f2254803000 r--s 00003000 ca:01 261594                     /home/ubuntu/spark-2.1.1-bin-hadoop2.7/jars/xmlenc-0.52.jar
7f2254803000-7f2254820000 r--s 001d5000 ca:01 261860                     /home/ubuntu/spark-2.1.1-bin-hadoop2.7/jars/hadoop-yarn-api-2.7.3.jar
7f2254820000-7f2254821000 r--s 00004000 ca:01 261716                     /home/ubuntu/spark-2.1.1-bin-hadoop2.7/jars/opencsv-2.3.jar
7f2254821000-7f2254825000 r--s 00014000 ca:01 261856                     /home/ubuntu/spark-2.1.1-bin-hadoop2.7/jars/xz-1.0.jar
7f2254825000-7f2254828000 r--s 000fd000 ca:01 261604                     /home/ubuntu/spark-2.1.1-bin-hadoop2.7/jars/leveldbjni-all-1.8.jar
7f2254828000-7f225482e000 r--s 00063000 ca:01 261849                     /home/ubuntu/spark-2.1.1-bin-hadoop2.7/jars/jodd-core-3.5.2.jar
7f225482e000-7f2254832000 r--s 00030000 ca:01 261532                     /home/ubuntu/spark-2.1.1-bin-hadoop2.7/jars/commons-net-2.2.jar
7f2254832000-7f2254836000 r--s 00028000 ca:01 261608                     /home/ubuntu/spark-2.1.1-bin-hadoop2.7/jars/spark-mllib-local_2.11-2.1.1.jar
7f2254836000-7f225483d000 r--s 0007d000 ca:01 261722                     /home/ubuntu/spark-2.1.1-bin-hadoop2.7/jars/jetty-6.1.26.jar
7f225483d000-7f2254840000 r--s 0002f000 ca:01 261546                     /home/ubuntu/spark-2.1.1-bin-hadoop2.7/jars/RoaringBitmap-0.5.11.jar
7f2254840000-7f2254841000 r--s 00004000 ca:01 261866                     /home/ubuntu/spark-2.1.1-bin-hadoop2.7/jars/osgi-resource-locator-1.0.1.jar
7f2254841000-7f2254862000 r--s 0019b000 ca:01 261796                     /home/ubuntu/spark-2.1.1-bin-hadoop2.7/jars/spark-hive-thriftserver_2.11-2.1.1.jar
7f2254862000-7f2254867000 r--s 00041000 ca:01 261740                     /home/ubuntu/spark-2.1.1-bin-hadoop2.7/jars/commons-lang-2.6.jar
7f2254867000-7f2254869000 r--s 00020000 ca:01 261749                     /home/ubuntu/spark-2.1.1-bin-hadoop2.7/jars/hive-beeline-1.2.1.spark2.jar
7f2254869000-7f2254870000 r--s 00049000 ca:01 261736                     /home/ubuntu/spark-2.1.1-bin-hadoop2.7/jars/httpcore-4.4.4.jar
7f2254870000-7f2254872000 r--s 00014000 ca:01 261717                     /home/ubuntu/spark-2.1.1-bin-hadoop2.7/jars/spire-macros_2.11-0.7.4.jar
7f2254872000-7f2254873000 r--s 00001000 ca:01 261621                     /home/ubuntu/spark-2.1.1-bin-hadoop2.7/jars/pmml-schema-1.2.15.jar
7f2254873000-7f2254877000 r--s 00028000 ca:01 261573                     /home/ubuntu/spark-2.1.1-bin-hadoop2.7/jars/jetty-util-6.1.26.jar
7f2254877000-7f225487a000 r--s 00006000 ca:01 261721                     /home/ubuntu/spark-2.1.1-bin-hadoop2.7/jars/jsr305-1.3.9.jar
7f225487a000-7f2254881000 r--s 0005d000 ca:01 261793                     /home/ubuntu/spark-2.1.1-bin-hadoop2.7/jars/mx4j-3.0.2.jar
7f2254881000-7f2254883000 r--s 0000e000 ca:01 261821                     /home/ubuntu/spark-2.1.1-bin-hadoop2.7/jars/guice-servlet-3.0.jar
7f2254883000-7f225488b000 r--s 0007b000 ca:01 261737                     /home/ubuntu/spark-2.1.1-bin-hadoop2.7/jars/protobuf-java-2.5.0.jar
7f225488b000-7f2254894000 r--s 00062000 ca:01 261580                     /home/ubuntu/spark-2.1.1-bin-hadoop2.7/jars/avro-1.7.7.jar
7f2254894000-7f2254896000 r--s 00003000 ca:01 261733                     /home/ubuntu/spark-2.1.1-bin-hadoop2.7/jars/jcl-over-slf4j-1.7.16.jar
7f2254896000-7f2254966000 r--s 00cf0000 ca:01 261540                     /home/ubuntu/spark-2.1.1-bin-hadoop2.7/jars/breeze_2.11-0.12.jar
7f2254966000-7f2254967000 r--s 00002000 ca:01 261619                     /home/ubuntu/spark-2.1.1-bin-hadoop2.7/jars/slf4j-log4j12-1.7.16.jar
7f2254967000-7f2254969000 r--s 00006000 ca:01 261578                     /home/ubuntu/spark-2.1.1-bin-hadoop2.7/jars/spark-sketch_2.11-2.1.1.jar
7f2254969000-7f225496e000 r--s 00068000 ca:01 261791                     /home/ubuntu/spark-2.1.1-bin-hadoop2.7/jars/antlr-2.7.7.jar
7f225496e000-7f2254970000 r--s 00000000 ca:01 261759                     /home/ubuntu/spark-2.1.1-bin-hadoop2.7/jars/aopalliance-1.0.jar
7f2254970000-7f2254972000 r--s 00012000 ca:01 261730                     /home/ubuntu/spark-2.1.1-bin-hadoop2.7/jars/compress-lzf-1.0.3.jar
7f2254972000-7f225497f000 r--s 0009e000 ca:01 261822                     /home/ubuntu/spark-2.1.1-bin-hadoop2.7/jars/spark-graphx_2.11-2.1.1.jar
7f225497f000-7f2254984000 r--s 00028000 ca:01 261841                     /home/ubuntu/spark-2.1.1-bin-hadoop2.7/jars/avro-mapred-1.7.7-hadoop2.jar
7f2254984000-7f225499a000 r--s 00124000 ca:01 261833                     /home/ubuntu/spark-2.1.1-bin-hadoop2.7/jars/ivy-2.4.0.jar
7f225499a000-7f22549a2000 r--s 00078000 ca:01 261805                     /home/ubuntu/spark-2.1.1-bin-hadoop2.7/jars/mail-1.4.7.jar
7f22549a2000-7f22549a7000 r--s 0004e000 ca:01 261582                     /home/ubuntu/spark-2.1.1-bin-hadoop2.7/jars/datanucleus-api-jdo-3.2.6.jar
7f22549a7000-7f2254a7f000 r--s 00a88000 ca:01 261543                     /home/ubuntu/spark-2.1.1-bin-hadoop2.7/jars/spark-core_2.11-2.1.1.jar
7f2254a7f000-7f2254a97000 r--s 001b6000 ca:01 261569                     /home/ubuntu/spark-2.1.1-bin-hadoop2.7/jars/datanucleus-core-3.2.10.jar
7f2254a97000-7f2254aab000 r--s 000ec000 ca:01 261539                     /home/ubuntu/spark-2.1.1-bin-hadoop2.7/jars/parquet-jackson-1.8.1.jar
7f2254aab000-7f2254aad000 r--s 0000e000 ca:01 261785                     /home/ubuntu/spark-2.1.1-bin-hadoop2.7/jars/hadoop-mapreduce-client-jobclient-2.7.3.jar
7f2254aad000-7f2254aaf000 r--s 0000e000 ca:01 261536                     /home/ubuntu/spark-2.1.1-bin-hadoop2.7/jars/oro-2.0.8.jar
7f2254aaf000-7f2254ab1000 r--s 00003000 ca:01 261826                     /home/ubuntu/spark-2.1.1-bin-hadoop2.7/jars/JavaEWAH-0.3.2.jar
7f2254ab1000-7f2254ab3000 r--s 0000f000 ca:01 261757                     /home/ubuntu/spark-2.1.1-bin-hadoop2.7/jars/spark-launcher_2.11-2.1.1.jar
7f2254ab3000-7f2254ad5000 r--s 00335000 ca:01 261750                     /home/ubuntu/spark-2.1.1-bin-hadoop2.7/jars/mesos-1.0.0-shaded-protobuf.jar
7f2254ad5000-7f2254ad6000 r--s 00001000 ca:01 261610                     /home/ubuntu/spark-2.1.1-bin-hadoop2.7/jars/minlog-1.3.0.jar
7f2254ad6000-7f2254ad9000 r--s 0001a000 ca:01 261834                     /home/ubuntu/spark-2.1.1-bin-hadoop2.7/jars/py4j-0.10.4.jar
7f2254ad9000-7f2254ada000 r--s 00009000 ca:01 261601                     /home/ubuntu/spark-2.1.1-bin-hadoop2.7/jars/json4s-jackson_2.11-3.2.11.jar
7f2254ada000-7f2254adc000 r--s 0000d000 ca:01 261725                     /home/ubuntu/spark-2.1.1-bin-hadoop2.7/jars/hadoop-yarn-server-web-proxy-2.7.3.jar
7f2254adc000-7f2254b3f000 r--s 004de000 ca:01 261719                     /home/ubuntu/spark-2.1.1-bin-hadoop2.7/jars/hive-metastore-1.2.1.spark2.jar
7f2254b3f000-7f2254b46000 r--s 00039000 ca:01 261727                     /home/ubuntu/spark-2.1.1-bin-hadoop2.7/jars/calcite-avatica-1.2.0-incubating.jar
7f2254b46000-7f2254b4d000 r--s 0003f000 ca:01 261603                     /home/ubuntu/spark-2.1.1-bin-hadoop2.7/jars/commons-codec-1.10.jar
7f2254b4d000-7f2254b4f000 r--s 00100000 ca:01 261842                     /home/ubuntu/spark-2.1.1-bin-hadoop2.7/jars/snappy-java-1.1.2.6.jar
7f2254b4f000-7f2254b53000 r--s 00029000 ca:01 261591                     /home/ubuntu/spark-2.1.1-bin-hadoop2.7/jars/hk2-locator-2.4.0-b34.jar
7f2254b53000-7f2254b56000 r--s 0000d000 ca:01 261742                     /home/ubuntu/spark-2.1.1-bin-hadoop2.7/jars/spark-network-shuffle_2.11-2.1.1.jar
7f2254b56000-7f2254b57000 r--s 00006000 ca:01 261788                     /home/ubuntu/spark-2.1.1-bin-hadoop2.7/jars/jackson-xc-1.9.13.jar
7f2254b57000-7f2254b6d000 r--s 000d1000 ca:01 261585                     /home/ubuntu/spark-2.1.1-bin-hadoop2.7/jars/parquet-column-1.8.1.jar
7f2254b6d000-7f2254b92000 rw-p 00000000 00:00 0 
7f2254b92000-7f2254c9e000 r--s 00dba000 ca:01 261859                     /home/ubuntu/spark-2.1.1-bin-hadoop2.7/jars/scala-compiler-2.11.8.jar
7f2254c9e000-7f2254c9f000 r--s 00002000 ca:01 261764                     /home/ubuntu/spark-2.1.1-bin-hadoop2.7/jars/jpam-1.1.jar
7f2254c9f000-7f2254cae000 r--s 0009f000 ca:01 261734                     /home/ubuntu/spark-2.1.1-bin-hadoop2.7/jars/guice-3.0.jar
7f2254cae000-7f2254cc7000 r--s 00150000 ca:01 261626                     /home/ubuntu/spark-2.1.1-bin-hadoop2.7/jars/htrace-core-3.1.0-incubating.jar
7f2254cc7000-7f2254cdd000 r--s 000d3000 ca:01 261625                     /home/ubuntu/spark-2.1.1-bin-hadoop2.7/jars/jersey-server-2.22.2.jar
7f2254cdd000-7f2254cdf000 r--s 00008000 ca:01 261581                     /home/ubuntu/spark-2.1.1-bin-hadoop2.7/jars/parquet-common-1.8.1.jar
7f2254cdf000-7f2254ce1000 r--s 00002000 ca:01 261606                     /home/ubuntu/spark-2.1.1-bin-hadoop2.7/jars/aopalliance-repackaged-2.4.0-b34.jar
7f2254ce1000-7f2254ce5000 r--s 0003c000 ca:01 261854                     /home/ubuntu/spark-2.1.1-bin-hadoop2.7/jars/jackson-core-2.6.5.jar
7f2254ce5000-7f2254cf0000 r--s 00062000 ca:01 261729                     /home/ubuntu/spark-2.1.1-bin-hadoop2.7/jars/calcite-linq4j-1.2.0-incubating.jar
7f2254cf0000-7f2254d26000 r--s 0031c000 ca:01 261565                     /home/ubuntu/spark-2.1.1-bin-hadoop2.7/jars/hadoop-common-2.7.3.jar
7f2254d26000-7f2254d2a000 r--s 0001a000 ca:01 261579                     /home/ubuntu/spark-2.1.1-bin-hadoop2.7/jars/hk2-utils-2.4.0-b34.jar
7f2254d2a000-7f2254d36000 r--s 000b6000 ca:01 261831                     /home/ubuntu/spark-2.1.1-bin-hadoop2.7/jars/zookeeper-3.4.6.jar
7f2254d36000-7f2254d3c000 r--s 00040000 ca:01 261709                     /home/ubuntu/spark-2.1.1-bin-hadoop2.7/jars/parquet-encoding-1.8.1.jar
7f2254d3c000-7f2254d41000 r--s 00036000 ca:01 261574                     /home/ubuntu/spark-2.1.1-bin-hadoop2.7/jars/commons-compress-1.4.1.jar
7f2254d41000-7f2254d6e000 r--s 001d4000 ca:01 261863                     /home/ubuntu/spark-2.1.1-bin-hadoop2.7/jars/spark-streaming_2.11-2.1.1.jar
7f2254d6e000-7f2254d71000 r--s 00022000 ca:01 261806                     /home/ubuntu/spark-2.1.1-bin-hadoop2.7/jars/stringtemplate-3.2.1.jar
7f2254d71000-7f2254d78000 r--s 00036000 ca:01 261624                     /home/ubuntu/spark-2.1.1-bin-hadoop2.7/jars/curator-recipes-2.6.0.jar
7f2254d78000-7f2254d7c000 r--s 00029000 ca:01 261548                     /home/ubuntu/spark-2.1.1-bin-hadoop2.7/jars/breeze-macros_2.11-0.12.jar
7f2254d7c000-7f2254d80000 r--s 00036000 ca:01 261851                     /home/ubuntu/spark-2.1.1-bin-hadoop2.7/jars/ST4-4.0.4.jar
7f2254d80000-7f2254d84000 r--s 00018000 ca:01 261584                     /home/ubuntu/spark-2.1.1-bin-hadoop2.7/jars/metrics-core-3.1.2.jar
7f2254d84000-7f2254d92000 r--s 000b1000 ca:01 261754                     /home/ubuntu/spark-2.1.1-bin-hadoop2.7/jars/jackson-mapper-asl-1.9.13.jar
7f2254d92000-7f2254da2000 r--s 000a0000 ca:01 261599                     /home/ubuntu/spark-2.1.1-bin-hadoop2.7/jars/spark-yarn_2.11-2.1.1.jar
7f2254da2000-7f2254da3000 r--s 00003000 ca:01 261590                     /home/ubuntu/spark-2.1.1-bin-hadoop2.7/jars/spark-tags_2.11-2.1.1.jar
7f2254da3000-7f2254db5000 r--s 00097000 ca:01 261804                     /home/ubuntu/spark-2.1.1-bin-hadoop2.7/jars/apacheds-kerberos-codec-2.0.0-M15.jar
7f2254db5000-7f2254db8000 r--s 00017000 ca:01 261800                     /home/ubuntu/spark-2.1.1-bin-hadoop2.7/jars/jaxb-api-2.2.2.jar
7f2254db8000-7f2254dba000 r--s 00009000 ca:01 261848                     /home/ubuntu/spark-2.1.1-bin-hadoop2.7/jars/objenesis-2.1.jar
7f2254dba000-7f2254e25000 r--s 00784000 ca:01 261535                     /home/ubuntu/spark-2.1.1-bin-hadoop2.7/jars/hadoop-hdfs-2.7.3.jar
7f2254e25000-7f2254e27000 r--s 00010000 ca:01 261752                     /home/ubuntu/spark-2.1.1-bin-hadoop2.7/jars/jersey-media-jaxb-2.22.2.jar
7f2254e27000-7f2254e34000 r--s 00083000 ca:01 261598                     /home/ubuntu/spark-2.1.1-bin-hadoop2.7/jars/commons-collections-3.2.2.jar
7f2254e34000-7f2254e3b000 r--s 00051000 ca:01 261542                     /home/ubuntu/spark-2.1.1-bin-hadoop2.7/jars/kryo-shaded-3.0.3.jar
7f2254e3b000-7f2254e72000 r--s 00325000 ca:01 261802                     /home/ubuntu/spark-2.1.1-bin-hadoop2.7/jars/calcite-core-1.2.0-incubating.jar
7f2254e72000-7f2254e75000 r--s 00012000 ca:01 261602                     /home/ubuntu/spark-2.1.1-bin-hadoop2.7/jars/json4s-ast_2.11-3.2.11.jar
7f2254e75000-7f2254e77000 r--s 0000e000 ca:01 261794                     /home/ubuntu/spark-2.1.1-bin-hadoop2.7/jars/commons-logging-1.1.3.jar
7f2254e77000-7f2254f20000 r--s 00a4f000 ca:01 261801                     /home/ubuntu/spark-2.1.1-bin-hadoop2.7/jars/hive-exec-1.2.1.spark2.jar
7f2254f20000-7f2254f21000 r--s 0000b000 ca:01 261631                     /home/ubuntu/spark-2.1.1-bin-hadoop2.7/jars/snappy-0.2.jar
7f2254f21000-7f2254f24000 r--s 00028000 ca:01 261541                     /home/ubuntu/spark-2.1.1-bin-hadoop2.7/jars/stream-2.7.0.jar
7f2254f24000-7f2254f58000 r--s 00277000 ca:01 261592                     /home/ubuntu/spark-2.1.1-bin-hadoop2.7/jars/parquet-hadoop-bundle-1.6.0.jar
7f2254f58000-7f2254f81000 r--s 001ee000 ca:01 261862                     /home/ubuntu/spark-2.1.1-bin-hadoop2.7/jars/guava-14.0.1.jar
7f2254f81000-7f2254f8e000 r--s 00071000 ca:01 261832                     /home/ubuntu/spark-2.1.1-bin-hadoop2.7/jars/jackson-module-scala_2.11-2.6.5.jar
7f2254f8e000-7f2254fa7000 r--s 00114000 ca:01 261577                     /home/ubuntu/spark-2.1.1-bin-hadoop2.7/jars/spark-hive_2.11-2.1.1.jar
7f2254fa7000-7f2255000000 r--s 00522000 ca:01 261865                     /home/ubuntu/spark-2.1.1-bin-hadoop2.7/jars/scala-library-2.11.8.jar
7f2255000000-7f2258490000 rwxp 00000000 00:00 0 
7f2258490000-7f2264000000 ---p 00000000 00:00 0 
7f2264000000-7f2264de9000 rw-p 00000000 00:00 0 
7f2264de9000-7f2268000000 ---p 00000000 00:00 0 
7f2268000000-7f2268004000 r--s 0000c000 ca:01 261617                     /home/ubuntu/spark-2.1.1-bin-hadoop2.7/jars/validation-api-1.1.0.Final.jar
7f2268004000-7f226801c000 r--s 00115000 ca:01 261824                     /home/ubuntu/spark-2.1.1-bin-hadoop2.7/jars/netty-3.8.0.Final.jar
7f226801c000-7f2268023000 r--s 00049000 ca:01 261852                     /home/ubuntu/spark-2.1.1-bin-hadoop2.7/jars/univocity-parsers-2.2.1.jar
7f2268023000-7f226806f000 r--s 00411000 ca:01 261857                     /home/ubuntu/spark-2.1.1-bin-hadoop2.7/jars/scala-reflect-2.11.8.jar
7f226806f000-7f226807d000 r--s 0009d000 ca:01 261614                     /home/ubuntu/spark-2.1.1-bin-hadoop2.7/jars/jersey-common-2.22.2.jar
7f226807d000-7f2268087000 r--s 000aa000 ca:01 261762                     /home/ubuntu/spark-2.1.1-bin-hadoop2.7/jars/janino-3.0.0.jar
7f2268087000-7f2268088000 r--s 00008000 ca:01 261844                     /home/ubuntu/spark-2.1.1-bin-hadoop2.7/jars/commons-compiler-3.0.0.jar
7f2268088000-7f2268091000 r--s 00097000 ca:01 261837                     /home/ubuntu/spark-2.1.1-bin-hadoop2.7/jars/pmml-model-1.2.15.jar
7f2268091000-7f2268093000 r--s 00005000 ca:01 261741                     /home/ubuntu/spark-2.1.1-bin-hadoop2.7/jars/stax-api-1.0.1.jar
7f2268093000-7f2268097000 r--s 00035000 ca:01 261597                     /home/ubuntu/spark-2.1.1-bin-hadoop2.7/jars/jackson-core-asl-1.9.13.jar
7f2268097000-7f226809a000 r--s 00019000 ca:01 261530                     /home/ubuntu/spark-2.1.1-bin-hadoop2.7/jars/bonecp-0.8.0.RELEASE.jar
7f226809a000-7f226809c000 r--s 00038000 ca:01 261789                     /home/ubuntu/spark-2.1.1-bin-hadoop2.7/jars/lz4-1.3.0.jar
7f226809c000-7f22680b5000 r--s 00164000 ca:01 261738                     /home/ubuntu/spark-2.1.1-bin-hadoop2.7/jars/hadoop-mapreduce-client-core-2.7.3.jar
7f22680b5000-7f22680b8000 r--s 00026000 ca:01 261792                     /home/ubuntu/spark-2.1.1-bin-hadoop2.7/jars/hadoop-yarn-client-2.7.3.jar
7f22680b8000-7f22680ba000 r--s 00017000 ca:01 261607                     /home/ubuntu/spark-2.1.1-bin-hadoop2.7/jars/hive-jdbc-1.2.1.spark2.jar
7f22680ba000-7f226813b000 r--s 005d9000 ca:01 261746                     /home/ubuntu/spark-2.1.1-bin-hadoop2.7/jars/spark-sql_2.11-2.1.1.jar
7f226813b000-7f226813c000 r--s 00006000 ca:01 261755                     /home/ubuntu/spark-2.1.1-bin-hadoop2.7/jars/hadoop-client-2.7.3.jar
7f226813c000-7f2268143000 r--s 00058000 ca:01 261609                     /home/ubuntu/spark-2.1.1-bin-hadoop2.7/jars/hadoop-yarn-server-common-2.7.3.jar
7f2268143000-7f2268144000 r--s 0000a000 ca:01 261616                     /home/ubuntu/spark-2.1.1-bin-hadoop2.7/jars/apacheds-i18n-2.0.0-M15.jar
7f2268144000-7f2268145000 r--s 00000000 ca:01 261600                     /home/ubuntu/spark-2.1.1-bin-hadoop2.7/jars/javax.inject-1.jar
7f2268145000-7f226814b000 r--s 00045000 ca:01 261605                     /home/ubuntu/spark-2.1.1-bin-hadoop2.7/jars/commons-httpclient-3.1.jar
7f226814b000-7f2268158000 r--s 000a7000 ca:01 261627                     /home/ubuntu/spark-2.1.1-bin-hadoop2.7/jars/httpclient-4.5.2.jar
7f2268158000-7f226815a000 r--s 0001f000 ca:01 261825                     /home/ubuntu/spark-2.1.1-bin-hadoop2.7/jars/commons-crypto-1.0.0.jar
7f226815a000-7f226815f000 r--s 0002a000 ca:01 261735                     /home/ubuntu/spark-2.1.1-bin-hadoop2.7/jars/gson-2.2.4.jar
7f226815f000-7f226819f000 r--s 00277000 ca:01 261767                     /home/ubuntu/spark-2.1.1-bin-hadoop2.7/jars/bcprov-jdk15on-1.51.jar
7f226819f000-7f22681a2000 r--s 00016000 ca:01 261593                     /home/ubuntu/spark-2.1.1-bin-hadoop2.7/jars/jsp-api-2.1.jar
7f22681a2000-7f22681a3000 r--s 00001000 ca:01 261838                     /home/ubuntu/spark-2.1.1-bin-hadoop2.7/jars/javax.inject-2.4.0-b34.jar
7f22681a3000-7f22681a4000 r--s 00002000 ca:01 261586                     /home/ubuntu/spark-2.1.1-bin-hadoop2.7/jars/java-xmlbuilder-1.0.jar
7f22681a4000-7f22681a6000 r--s 00015000 ca:01 261547                     /home/ubuntu/spark-2.1.1-bin-hadoop2.7/jars/hadoop-auth-2.7.3.jar
7f22681a6000-7f22681aa000 r--s 0002f000 ca:01 261795                     /home/ubuntu/spark-2.1.1-bin-hadoop2.7/jars/commons-beanutils-core-1.8.0.jar
7f22681aa000-7f22681d9000 r--s 002e5000 ca:01 261846                     /home/ubuntu/spark-2.1.1-bin-hadoop2.7/jars/derby-10.12.1.1.jar
7f22681d9000-7f22681db000 r--s 00008000 ca:01 261544                     /home/ubuntu/spark-2.1.1-bin-hadoop2.7/jars/metrics-jvm-3.1.2.jar
7f22681db000-7f22681de000 r--s 00015000 ca:01 261723                     /home/ubuntu/spark-2.1.1-bin-hadoop2.7/jars/pyrolite-4.13.jar
7f22681de000-7f22681e0000 r--s 0000e000 ca:01 261760                     /home/ubuntu/spark-2.1.1-bin-hadoop2.7/jars/spark-repl_2.11-2.1.1.jar
7f22681e0000-7f22681e9000 r--s 0006f000 ca:01 261724                     /home/ubuntu/spark-2.1.1-bin-hadoop2.7/jars/log4j-1.2.17.jar
7f22681e9000-7f22681ed000 r--s 00025000 ca:01 261850                     /home/ubuntu/spark-2.1.1-bin-hadoop2.7/jars/jersey-client-2.22.2.jar
7f22681ed000-7f22681f4000 r--s 00058000 ca:01 261589                     /home/ubuntu/spark-2.1.1-bin-hadoop2.7/jars/parquet-format-2.3.0-incubating.jar
7f22681f4000-7f22681f6000 r--s 00003000 ca:01 261615                     /home/ubuntu/spark-2.1.1-bin-hadoop2.7/jars/api-asn1-api-1.0.0-M20.jar
7f22681f6000-7f2268200000 r--s 0007b000 ca:01 261847                     /home/ubuntu/spark-2.1.1-bin-hadoop2.7/jars/hadoop-mapreduce-client-app-2.7.3.jar
7f2268200000-7f2268203000 r--s 0000e000 ca:01 261575                     /home/ubuntu/spark-2.1.1-bin-hadoop2.7/jars/jersey-container-servlet-core-2.22.2.jar
7f2268203000-7f2268207000 r--s 00025000 ca:01 261538                     /home/ubuntu/spark-2.1.1-bin-hadoop2.7/jars/antlr-runtime-3.4.jar
7f2268207000-7f2268218000 r--s 00089000 ca:01 261623                     /home/ubuntu/spark-2.1.1-bin-hadoop2.7/jars/joda-time-2.9.3.jar
7f2268218000-7f226821a000 r--s 00005000 ca:01 261743                     /home/ubuntu/spark-2.1.1-bin-hadoop2.7/jars/javax.annotation-api-1.2.jar
7f226821a000-7f226821f000 r--s 00032000 ca:01 261864                     /home/ubuntu/spark-2.1.1-bin-hadoop2.7/jars/chill_2.11-0.8.0.jar
7f226821f000-7f226822a000 r--s 0005d000 ca:01 261853                     /home/ubuntu/spark-2.1.1-bin-hadoop2.7/jars/scala-parser-combinators_2.11-1.0.4.jar
7f226822a000-7f226823c000 r--s 00112000 ca:01 261835                     /home/ubuntu/spark-2.1.1-bin-hadoop2.7/jars/arpack_combined_all-0.1.jar
7f226823c000-7f2268254000 r--s 000d6000 ca:01 261571                     /home/ubuntu/spark-2.1.1-bin-hadoop2.7/jars/jersey-guava-2.22.2.jar
7f2268254000-7f226825a000 r--s 0002c000 ca:01 261828                     /home/ubuntu/spark-2.1.1-bin-hadoop2.7/jars/jdo-api-3.0.1.jar
7f226825a000-7f2268261000 r--s 00046000 ca:01 261797                     /home/ubuntu/spark-2.1.1-bin-hadoop2.7/jars/libfb303-0.9.3.jar
7f2268261000-7f2268263000 r--s 00010000 ca:01 261622                     /home/ubuntu/spark-2.1.1-bin-hadoop2.7/jars/hadoop-mapreduce-client-shuffle-2.7.3.jar
7f2268263000-7f2268265000 r--s 00000000 ca:01 261836                     /home/ubuntu/spark-2.1.1-bin-hadoop2.7/jars/jul-to-slf4j-1.7.16.jar
7f2268265000-7f2268268000 r--s 00014000 ca:01 261761                     /home/ubuntu/spark-2.1.1-bin-hadoop2.7/jars/super-csv-2.2.0.jar
7f2268268000-7f226827a000 r--s 000b3000 ca:01 261829                     /home/ubuntu/spark-2.1.1-bin-hadoop2.7/jars/scalap-2.11.8.jar
7f226827a000-7f226827c000 r--s 00003000 ca:01 261843                     /home/ubuntu/spark-2.1.1-bin-hadoop2.7/jars/base64-2.3.8.jar
7f226827c000-7f226827e000 r--s 00003000 ca:01 261570                     /home/ubuntu/spark-2.1.1-bin-hadoop2.7/jars/jersey-container-servlet-2.22.2.jar
7f226827e000-7f2268288000 r--s 000a5000 ca:01 261766                     /home/ubuntu/spark-2.1.1-bin-hadoop2.7/jars/javassist-3.18.1-GA.jar
7f2268288000-7f2268289000 r--s 00009000 ca:01 261534                     /home/ubuntu/spark-2.1.1-bin-hadoop2.7/jars/hadoop-annotations-2.7.3.jar
7f2268289000-7f22682a1000 r--s 00115000 ca:01 261537                     /home/ubuntu/spark-2.1.1-bin-hadoop2.7/jars/xercesImpl-2.9.1.jar
7f22682a1000-7f22682a4000 r--s 00021000 ca:01 261596                     /home/ubuntu/spark-2.1.1-bin-hadoop2.7/jars/xbean-asm5-shaded-4.4.jar
7f22682a4000-7f22682a7000 r--s 00025000 ca:01 261618                     /home/ubuntu/spark-2.1.1-bin-hadoop2.7/jars/commons-dbcp-1.4.jar
7f22682a7000-7f22682ce000 r--s 0020f000 ca:01 261726                     /home/ubuntu/spark-2.1.1-bin-hadoop2.7/jars/netty-all-4.0.42.Final.jar
7f22682ce000-7f22682d1000 r--s 00015000 ca:01 261620                     /home/ubuntu/spark-2.1.1-bin-hadoop2.7/jars/commons-pool-1.5.4.jar
7f22682d1000-7f2268326000 r--s 0069c000 ca:01 261595                     /home/ubuntu/spark-2.1.1-bin-hadoop2.7/jars/spire_2.11-0.7.4.jar
7f2268326000-7f2268328000 r--s 00004000 ca:01 261787                     /home/ubuntu/spark-2.1.1-bin-hadoop2.7/jars/metrics-graphite-3.1.2.jar
7f2268328000-7f2268329000 r--s 00003000 ca:01 261827                     /home/ubuntu/spark-2.1.1-bin-hadoop2.7/jars/metrics-json-3.1.2.jar
7f2268329000-7f226832e000 r--s 00027000 ca:01 261861                     /home/ubuntu/spark-2.1.1-bin-hadoop2.7/jars/hk2-api-2.4.0-b34.jar
7f226832e000-7f2268334000 r--s 00034000 ca:01 261799                     /home/ubuntu/spark-2.1.1-bin-hadoop2.7/jars/libthrift-0.9.3.jar
7f2268334000-7f226834f000 r--s 001d6000 ca:01 256870                     /usr/lib/jvm/java-8-openjdk-amd64/jre/lib/ext/nashorn.jar
7f226834f000-7f226836a000 r--s 00394000 ca:01 256871                     /usr/lib/jvm/java-8-openjdk-amd64/jre/lib/ext/cldrdata.jar
7f226836a000-7f226836b000 ---p 00000000 00:00 0 
7f226836b000-7f226846b000 rw-p 00000000 00:00 0 
7f226846b000-7f226846e000 ---p 00000000 00:00 0 
7f226846e000-7f226856c000 rw-p 00000000 00:00 0 
7f226856c000-7f226856f000 ---p 00000000 00:00 0 
7f226856f000-7f226866d000 rw-p 00000000 00:00 0 
7f226866d000-7f2268670000 ---p 00000000 00:00 0 
7f2268670000-7f226876e000 rw-p 00000000 00:00 0 
7f226876e000-7f2268771000 ---p 00000000 00:00 0 
7f2268771000-7f226886f000 rw-p 00000000 00:00 0 
7f226886f000-7f2268a07000 r--p 00000000 ca:01 29052                      /usr/lib/locale/locale-archive
7f2268a07000-7f2268a0a000 ---p 00000000 00:00 0 
7f2268a0a000-7f2268b08000 rw-p 00000000 00:00 0 
7f2268b08000-7f2268b0b000 ---p 00000000 00:00 0 
7f2268b0b000-7f2268c09000 rw-p 00000000 00:00 0 
7f2268c09000-7f2268c0a000 ---p 00000000 00:00 0 
7f2268c0a000-7f2268d0a000 rw-p 00000000 00:00 0 
7f2268d0a000-7f2268ed9000 r--s 03c32000 ca:01 256863                     /usr/lib/jvm/java-8-openjdk-amd64/jre/lib/rt.jar
7f2268ed9000-7f226974f000 rw-p 00000000 00:00 0 
7f226974f000-7f2269799000 rw-p 00000000 00:00 0 
7f2269799000-7f22698a5000 ---p 00000000 00:00 0 
7f22698a5000-7f22698c7000 rw-p 00000000 00:00 0 
7f22698c7000-7f226994f000 ---p 00000000 00:00 0 
7f226994f000-7f226999a000 rw-p 00000000 00:00 0 
7f226999a000-7f2269aa5000 ---p 00000000 00:00 0 
7f2269aa5000-7f2269b79000 rw-p 00000000 00:00 0 
7f2269b79000-7f2269e66000 ---p 00000000 00:00 0 
7f2269e66000-7f2269e6e000 r-xp 00000000 ca:01 256902                     /usr/lib/jvm/java-8-openjdk-amd64/jre/lib/amd64/libzip.so
7f2269e6e000-7f226a06d000 ---p 00008000 ca:01 256902                     /usr/lib/jvm/java-8-openjdk-amd64/jre/lib/amd64/libzip.so
7f226a06d000-7f226a06e000 r--p 00007000 ca:01 256902                     /usr/lib/jvm/java-8-openjdk-amd64/jre/lib/amd64/libzip.so
7f226a06e000-7f226a06f000 rw-p 00008000 ca:01 256902                     /usr/lib/jvm/java-8-openjdk-amd64/jre/lib/amd64/libzip.so
7f226a06f000-7f226a07a000 r-xp 00000000 ca:01 1993                       /lib/x86_64-linux-gnu/libnss_files-2.23.so
7f226a07a000-7f226a279000 ---p 0000b000 ca:01 1993                       /lib/x86_64-linux-gnu/libnss_files-2.23.so
7f226a279000-7f226a27a000 r--p 0000a000 ca:01 1993                       /lib/x86_64-linux-gnu/libnss_files-2.23.so
7f226a27a000-7f226a27b000 rw-p 0000b000 ca:01 1993                       /lib/x86_64-linux-gnu/libnss_files-2.23.so
7f226a27b000-7f226a281000 rw-p 00000000 00:00 0 
7f226a281000-7f226a28c000 r-xp 00000000 ca:01 1997                       /lib/x86_64-linux-gnu/libnss_nis-2.23.so
7f226a28c000-7f226a48b000 ---p 0000b000 ca:01 1997                       /lib/x86_64-linux-gnu/libnss_nis-2.23.so
7f226a48b000-7f226a48c000 r--p 0000a000 ca:01 1997                       /lib/x86_64-linux-gnu/libnss_nis-2.23.so
7f226a48c000-7f226a48d000 rw-p 0000b000 ca:01 1997                       /lib/x86_64-linux-gnu/libnss_nis-2.23.so
7f226a48d000-7f226a4a3000 r-xp 00000000 ca:01 1977                       /lib/x86_64-linux-gnu/libnsl-2.23.so
7f226a4a3000-7f226a6a2000 ---p 00016000 ca:01 1977                       /lib/x86_64-linux-gnu/libnsl-2.23.so
7f226a6a2000-7f226a6a3000 r--p 00015000 ca:01 1977                       /lib/x86_64-linux-gnu/libnsl-2.23.so
7f226a6a3000-7f226a6a4000 rw-p 00016000 ca:01 1977                       /lib/x86_64-linux-gnu/libnsl-2.23.so
7f226a6a4000-7f226a6a6000 rw-p 00000000 00:00 0 
7f226a6a6000-7f226a6ae000 r-xp 00000000 ca:01 1988                       /lib/x86_64-linux-gnu/libnss_compat-2.23.so
7f226a6ae000-7f226a8ad000 ---p 00008000 ca:01 1988                       /lib/x86_64-linux-gnu/libnss_compat-2.23.so
7f226a8ad000-7f226a8ae000 r--p 00007000 ca:01 1988                       /lib/x86_64-linux-gnu/libnss_compat-2.23.so
7f226a8ae000-7f226a8af000 rw-p 00008000 ca:01 1988                       /lib/x86_64-linux-gnu/libnss_compat-2.23.so
7f226a8af000-7f226a8dc000 r-xp 00000000 ca:01 256919                     /usr/lib/jvm/java-8-openjdk-amd64/jre/lib/amd64/libjava.so
7f226a8dc000-7f226aadb000 ---p 0002d000 ca:01 256919                     /usr/lib/jvm/java-8-openjdk-amd64/jre/lib/amd64/libjava.so
7f226aadb000-7f226aadc000 r--p 0002c000 ca:01 256919                     /usr/lib/jvm/java-8-openjdk-amd64/jre/lib/amd64/libjava.so
7f226aadc000-7f226aade000 rw-p 0002d000 ca:01 256919                     /usr/lib/jvm/java-8-openjdk-amd64/jre/lib/amd64/libjava.so
7f226aade000-7f226aaed000 r-xp 00000000 ca:01 256907                     /usr/lib/jvm/java-8-openjdk-amd64/jre/lib/amd64/libverify.so
7f226aaed000-7f226acec000 ---p 0000f000 ca:01 256907                     /usr/lib/jvm/java-8-openjdk-amd64/jre/lib/amd64/libverify.so
7f226acec000-7f226acee000 r--p 0000e000 ca:01 256907                     /usr/lib/jvm/java-8-openjdk-amd64/jre/lib/amd64/libverify.so
7f226acee000-7f226acef000 rw-p 00010000 ca:01 256907                     /usr/lib/jvm/java-8-openjdk-amd64/jre/lib/amd64/libverify.so
7f226acef000-7f226acf6000 r-xp 00000000 ca:01 1998                       /lib/x86_64-linux-gnu/librt-2.23.so
7f226acf6000-7f226aef5000 ---p 00007000 ca:01 1998                       /lib/x86_64-linux-gnu/librt-2.23.so
7f226aef5000-7f226aef6000 r--p 00006000 ca:01 1998                       /lib/x86_64-linux-gnu/librt-2.23.so
7f226aef6000-7f226aef7000 rw-p 00007000 ca:01 1998                       /lib/x86_64-linux-gnu/librt-2.23.so
7f226aef7000-7f226af0d000 r-xp 00000000 ca:01 1975                       /lib/x86_64-linux-gnu/libgcc_s.so.1
7f226af0d000-7f226b10c000 ---p 00016000 ca:01 1975                       /lib/x86_64-linux-gnu/libgcc_s.so.1
7f226b10c000-7f226b10d000 rw-p 00015000 ca:01 1975                       /lib/x86_64-linux-gnu/libgcc_s.so.1
7f226b10d000-7f226b215000 r-xp 00000000 ca:01 1976                       /lib/x86_64-linux-gnu/libm-2.23.so
7f226b215000-7f226b414000 ---p 00108000 ca:01 1976                       /lib/x86_64-linux-gnu/libm-2.23.so
7f226b414000-7f226b415000 r--p 00107000 ca:01 1976                       /lib/x86_64-linux-gnu/libm-2.23.so
7f226b415000-7f226b416000 rw-p 00108000 ca:01 1976                       /lib/x86_64-linux-gnu/libm-2.23.so
7f226b416000-7f226b588000 r-xp 00000000 ca:01 7979                       /usr/lib/x86_64-linux-gnu/libstdc++.so.6.0.21
7f226b588000-7f226b788000 ---p 00172000 ca:01 7979                       /usr/lib/x86_64-linux-gnu/libstdc++.so.6.0.21
7f226b788000-7f226b792000 r--p 00172000 ca:01 7979                       /usr/lib/x86_64-linux-gnu/libstdc++.so.6.0.21
7f226b792000-7f226b794000 rw-p 0017c000 ca:01 7979                       /usr/lib/x86_64-linux-gnu/libstdc++.so.6.0.21
7f226b794000-7f226b798000 rw-p 00000000 00:00 0 
7f226b798000-7f226c3f5000 r-xp 00000000 ca:01 256884                     /usr/lib/jvm/java-8-openjdk-amd64/jre/lib/amd64/server/libjvm.so
7f226c3f5000-7f226c5f5000 ---p 00c5d000 ca:01 256884                     /usr/lib/jvm/java-8-openjdk-amd64/jre/lib/amd64/server/libjvm.so
7f226c5f5000-7f226c689000 r--p 00c5d000 ca:01 256884                     /usr/lib/jvm/java-8-openjdk-amd64/jre/lib/amd64/server/libjvm.so
7f226c689000-7f226c6b2000 rw-p 00cf1000 ca:01 256884                     /usr/lib/jvm/java-8-openjdk-amd64/jre/lib/amd64/server/libjvm.so
7f226c6b2000-7f226c6e2000 rw-p 00000000 00:00 0 
7f226c6e2000-7f226c6fa000 r-xp 00000000 ca:01 1979                       /lib/x86_64-linux-gnu/libpthread-2.23.so
7f226c6fa000-7f226c8f9000 ---p 00018000 ca:01 1979                       /lib/x86_64-linux-gnu/libpthread-2.23.so
7f226c8f9000-7f226c8fa000 r--p 00017000 ca:01 1979                       /lib/x86_64-linux-gnu/libpthread-2.23.so
7f226c8fa000-7f226c8fb000 rw-p 00018000 ca:01 1979                       /lib/x86_64-linux-gnu/libpthread-2.23.so
7f226c8fb000-7f226c8ff000 rw-p 00000000 00:00 0 
7f226c8ff000-7f226c902000 r-xp 00000000 ca:01 1982                       /lib/x86_64-linux-gnu/libdl-2.23.so
7f226c902000-7f226cb01000 ---p 00003000 ca:01 1982                       /lib/x86_64-linux-gnu/libdl-2.23.so
7f226cb01000-7f226cb02000 r--p 00002000 ca:01 1982                       /lib/x86_64-linux-gnu/libdl-2.23.so
7f226cb02000-7f226cb03000 rw-p 00003000 ca:01 1982                       /lib/x86_64-linux-gnu/libdl-2.23.so
7f226cb03000-7f226cb1c000 r-xp 00000000 ca:01 2129                       /lib/x86_64-linux-gnu/libz.so.1.2.8
7f226cb1c000-7f226cd1b000 ---p 00019000 ca:01 2129                       /lib/x86_64-linux-gnu/libz.so.1.2.8
7f226cd1b000-7f226cd1c000 r--p 00018000 ca:01 2129                       /lib/x86_64-linux-gnu/libz.so.1.2.8
7f226cd1c000-7f226cd1d000 rw-p 00019000 ca:01 2129                       /lib/x86_64-linux-gnu/libz.so.1.2.8
7f226cd1d000-7f226cedd000 r-xp 00000000 ca:01 1980                       /lib/x86_64-linux-gnu/libc-2.23.so
7f226cedd000-7f226d0dd000 ---p 001c0000 ca:01 1980                       /lib/x86_64-linux-gnu/libc-2.23.so
7f226d0dd000-7f226d0e1000 r--p 001c0000 ca:01 1980                       /lib/x86_64-linux-gnu/libc-2.23.so
7f226d0e1000-7f226d0e3000 rw-p 001c4000 ca:01 1980                       /lib/x86_64-linux-gnu/libc-2.23.so
7f226d0e3000-7f226d0e7000 rw-p 00000000 00:00 0 
7f226d0e7000-7f226d0f4000 r-xp 00000000 ca:01 256904                     /usr/lib/jvm/java-8-openjdk-amd64/jre/lib/amd64/jli/libjli.so
7f226d0f4000-7f226d2f4000 ---p 0000d000 ca:01 256904                     /usr/lib/jvm/java-8-openjdk-amd64/jre/lib/amd64/jli/libjli.so
7f226d2f4000-7f226d2f5000 r--p 0000d000 ca:01 256904                     /usr/lib/jvm/java-8-openjdk-amd64/jre/lib/amd64/jli/libjli.so
7f226d2f5000-7f226d2f6000 rw-p 0000e000 ca:01 256904                     /usr/lib/jvm/java-8-openjdk-amd64/jre/lib/amd64/jli/libjli.so
7f226d2f6000-7f226d31c000 r-xp 00000000 ca:01 1978                       /lib/x86_64-linux-gnu/ld-2.23.so
7f226d31c000-7f226d31e000 r--s 0000f000 ca:01 261715                     /home/ubuntu/spark-2.1.1-bin-hadoop2.7/jars/curator-client-2.6.0.jar
7f226d31e000-7f226d321000 r--s 0000f000 ca:01 256869                     /usr/lib/jvm/java-8-openjdk-amd64/jre/lib/ext/icedtea-sound.jar
7f226d321000-7f226d324000 r--s 00038000 ca:01 256872                     /usr/lib/jvm/java-8-openjdk-amd64/jre/lib/ext/sunpkcs11.jar
7f226d324000-7f226d32a000 r--s 0003b000 ca:01 256877                     /usr/lib/jvm/java-8-openjdk-amd64/jre/lib/ext/sunjce_provider.jar
7f226d32a000-7f226d334000 r--s 00116000 ca:01 256876                     /usr/lib/jvm/java-8-openjdk-amd64/jre/lib/ext/localedata.jar
7f226d334000-7f226d405000 rw-p 00000000 00:00 0 
7f226d405000-7f226d40d000 rw-s 00000000 ca:01 549906                     /tmp/hsperfdata_ubuntu/12393
7f226d40d000-7f226d410000 ---p 00000000 00:00 0 
7f226d410000-7f226d512000 rw-p 00000000 00:00 0 
7f226d512000-7f226d513000 r--s 00010000 ca:01 256874                     /usr/lib/jvm/java-8-openjdk-amd64/jre/lib/ext/zipfs.jar
7f226d513000-7f226d514000 r--s 0000a000 ca:01 256879                     /usr/lib/jvm/java-8-openjdk-amd64/jre/lib/ext/jaccess.jar
7f226d514000-7f226d516000 r--s 00001000 ca:01 256873                     /usr/lib/jvm/java-8-openjdk-amd64/jre/lib/ext/dnsns.jar
7f226d516000-7f226d518000 r--s 00008000 ca:01 256878                     /usr/lib/jvm/java-8-openjdk-amd64/jre/lib/ext/sunec.jar
7f226d518000-7f226d519000 rw-p 00000000 00:00 0 
7f226d519000-7f226d51a000 ---p 00000000 00:00 0 
7f226d51a000-7f226d51b000 rw-p 00000000 00:00 0 
7f226d51b000-7f226d51c000 r--p 00025000 ca:01 1978                       /lib/x86_64-linux-gnu/ld-2.23.so
7f226d51c000-7f226d51d000 rw-p 00026000 ca:01 1978                       /lib/x86_64-linux-gnu/ld-2.23.so
7f226d51d000-7f226d51e000 rw-p 00000000 00:00 0 
7ffe10a61000-7ffe10a82000 rw-p 00000000 00:00 0                          [stack]
7ffe10aa1000-7ffe10aa4000 r--p 00000000 00:00 0                          [vvar]
7ffe10aa4000-7ffe10aa6000 r-xp 00000000 00:00 0                          [vdso]
ffffffffff600000-ffffffffff601000 r-xp 00000000 00:00 0                  [vsyscall]

VM Arguments:
jvm_args: -Xmx1g 
java_command: org.apache.spark.deploy.SparkSubmit --conf spark.app.name=childandyouthjustice pyspark-shell
java_class_path (initial): /home/ubuntu/spark-2.1.1-bin-hadoop2.7/conf/:/home/ubuntu/spark-2.1.1-bin-hadoop2.7/jars/libthrift-0.9.3.jar:/home/ubuntu/spark-2.1.1-bin-hadoop2.7/jars/curator-client-2.6.0.jar:/home/ubuntu/spark-2.1.1-bin-hadoop2.7/jars/hk2-api-2.4.0-b34.jar:/home/ubuntu/spark-2.1.1-bin-hadoop2.7/jars/metrics-json-3.1.2.jar:/home/ubuntu/spark-2.1.1-bin-hadoop2.7/jars/metrics-graphite-3.1.2.jar:/home/ubuntu/spark-2.1.1-bin-hadoop2.7/jars/spire_2.11-0.7.4.jar:/home/ubuntu/spark-2.1.1-bin-hadoop2.7/jars/commons-pool-1.5.4.jar:/home/ubuntu/spark-2.1.1-bin-hadoop2.7/jars/netty-all-4.0.42.Final.jar:/home/ubuntu/spark-2.1.1-bin-hadoop2.7/jars/commons-dbcp-1.4.jar:/home/ubuntu/spark-2.1.1-bin-hadoop2.7/jars/xbean-asm5-shaded-4.4.jar:/home/ubuntu/spark-2.1.1-bin-hadoop2.7/jars/xercesImpl-2.9.1.jar:/home/ubuntu/spark-2.1.1-bin-hadoop2.7/jars/hadoop-annotations-2.7.3.jar:/home/ubuntu/spark-2.1.1-bin-hadoop2.7/jars/javassist-3.18.1-GA.jar:/home/ubuntu/spark-2.1.1-bin-hadoop2.7/jars/jersey-container-servlet-2.22.2.jar:/home/ubuntu/spark-2.1.1-bin-hadoop2.7/jars/base64-2.3.8.jar:/home/ubuntu/spark-2.1.1-bin-hadoop2.7/jars/scalap-2.11.8.jar:/home/ubuntu/spark-2.1.1-bin-hadoop2.7/jars/super-csv-2.2.0.jar:/home/ubuntu/spark-2.1.1-bin-hadoop2.7/jars/jul-to-slf4j-1.7.16.jar:/home/ubuntu/spark-2.1.1-bin-hadoop2.7/jars/hadoop-mapreduce-client-shuffle-2.7.3.jar:/home/ubuntu/spark-2.1.1-bin-hadoop2.7/jars/libfb303-0.9.3.jar:/home/ubuntu/spark-2.1.1-bin-hadoop2.7/jars/jdo-api-3.0.1.jar:/home/ubuntu/spark-2.1.1-bin-hadoop2.7/jars/jersey-guava-2.22.2.jar:/home/ubuntu/spark-2.1.1-bin-hadoop2.7/jars/arpack_combined_all-0.1.jar:/home/ubuntu/spark-2.1.1-bin-hadoop2.7/jars/scala-parser-combinators_2.11-1.0.4.jar:/home/ubuntu/spark-2.1.1-bin-hadoop2.7/jars/chill_2.11-0.8.0.jar:/home/ubuntu/spark-2.1.1-bin-hadoop2.7/jars/javax.annotation-api-1.2.jar:/home/ubuntu/spark-2.1.1-bin-hadoop2.7/jars/joda-time-2.9.3.jar:/home/ubuntu/spark-2.1.1-bin-hadoop2.7/jars/antlr-runtime-3.4.jar:/home/u
Launcher Type: SUN_STANDARD

Environment Variables:
PATH=/home/ubuntu/.local/bin:/home/ubuntu/bin:/home/ubuntu/.local/bin:/usr/local/sbin:/usr/local/bin:/usr/sbin:/usr/bin:/sbin:/bin:/usr/games:/usr/local/games:/snap/bin
SHELL=/bin/bash

Signal Handlers:
SIGSEGV: [libjvm.so+0xa71a30], sa_mask[0]=11111111011111111101111111111110, sa_flags=SA_RESTART|SA_SIGINFO
SIGBUS: [libjvm.so+0xa71a30], sa_mask[0]=11111111011111111101111111111110, sa_flags=SA_RESTART|SA_SIGINFO
SIGFPE: [libjvm.so+0x8b8f40], sa_mask[0]=11111111011111111101111111111110, sa_flags=SA_RESTART|SA_SIGINFO
SIGPIPE: [libjvm.so+0x8b8f40], sa_mask[0]=11111111011111111101111111111110, sa_flags=SA_RESTART|SA_SIGINFO
SIGXFSZ: [libjvm.so+0x8b8f40], sa_mask[0]=11111111011111111101111111111110, sa_flags=SA_RESTART|SA_SIGINFO
SIGILL: [libjvm.so+0x8b8f40], sa_mask[0]=11111111011111111101111111111110, sa_flags=SA_RESTART|SA_SIGINFO
SIGUSR1: SIG_DFL, sa_mask[0]=00000000000000000000000000000000, sa_flags=none
SIGUSR2: [libjvm.so+0x8b8df0], sa_mask[0]=00000000000000000000000000000000, sa_flags=SA_RESTART|SA_SIGINFO
SIGHUP: [libjvm.so+0x8b92c0], sa_mask[0]=11111111011111111101111111111110, sa_flags=SA_RESTART|SA_SIGINFO
SIGINT: SIG_IGN, sa_mask[0]=00000000000000000000000000000000, sa_flags=none
SIGTERM: [libjvm.so+0x8b92c0], sa_mask[0]=11111111011111111101111111111110, sa_flags=SA_RESTART|SA_SIGINFO
SIGQUIT: [libjvm.so+0x8b92c0], sa_mask[0]=11111111011111111101111111111110, sa_flags=SA_RESTART|SA_SIGINFO


---------------  S Y S T E M  ---------------

OS:DISTRIB_ID=Ubuntu
DISTRIB_RELEASE=16.04
DISTRIB_CODENAME=xenial
DISTRIB_DESCRIPTION="Ubuntu 16.04.4 LTS"

uname:Linux 4.4.0-1065-aws #75-Ubuntu SMP Fri Aug 10 11:14:32 UTC 2018 x86_64
libc:glibc 2.23 NPTL 2.23 
rlimit: STACK 8192k, CORE 0k, NPROC 3900, NOFILE 1048576, AS infinity
load average:1.24 0.81 0.64

/proc/meminfo:
MemTotal:        1014500 kB
MemFree:           61164 kB
MemAvailable:        248 kB
Buffers:             236 kB
Cached:            10592 kB
SwapCached:            0 kB
Active:           876092 kB
Inactive:           7700 kB
Active(anon):     875812 kB
Inactive(anon):     4004 kB
Active(file):        280 kB
Inactive(file):     3696 kB
Unevictable:        3652 kB
Mlocked:            3652 kB
SwapTotal:             0 kB
SwapFree:              0 kB
Dirty:                56 kB
Writeback:             0 kB
AnonPages:        876680 kB
Mapped:             5256 kB
Shmem:              4364 kB
Slab:              33660 kB
SReclaimable:      17016 kB
SUnreclaim:        16644 kB
KernelStack:        3536 kB
PageTables:         6452 kB
NFS_Unstable:          0 kB
Bounce:                0 kB
WritebackTmp:          0 kB
CommitLimit:      507248 kB
Committed_AS:    1268968 kB
VmallocTotal:   34359738367 kB
VmallocUsed:           0 kB
VmallocChunk:          0 kB
HardwareCorrupted:     0 kB
AnonHugePages:    288768 kB
CmaTotal:              0 kB
CmaFree:               0 kB
HugePages_Total:       0
HugePages_Free:        0
HugePages_Rsvd:        0
HugePages_Surp:        0
Hugepagesize:       2048 kB
DirectMap4k:       40960 kB
DirectMap2M:     1007616 kB


CPU:total 1 (initial active 1) (1 cores per cpu, 1 threads per core) family 6 model 63 stepping 2, cmov, cx8, fxsr, mmx, sse, sse2, sse3, ssse3, sse4.1, sse4.2, popcnt, avx, avx2, aes, clmul, erms, lzcnt, tsc, bmi1, bmi2

/proc/cpuinfo:
processor	: 0
vendor_id	: GenuineIntel
cpu family	: 6
model		: 63
model name	: Intel(R) Xeon(R) CPU E5-2676 v3 @ 2.40GHz
stepping	: 2
microcode	: 0x3c
cpu MHz		: 2400.056
cache size	: 30720 KB
physical id	: 0
siblings	: 1
core id		: 0
cpu cores	: 1
apicid		: 0
initial apicid	: 0
fpu		: yes
fpu_exception	: yes
cpuid level	: 13
wp		: yes
flags		: fpu vme de pse tsc msr pae mce cx8 apic sep mtrr pge mca cmov pat pse36 clflush mmx fxsr sse sse2 ht syscall nx rdtscp lm constant_tsc rep_good nopl xtopology eagerfpu pni pclmulqdq ssse3 fma cx16 pcid sse4_1 sse4_2 x2apic movbe popcnt tsc_deadline_timer aes xsave avx f16c rdrand hypervisor lahf_lm abm invpcid_single kaiser fsgsbase bmi1 avx2 smep bmi2 erms invpcid xsaveopt
bugs		: cpu_meltdown spectre_v1 spectre_v2 spec_store_bypass l1tf
bogomips	: 4800.11
clflush size	: 64
cache_alignment	: 64
address sizes	: 46 bits physical, 48 bits virtual
power management:



Memory: 4k page, physical 1014500k(61164k free), swap 0k(0k free)

vm_info: OpenJDK 64-Bit Server VM (25.181-b13) for linux-amd64 JRE (1.8.0_181-8u181-b13-0ubuntu0.16.04.1-b13), built on Jul 30 2018 21:06:27 by "buildd" with gcc 5.4.0 20160609

time: Sat Oct 13 04:24:49 2018
elapsed time: 9288 seconds (0d 2h 34m 48s)

