#
# There is insufficient memory for the Java Runtime Environment to continue.
# Native memory allocation (mmap) failed to map 65536 bytes for committing reserved memory.
# Possible reasons:
#   The system is out of physical RAM or swap space
#   In 32 bit mode, the process size limit was hit
# Possible solutions:
#   Reduce memory load on the system
#   Increase physical memory or swap space
#   Check if swap backing store is full
#   Use 64 bit Java on a 64 bit OS
#   Decrease Java heap size (-Xmx/-Xms)
#   Decrease number of Java threads
#   Decrease Java thread stack sizes (-Xss)
#   Set larger code cache with -XX:ReservedCodeCacheSize=
# This output file may be truncated or incomplete.
#
#  Out of Memory Error (os_linux.cpp:2643), pid=10734, tid=0x00007f336077c700
#
# JRE version: OpenJDK Runtime Environment (8.0_181-b13) (build 1.8.0_181-8u181-b13-0ubuntu0.16.04.1-b13)
# Java VM: OpenJDK 64-Bit Server VM (25.181-b13 mixed mode linux-amd64 compressed oops)
# Failed to write core dump. Core dumps have been disabled. To enable core dumping, try "ulimit -c unlimited" before starting Java again
#

---------------  T H R E A D  ---------------

Current thread (0x00007f335c0b5800):  JavaThread "C2 CompilerThread0" daemon [_thread_in_vm, id=10752, stack(0x00007f336067c000,0x00007f336077d000)]

Stack: [0x00007f336067c000,0x00007f336077d000],  sp=0x00007f3360779d90,  free space=1015k
Native frames: (J=compiled Java code, j=interpreted, Vv=VM code, C=native code)
V  [libjvm.so+0xa70edb]
V  [libjvm.so+0x4c893c]
V  [libjvm.so+0x8bda08]
V  [libjvm.so+0x8b7d9e]
V  [libjvm.so+0xa6d7c4]
V  [libjvm.so+0x5eb2bd]
V  [libjvm.so+0x449de6]
V  [libjvm.so+0x88d3b8]
V  [libjvm.so+0x3e07ff]
V  [libjvm.so+0x46d80d]
V  [libjvm.so+0x3baf21]
V  [libjvm.so+0x4787db]
V  [libjvm.so+0x47a617]
V  [libjvm.so+0xa15547]
V  [libjvm.so+0xa15a0c]
V  [libjvm.so+0x8bae12]
C  [libpthread.so.0+0x76ba]  start_thread+0xca


Current CompileTask:
C2:20032079 22454       4       py4j.commands.MemoryCommand::execute (92 bytes)


---------------  P R O C E S S  ---------------

Java Threads: ( => current thread )
  0x00007f3344019800 JavaThread "process reaper" daemon [_thread_blocked, id=12224, stack(0x00007f334c04a000,0x00007f334c083000)]
  0x00007f334820d000 JavaThread "block-manager-slave-async-thread-pool-235" daemon [_thread_blocked, id=12222, stack(0x00007f332541d000,0x00007f332551e000)]
  0x00007f334004f800 JavaThread "block-manager-slave-async-thread-pool-234" daemon [_thread_blocked, id=12221, stack(0x00007f3323ac4000,0x00007f3323bc5000)]
  0x00007f334820c000 JavaThread "block-manager-slave-async-thread-pool-233" daemon [_thread_blocked, id=12220, stack(0x00007f3324419000,0x00007f332451a000)]
  0x00007f3348279000 JavaThread "block-manager-slave-async-thread-pool-232" daemon [_thread_blocked, id=12219, stack(0x00007f3326823000,0x00007f3326924000)]
  0x00007f334004d000 JavaThread "block-manager-slave-async-thread-pool-231" daemon [_thread_blocked, id=12218, stack(0x00007f3326722000,0x00007f3326823000)]
  0x00007f3348277800 JavaThread "block-manager-ask-thread-pool-75" daemon [_thread_blocked, id=12217, stack(0x00007f3325e1f000,0x00007f3325f20000)]
  0x00007f334002b000 JavaThread "Executor task launch worker for task 1165" daemon [_thread_blocked, id=12216, stack(0x00007f3325d1e000,0x00007f3325e1f000)]
  0x00007f3330a3a000 JavaThread "Thread-18" [_thread_in_native, id=11075, stack(0x00007f3328227000,0x00007f3328328000)]
  0x00007f333406b800 JavaThread "Idle Worker Monitor for /usr/bin/python3" daemon [_thread_blocked, id=10804, stack(0x00007f3326924000,0x00007f3326a25000)]
  0x00007f334003e800 JavaThread "task-result-getter-3" daemon [_thread_blocked, id=10802, stack(0x00007f3326e25000,0x00007f3326f26000)]
  0x00007f334003d000 JavaThread "task-result-getter-2" daemon [_thread_blocked, id=10801, stack(0x00007f3328126000,0x00007f3328227000)]
  0x00007f33480ce000 JavaThread "task-result-getter-1" daemon [_thread_blocked, id=10796, stack(0x00007f332862b000,0x00007f332872c000)]
  0x00007f3340034800 JavaThread "task-result-getter-0" daemon [_thread_blocked, id=10795, stack(0x00007f332892c000,0x00007f3328a2d000)]
  0x00007f333db10000 JavaThread "org.apache.hadoop.fs.FileSystem$Statistics$StatisticsDataReferenceCleaner" daemon [_thread_blocked, id=10793, stack(0x00007f332903a000,0x00007f332913b000)]
  0x00007f333cb83800 JavaThread "SparkListenerBus" daemon [_thread_blocked, id=10791, stack(0x00007f332989f000,0x00007f33299a0000)]
  0x00007f333cb69800 JavaThread "context-cleaner-periodic-gc" daemon [_thread_blocked, id=10790, stack(0x00007f33299a0000,0x00007f3329aa1000)]
  0x00007f333cb68000 JavaThread "Spark Context Cleaner" daemon [_thread_blocked, id=10789, stack(0x00007f3329aa1000,0x00007f3329ba2000)]
  0x00007f333c64c800 JavaThread "shuffle-server-5-1" daemon [_thread_in_native, id=10788, stack(0x00007f3329da2000,0x00007f3329ea3000)]
  0x00007f333c5ae800 JavaThread "driver-heartbeater" daemon [_thread_blocked, id=10787, stack(0x00007f3329ea3000,0x00007f3329fa4000)]
  0x00007f333c59b800 JavaThread "dag-scheduler-event-loop" daemon [_thread_blocked, id=10786, stack(0x00007f3329fa4000,0x00007f332a0a5000)]
  0x0000000000e2c800 JavaThread "netty-rpc-env-timeout" daemon [_thread_blocked, id=10785, stack(0x00007f332a0a5000,0x00007f332a1a6000)]
  0x00007f333c5b5800 JavaThread "Timer-0" daemon [_thread_blocked, id=10784, stack(0x00007f332a1a6000,0x00007f332a2a7000)]
  0x00007f3348071000 JavaThread "heartbeat-receiver-event-loop-thread" daemon [_thread_blocked, id=10783, stack(0x00007f332a2a7000,0x00007f332a3a8000)]
  0x00007f333c61a800 JavaThread "SparkUI-37" daemon [_thread_blocked, id=10782, stack(0x00007f332a3a8000,0x00007f332a4a9000)]
  0x00007f333c619000 JavaThread "SparkUI-36" daemon [_thread_blocked, id=10781, stack(0x00007f332a4a9000,0x00007f332a5aa000)]
  0x00007f333c617800 JavaThread "SparkUI-35" daemon [_thread_blocked, id=10780, stack(0x00007f332a5aa000,0x00007f332a6ab000)]
  0x00007f333c615800 JavaThread "SparkUI-34" daemon [_thread_blocked, id=10779, stack(0x00007f332a6ab000,0x00007f332a7ac000)]
  0x00007f333c613800 JavaThread "SparkUI-33" daemon [_thread_blocked, id=10778, stack(0x00007f332a7ac000,0x00007f332a8ad000)]
  0x00007f333c609000 JavaThread "SparkUI-32" daemon [_thread_blocked, id=10777, stack(0x00007f332a8ad000,0x00007f332a9ae000)]
  0x00007f333c607800 JavaThread "SparkUI-31-acceptor-0@619024fa-Spark@6f57d6b8{HTTP/1.1}{0.0.0.0:4040}" daemon [_thread_in_native, id=10776, stack(0x00007f332a9ae000,0x00007f332aaaf000)]
  0x00007f333c600800 JavaThread "SparkUI-30-selector-ServerConnectorManager@3ad05238/0" daemon [_thread_in_native, id=10775, stack(0x00007f332aaaf000,0x00007f332abb0000)]
  0x00007f333c7b9800 JavaThread "refresh progress" daemon [_thread_blocked, id=10773, stack(0x00007f332adb0000,0x00007f332aeb1000)]
  0x00007f333c318800 JavaThread "map-output-dispatcher-7" daemon [_thread_blocked, id=10772, stack(0x00007f332b0b1000,0x00007f332b1b2000)]
  0x00007f333c316800 JavaThread "map-output-dispatcher-6" daemon [_thread_blocked, id=10771, stack(0x00007f332b1b2000,0x00007f332b2b3000)]
  0x00007f333c315000 JavaThread "map-output-dispatcher-5" daemon [_thread_blocked, id=10770, stack(0x00007f332b2b3000,0x00007f332b3b4000)]
  0x00007f333c598800 JavaThread "map-output-dispatcher-4" daemon [_thread_blocked, id=10769, stack(0x00007f332b3b4000,0x00007f332b4b5000)]
  0x00007f333c597000 JavaThread "map-output-dispatcher-3" daemon [_thread_blocked, id=10768, stack(0x00007f332b4b5000,0x00007f332b5b6000)]
  0x00007f333c595800 JavaThread "map-output-dispatcher-2" daemon [_thread_blocked, id=10767, stack(0x00007f332b5b6000,0x00007f332b6b7000)]
  0x00007f333c599800 JavaThread "map-output-dispatcher-1" daemon [_thread_blocked, id=10766, stack(0x00007f332b6b7000,0x00007f332b7b8000)]
  0x00007f333c40d800 JavaThread "map-output-dispatcher-0" daemon [_thread_blocked, id=10765, stack(0x00007f332b7b8000,0x00007f332b8b9000)]
  0x00007f333c4e8800 JavaThread "rpc-server-3-1" daemon [_thread_in_native, id=10764, stack(0x00007f332b8b9000,0x00007f332b9ba000)]
  0x00007f333c412800 JavaThread "dispatcher-event-loop-1" daemon [_thread_blocked, id=10763, stack(0x00007f332bdcd000,0x00007f332bece000)]
  0x00007f333c412000 JavaThread "dispatcher-event-loop-0" daemon [_thread_blocked, id=10762, stack(0x00007f332c6f2000,0x00007f332c7f3000)]
  0x00007f333030b000 JavaThread "Thread-2" [_thread_blocked, id=10758, stack(0x00007f332cdfd000,0x00007f332cefe000)]
  0x00007f335cdbd000 JavaThread "Thread-1" [_thread_in_native, id=10757, stack(0x00007f332cefe000,0x00007f332cfff000)]
  0x00007f335cdae000 JavaThread "pool-1-thread-1" [_thread_blocked, id=10756, stack(0x00007f334c083000,0x00007f334c184000)]
  0x00007f335c0bb000 JavaThread "Service Thread" daemon [_thread_blocked, id=10754, stack(0x00007f336047a000,0x00007f336057b000)]
  0x00007f335c0b7800 JavaThread "C1 CompilerThread1" daemon [_thread_blocked, id=10753, stack(0x00007f336057b000,0x00007f336067c000)]
=>0x00007f335c0b5800 JavaThread "C2 CompilerThread0" daemon [_thread_in_vm, id=10752, stack(0x00007f336067c000,0x00007f336077d000)]
  0x00007f335c0b4000 JavaThread "Signal Dispatcher" daemon [_thread_blocked, id=10751, stack(0x00007f336077d000,0x00007f336087e000)]
  0x00007f335c082000 JavaThread "Finalizer" daemon [_thread_blocked, id=10750, stack(0x00007f3360a16000,0x00007f3360b17000)]
  0x00007f335c07d000 JavaThread "Reference Handler" daemon [_thread_blocked, id=10749, stack(0x00007f3360b17000,0x00007f3360c18000)]
  0x00007f335c011800 JavaThread "main" [_thread_in_native, id=10747, stack(0x00007f336541c000,0x00007f336551d000)]

Other Threads:
  0x00007f335c075800 VMThread [stack: 0x00007f3360c18000,0x00007f3360d19000] [id=10748]
  0x00007f335c0bd800 WatcherThread [stack: 0x00007f3360379000,0x00007f336047a000] [id=10755]

VM state:not at safepoint (normal execution)

VM Mutex/Monitor currently owned by a thread:  ([mutex/lock_event])
[0x00007f335c00cfe0] CodeCache_lock - owner thread: 0x00007f335c0b5800
[0x00007f335c00e660] Compile_lock - owner thread: 0x00007f335c0b5800
[0x00007f335c00e760] MethodCompileQueue_lock - owner thread: 0x00007f335c0b5800

Heap:
 def new generation   total 68288K, used 9742K [0x00000000c0000000, 0x00000000c4a10000, 0x00000000d5550000)
  eden space 60736K,  13% used [0x00000000c0000000, 0x00000000c0832ee0, 0x00000000c3b50000)
  from space 7552K,  17% used [0x00000000c3b50000, 0x00000000c3ca0b30, 0x00000000c42b0000)
  to   space 7552K,   0% used [0x00000000c42b0000, 0x00000000c42b0000, 0x00000000c4a10000)
 tenured generation   total 151560K, used 46859K [0x00000000d5550000, 0x00000000de952000, 0x0000000100000000)
   the space 151560K,  30% used [0x00000000d5550000, 0x00000000d8312f50, 0x00000000d8313000, 0x00000000de952000)
 Metaspace       used 101691K, capacity 103733K, committed 104792K, reserved 1140736K
  class space    used 12931K, capacity 13198K, committed 13400K, reserved 1048576K

Card table byte_map: [0x00007f33618b4000,0x00007f3361ab5000] byte_map_base: 0x00007f33612b4000

Polling page: 0x00007f3365528000

CodeCache: size=245760Kb used=61910Kb max_used=61990Kb free=183849Kb
 bounds [0x00007f334d000000, 0x00007f3350d00000, 0x00007f335c000000]
 total_blobs=17001 nmethods=16185 adapters=723
 compilation: enabled

Compilation events (10 events):
Event: 19982.216 Thread 0x00007f335c0b5800 nmethod 22453 0x00007f334e409d90 code [0x00007f334e409ee0, 0x00007f334e409f98]
Event: 19982.240 Thread 0x00007f335c0b5800 22454       4       py4j.commands.MemoryCommand::execute (92 bytes)
Event: 19982.255 Thread 0x00007f335c0b7800 22455       3       scala.reflect.internal.Names$NameOps::<init> (21 bytes)
Event: 19982.256 Thread 0x00007f335c0b7800 nmethod 22455 0x00007f334e5f8850 code [0x00007f334e5f89c0, 0x00007f334e5f8bf0]
Event: 19982.400 Thread 0x00007f335c0b7800 22457       3       java.net.InetSocketAddress::getPort (8 bytes)
Event: 19982.404 Thread 0x00007f335c0b7800 nmethod 22457 0x00007f33503a5350 code [0x00007f33503a54c0, 0x00007f33503a5690]
Event: 19982.404 Thread 0x00007f335c0b7800 22458       3       java.net.InetSocketAddress$InetSocketAddressHolder::access$400 (5 bytes)
Event: 19982.404 Thread 0x00007f335c0b7800 nmethod 22458 0x00007f33503a4fd0 code [0x00007f33503a5140, 0x00007f33503a5290]
Event: 19982.404 Thread 0x00007f335c0b7800 22459       3       java.net.InetSocketAddress::getAddress (8 bytes)
Event: 19982.404 Thread 0x00007f335c0b7800 nmethod 22459 0x00007f3350aa9f50 code [0x00007f3350aaa0c0, 0x00007f3350aaa290]

GC Heap History (10 events):
Event: 19981.666 GC heap before
{Heap before GC invocations=3954 (full 24):
 def new generation   total 68288K, used 61941K [0x00000000c0000000, 0x00000000c4a10000, 0x00000000d5550000)
  eden space 60736K, 100% used [0x00000000c0000000, 0x00000000c3b50000, 0x00000000c3b50000)
  from space 7552K,  15% used [0x00000000c42b0000, 0x00000000c43dd4e0, 0x00000000c4a10000)
  to   space 7552K,   0% used [0x00000000c3b50000, 0x00000000c3b50000, 0x00000000c42b0000)
 tenured generation   total 151560K, used 46859K [0x00000000d5550000, 0x00000000de952000, 0x0000000100000000)
   the space 151560K,  30% used [0x00000000d5550000, 0x00000000d8312f50, 0x00000000d8313000, 0x00000000de952000)
 Metaspace       used 101665K, capacity 103727K, committed 104792K, reserved 1140736K
  class space    used 12928K, capacity 13197K, committed 13400K, reserved 1048576K
Event: 19981.670 GC heap after
Heap after GC invocations=3955 (full 24):
 def new generation   total 68288K, used 855K [0x00000000c0000000, 0x00000000c4a10000, 0x00000000d5550000)
  eden space 60736K,   0% used [0x00000000c0000000, 0x00000000c0000000, 0x00000000c3b50000)
  from space 7552K,  11% used [0x00000000c3b50000, 0x00000000c3c25f68, 0x00000000c42b0000)
  to   space 7552K,   0% used [0x00000000c42b0000, 0x00000000c42b0000, 0x00000000c4a10000)
 tenured generation   total 151560K, used 46859K [0x00000000d5550000, 0x00000000de952000, 0x0000000100000000)
   the space 151560K,  30% used [0x00000000d5550000, 0x00000000d8312f50, 0x00000000d8313000, 0x00000000de952000)
 Metaspace       used 101665K, capacity 103727K, committed 104792K, reserved 1140736K
  class space    used 12928K, capacity 13197K, committed 13400K, reserved 1048576K
}
Event: 19981.815 GC heap before
{Heap before GC invocations=3955 (full 24):
 def new generation   total 68288K, used 57760K [0x00000000c0000000, 0x00000000c4a10000, 0x00000000d5550000)
  eden space 60736K,  93% used [0x00000000c0000000, 0x00000000c37923f0, 0x00000000c3b50000)
  from space 7552K,  11% used [0x00000000c3b50000, 0x00000000c3c25f68, 0x00000000c42b0000)
  to   space 7552K,   0% used [0x00000000c42b0000, 0x00000000c42b0000, 0x00000000c4a10000)
 tenured generation   total 151560K, used 46859K [0x00000000d5550000, 0x00000000de952000, 0x0000000100000000)
   the space 151560K,  30% used [0x00000000d5550000, 0x00000000d8312f50, 0x00000000d8313000, 0x00000000de952000)
 Metaspace       used 101665K, capacity 103727K, committed 104792K, reserved 1140736K
  class space    used 12928K, capacity 13197K, committed 13400K, reserved 1048576K
Event: 19981.819 GC heap after
Heap after GC invocations=3956 (full 24):
 def new generation   total 68288K, used 646K [0x00000000c0000000, 0x00000000c4a10000, 0x00000000d5550000)
  eden space 60736K,   0% used [0x00000000c0000000, 0x00000000c0000000, 0x00000000c3b50000)
  from space 7552K,   8% used [0x00000000c42b0000, 0x00000000c43519c0, 0x00000000c4a10000)
  to   space 7552K,   0% used [0x00000000c3b50000, 0x00000000c3b50000, 0x00000000c42b0000)
 tenured generation   total 151560K, used 46859K [0x00000000d5550000, 0x00000000de952000, 0x0000000100000000)
   the space 151560K,  30% used [0x00000000d5550000, 0x00000000d8312f50, 0x00000000d8313000, 0x00000000de952000)
 Metaspace       used 101665K, capacity 103727K, committed 104792K, reserved 1140736K
  class space    used 12928K, capacity 13197K, committed 13400K, reserved 1048576K
}
Event: 19981.947 GC heap before
{Heap before GC invocations=3956 (full 24):
 def new generation   total 68288K, used 61382K [0x00000000c0000000, 0x00000000c4a10000, 0x00000000d5550000)
  eden space 60736K, 100% used [0x00000000c0000000, 0x00000000c3b50000, 0x00000000c3b50000)
  from space 7552K,   8% used [0x00000000c42b0000, 0x00000000c43519c0, 0x00000000c4a10000)
  to   space 7552K,   0% used [0x00000000c3b50000, 0x00000000c3b50000, 0x00000000c42b0000)
 tenured generation   total 151560K, used 46859K [0x00000000d5550000, 0x00000000de952000, 0x0000000100000000)
   the space 151560K,  30% used [0x00000000d5550000, 0x00000000d8312f50, 0x00000000d8313000, 0x00000000de952000)
 Metaspace       used 101669K, capacity 103733K, committed 104792K, reserved 1140736K
  class space    used 12929K, capacity 13198K, committed 13400K, reserved 1048576K
Event: 19981.965 GC heap after
Heap after GC invocations=3957 (full 24):
 def new generation   total 68288K, used 1101K [0x00000000c0000000, 0x00000000c4a10000, 0x00000000d5550000)
  eden space 60736K,   0% used [0x00000000c0000000, 0x00000000c0000000, 0x00000000c3b50000)
  from space 7552K,  14% used [0x00000000c3b50000, 0x00000000c3c635e0, 0x00000000c42b0000)
  to   space 7552K,   0% used [0x00000000c42b0000, 0x00000000c42b0000, 0x00000000c4a10000)
 tenured generation   total 151560K, used 46859K [0x00000000d5550000, 0x00000000de952000, 0x0000000100000000)
   the space 151560K,  30% used [0x00000000d5550000, 0x00000000d8312f50, 0x00000000d8313000, 0x00000000de952000)
 Metaspace       used 101669K, capacity 103733K, committed 104792K, reserved 1140736K
  class space    used 12929K, capacity 13198K, committed 13400K, reserved 1048576K
}
Event: 19982.061 GC heap before
{Heap before GC invocations=3957 (full 24):
 def new generation   total 68288K, used 61837K [0x00000000c0000000, 0x00000000c4a10000, 0x00000000d5550000)
  eden space 60736K, 100% used [0x00000000c0000000, 0x00000000c3b50000, 0x00000000c3b50000)
  from space 7552K,  14% used [0x00000000c3b50000, 0x00000000c3c635e0, 0x00000000c42b0000)
  to   space 7552K,   0% used [0x00000000c42b0000, 0x00000000c42b0000, 0x00000000c4a10000)
 tenured generation   total 151560K, used 46859K [0x00000000d5550000, 0x00000000de952000, 0x0000000100000000)
   the space 151560K,  30% used [0x00000000d5550000, 0x00000000d8312f50, 0x00000000d8313000, 0x00000000de952000)
 Metaspace       used 101669K, capacity 103733K, committed 104792K, reserved 1140736K
  class space    used 12929K, capacity 13198K, committed 13400K, reserved 1048576K
Event: 19982.064 GC heap after
Heap after GC invocations=3958 (full 24):
 def new generation   total 68288K, used 918K [0x00000000c0000000, 0x00000000c4a10000, 0x00000000d5550000)
  eden space 60736K,   0% used [0x00000000c0000000, 0x00000000c0000000, 0x00000000c3b50000)
  from space 7552K,  12% used [0x00000000c42b0000, 0x00000000c4395b98, 0x00000000c4a10000)
  to   space 7552K,   0% used [0x00000000c3b50000, 0x00000000c3b50000, 0x00000000c42b0000)
 tenured generation   total 151560K, used 46859K [0x00000000d5550000, 0x00000000de952000, 0x0000000100000000)
   the space 151560K,  30% used [0x00000000d5550000, 0x00000000d8312f50, 0x00000000d8313000, 0x00000000de952000)
 Metaspace       used 101669K, capacity 103733K, committed 104792K, reserved 1140736K
  class space    used 12929K, capacity 13198K, committed 13400K, reserved 1048576K
}
Event: 19982.371 GC heap before
{Heap before GC invocations=3958 (full 24):
 def new generation   total 68288K, used 61654K [0x00000000c0000000, 0x00000000c4a10000, 0x00000000d5550000)
  eden space 60736K, 100% used [0x00000000c0000000, 0x00000000c3b50000, 0x00000000c3b50000)
  from space 7552K,  12% used [0x00000000c42b0000, 0x00000000c4395b98, 0x00000000c4a10000)
  to   space 7552K,   0% used [0x00000000c3b50000, 0x00000000c3b50000, 0x00000000c42b0000)
 tenured generation   total 151560K, used 46859K [0x00000000d5550000, 0x00000000de952000, 0x0000000100000000)
   the space 151560K,  30% used [0x00000000d5550000, 0x00000000d8312f50, 0x00000000d8313000, 0x00000000de952000)
 Metaspace       used 101674K, capacity 103733K, committed 104792K, reserved 1140736K
  class space    used 12929K, capacity 13198K, committed 13400K, reserved 1048576K
Event: 19982.385 GC heap after
Heap after GC invocations=3959 (full 24):
 def new generation   total 68288K, used 1346K [0x00000000c0000000, 0x00000000c4a10000, 0x00000000d5550000)
  eden space 60736K,   0% used [0x00000000c0000000, 0x00000000c0000000, 0x00000000c3b50000)
  from space 7552K,  17% used [0x00000000c3b50000, 0x00000000c3ca0b30, 0x00000000c42b0000)
  to   space 7552K,   0% used [0x00000000c42b0000, 0x00000000c42b0000, 0x00000000c4a10000)
 tenured generation   total 151560K, used 46859K [0x00000000d5550000, 0x00000000de952000, 0x0000000100000000)
   the space 151560K,  30% used [0x00000000d5550000, 0x00000000d8312f50, 0x00000000d8313000, 0x00000000de952000)
 Metaspace       used 101674K, capacity 103733K, committed 104792K, reserved 1140736K
  class space    used 12929K, capacity 13198K, committed 13400K, reserved 1048576K
}

Deoptimization events (10 events):
Event: 19023.887 Thread 0x00007f333c61a800 Uncommon trap: reason=unstable_if action=reinterpret pc=0x00007f334e0f5874 method=java.util.concurrent.locks.AbstractQueuedSynchronizer$ConditionObject.addConditionWaiter()Ljava/util/concurrent/locks/AbstractQueuedSynchronizer$Node; @ 15
Event: 19023.919 Thread 0x00007f333c615800 Uncommon trap: reason=unstable_if action=reinterpret pc=0x00007f334e0f5750 method=java.util.concurrent.locks.AbstractQueuedSynchronizer.acquireQueued(Ljava/util/concurrent/locks/AbstractQueuedSynchronizer$Node;I)Z @ 17
Event: 19024.887 Thread 0x00007f333c617800 Uncommon trap: reason=unstable_if action=reinterpret pc=0x00007f334ed54270 method=java.util.concurrent.locks.ReentrantLock$Sync.nonfairTryAcquire(I)Z @ 34
Event: 19026.184 Thread 0x00007f333c615800 Uncommon trap: reason=unstable_if action=reinterpret pc=0x00007f334eca9ef0 method=java.util.concurrent.locks.ReentrantLock$Sync.nonfairTryAcquire(I)Z @ 34
Event: 19038.566 Thread 0x0000000000e2c800 Uncommon trap: reason=unstable_if action=reinterpret pc=0x00007f334d5da18c method=java.util.concurrent.locks.AbstractQueuedSynchronizer$ConditionObject.addConditionWaiter()Ljava/util/concurrent/locks/AbstractQueuedSynchronizer$Node; @ 15
Event: 19039.011 Thread 0x00007f333c5ae800 Uncommon trap: reason=unstable_if action=reinterpret pc=0x00007f334d81b6b8 method=java.util.concurrent.locks.ReentrantLock$Sync.nonfairTryAcquire(I)Z @ 34
Event: 19068.482 Thread 0x00007f333c5ae800 Uncommon trap: reason=unstable_if action=reinterpret pc=0x00007f334e1c57e0 method=scala.concurrent.impl.Promise$DefaultPromise.scala$concurrent$impl$Promise$DefaultPromise$$dispatchOrAddCallback(Lscala/concurrent/impl/CallbackRunnable;)V @ 72
Event: 19078.888 Thread 0x00007f333030b000 Uncommon trap: reason=unstable_if action=reinterpret pc=0x00007f334e6c0138 method=sun.nio.cs.StreamDecoder.implRead([CII)I @ 87
Event: 19078.956 Thread 0x00007f333030b000 Uncommon trap: reason=unstable_if action=reinterpret pc=0x00007f334e467608 method=java.io.BufferedReader.readLine(Z)Ljava/lang/String; @ 137
Event: 19079.292 Thread 0x00007f333030b000 Uncommon trap: reason=unstable_if action=reinterpret pc=0x00007f3350a94e60 method=java.io.BufferedReader.readLine(Z)Ljava/lang/String; @ 192

Classes redefined (0 events):
No events

Internal exceptions (10 events):
Event: 18651.965 Thread 0x00007f3334123800 Implicit null exception at 0x00007f334d3d116c to 0x00007f334d3d11b2
Event: 18653.242 Thread 0x00007f334002b000 Exception <a 'java/lang/ClassCastException': org.apache.spark.ml.linalg.DenseVector cannot be cast to java.lang.Iterable> (0x00000000c08afb38) thrown at [/build/openjdk-8-pREaNj/openjdk-8-8u181-b13/src/hotspot/src/share/vm/interpreter/interpreterRuntime.c
Event: 18653.260 Thread 0x00007f333030b000 Exception <a 'java/lang/reflect/InvocationTargetException'> (0x00000000c0ad76e8) thrown at [/build/openjdk-8-pREaNj/openjdk-8-8u181-b13/src/hotspot/src/share/vm/runtime/reflection.cpp, line 1092]
Event: 18653.376 Thread 0x00007f3334124800 Exception <a 'java/net/SocketException': Socket closed> (0x00000000c21dd7a0) thrown at [/build/openjdk-8-pREaNj/openjdk-8-8u181-b13/src/hotspot/src/share/vm/prims/jni.cpp, line 735]
Event: 18850.215 Thread 0x00007f3348277800 Exception <a 'java/lang/NoSuchMethodError': <clinit>> (0x00000000c385c688) thrown at [/build/openjdk-8-pREaNj/openjdk-8-8u181-b13/src/hotspot/src/share/vm/prims/jni.cpp, line 1613]
Event: 18860.508 Thread 0x00007f3348277800 Exception <a 'java/lang/ClassCastException': org.apache.spark.ml.linalg.DenseVector cannot be cast to java.lang.Iterable> (0x00000000c0c4e110) thrown at [/build/openjdk-8-pREaNj/openjdk-8-8u181-b13/src/hotspot/src/share/vm/interpreter/interpreterRuntime.c
Event: 18860.518 Thread 0x00007f333030b000 Exception <a 'java/lang/reflect/InvocationTargetException'> (0x00000000c0e77f00) thrown at [/build/openjdk-8-pREaNj/openjdk-8-8u181-b13/src/hotspot/src/share/vm/runtime/reflection.cpp, line 1092]
Event: 18860.556 Thread 0x00007f3330594000 Exception <a 'java/net/SocketException': Socket closed> (0x00000000c167b090) thrown at [/build/openjdk-8-pREaNj/openjdk-8-8u181-b13/src/hotspot/src/share/vm/prims/jni.cpp, line 735]
Event: 19079.323 Thread 0x00007f333030b000 Exception <a 'java/lang/reflect/InvocationTargetException'> (0x00000000c0fffc40) thrown at [/build/openjdk-8-pREaNj/openjdk-8-8u181-b13/src/hotspot/src/share/vm/runtime/reflection.cpp, line 1092]
Event: 19982.409 Thread 0x00007f334002b000 Exception <a 'java/net/ConnectException'> (0x00000000c06406f8) thrown at [/build/openjdk-8-pREaNj/openjdk-8-8u181-b13/src/hotspot/src/share/vm/prims/jni.cpp, line 709]

Events (10 events):
Event: 19982.417 loading class org/apache/spark/api/python/PythonWorkerFactory$$anonfun$liftedTree1$1$2 done
Event: 19982.451 Thread 0x00007f3344019800 Thread added: 0x00007f3344019800
Event: 19995.173 Executing VM operation: BulkRevokeBias
Event: 20008.652 Executing VM operation: BulkRevokeBias done
Event: 20008.758 Executing VM operation: RevokeBias
Event: 20009.617 Executing VM operation: RevokeBias done
Event: 20012.926 loading class org/apache/spark/api/python/PythonWorkerFactory$$anonfun$3
Event: 20013.079 loading class org/apache/spark/api/python/PythonWorkerFactory$$anonfun$3 done
Event: 20030.978 loading class scala/io/Source$
Event: 20031.099 loading class scala/io/Source$ done


Dynamic libraries:
00400000-00401000 r-xp 00000000 ca:01 256949                             /usr/lib/jvm/java-8-openjdk-amd64/jre/bin/java
00600000-00601000 r--p 00000000 ca:01 256949                             /usr/lib/jvm/java-8-openjdk-amd64/jre/bin/java
00601000-00602000 rw-p 00001000 ca:01 256949                             /usr/lib/jvm/java-8-openjdk-amd64/jre/bin/java
00e09000-00f2f000 rw-p 00000000 00:00 0                                  [heap]
c0000000-c4a10000 rw-p 00000000 00:00 0 
c4a10000-d5550000 ---p 00000000 00:00 0 
d5550000-de952000 rw-p 00000000 00:00 0 
de952000-100000000 ---p 00000000 00:00 0 
100000000-100d16000 rw-p 00000000 00:00 0 
100d16000-140000000 ---p 00000000 00:00 0 
7f33234c0000-7f3323600000 rw-p 00000000 00:00 0 
7f3323600000-7f33236c3000 ---p 00000000 00:00 0 
7f33236c3000-7f33237c1000 rw-p 00000000 00:00 0 
7f33237c1000-7f33237c4000 ---p 00000000 00:00 0 
7f33237c4000-7f33238c2000 rw-p 00000000 00:00 0 
7f33238c2000-7f33238c5000 ---p 00000000 00:00 0 
7f33238c5000-7f33239c3000 rw-p 00000000 00:00 0 
7f33239c3000-7f33239c6000 ---p 00000000 00:00 0 
7f33239c6000-7f3323ac4000 rw-p 00000000 00:00 0 
7f3323ac4000-7f3323ac7000 ---p 00000000 00:00 0 
7f3323ac7000-7f3323dc5000 rw-p 00000000 00:00 0 
7f3323dc5000-7f3323e02000 r-xp 00000000 ca:01 1707                       /tmp/snappy-1.1.2-0e794ebf-1f18-42d8-adb6-176a311330b1-libsnappyjava.so
7f3323e02000-7f3324002000 ---p 0003d000 ca:01 1707                       /tmp/snappy-1.1.2-0e794ebf-1f18-42d8-adb6-176a311330b1-libsnappyjava.so
7f3324002000-7f3324005000 rw-p 0003d000 ca:01 1707                       /tmp/snappy-1.1.2-0e794ebf-1f18-42d8-adb6-176a311330b1-libsnappyjava.so
7f3324005000-7f3324217000 rw-p 00000000 00:00 0 
7f3324217000-7f332421a000 ---p 00000000 00:00 0 
7f332421a000-7f3324318000 rw-p 00000000 00:00 0 
7f3324318000-7f332431b000 ---p 00000000 00:00 0 
7f332431b000-7f3324419000 rw-p 00000000 00:00 0 
7f3324419000-7f332441c000 ---p 00000000 00:00 0 
7f332441c000-7f332471a000 rw-p 00000000 00:00 0 
7f332471a000-7f332471d000 ---p 00000000 00:00 0 
7f332471d000-7f3324a1b000 rw-p 00000000 00:00 0 
7f3324a1b000-7f3324c1b000 rw-p 00000000 00:00 0 
7f3324c1b000-7f3324e1b000 rw-p 00000000 00:00 0 
7f3324e1b000-7f332501b000 rw-p 00000000 00:00 0 
7f332501b000-7f332501e000 ---p 00000000 00:00 0 
7f332501e000-7f332511c000 rw-p 00000000 00:00 0 
7f332511c000-7f332511f000 ---p 00000000 00:00 0 
7f332511f000-7f332541d000 rw-p 00000000 00:00 0 
7f332541d000-7f3325420000 ---p 00000000 00:00 0 
7f3325420000-7f332571e000 rw-p 00000000 00:00 0 
7f332571e000-7f332591e000 rw-p 00000000 00:00 0 
7f332591e000-7f3325b1e000 rw-p 00000000 00:00 0 
7f3325b1e000-7f3325d1e000 rw-p 00000000 00:00 0 
7f3325d1e000-7f3325d21000 ---p 00000000 00:00 0 
7f3325d21000-7f3325e1f000 rw-p 00000000 00:00 0 
7f3325e1f000-7f3325e22000 ---p 00000000 00:00 0 
7f3325e22000-7f3326120000 rw-p 00000000 00:00 0 
7f3326120000-7f3326320000 rw-p 00000000 00:00 0 
7f3326320000-7f3326520000 rw-p 00000000 00:00 0 
7f3326520000-7f3326523000 ---p 00000000 00:00 0 
7f3326523000-7f3326621000 rw-p 00000000 00:00 0 
7f3326621000-7f3326624000 ---p 00000000 00:00 0 
7f3326624000-7f3326722000 rw-p 00000000 00:00 0 
7f3326722000-7f3326725000 ---p 00000000 00:00 0 
7f3326725000-7f3326823000 rw-p 00000000 00:00 0 
7f3326823000-7f3326826000 ---p 00000000 00:00 0 
7f3326826000-7f3326924000 rw-p 00000000 00:00 0 
7f3326924000-7f3326927000 ---p 00000000 00:00 0 
7f3326927000-7f3326c25000 rw-p 00000000 00:00 0 
7f3326c25000-7f3326e25000 rw-p 00000000 00:00 0 
7f3326e25000-7f3326e28000 ---p 00000000 00:00 0 
7f3326e28000-7f3327126000 rw-p 00000000 00:00 0 
7f3327126000-7f3327326000 rw-p 00000000 00:00 0 
7f3327326000-7f3327526000 rw-p 00000000 00:00 0 
7f3327526000-7f3327726000 rw-p 00000000 00:00 0 
7f3327726000-7f3327926000 rw-p 00000000 00:00 0 
7f3327926000-7f3327b26000 rw-p 00000000 00:00 0 
7f3327b26000-7f3327d26000 rw-p 00000000 00:00 0 
7f3327d26000-7f3327f26000 rw-p 00000000 00:00 0 
7f3327f26000-7f3328126000 rw-p 00000000 00:00 0 
7f3328126000-7f3328129000 ---p 00000000 00:00 0 
7f3328129000-7f3328227000 rw-p 00000000 00:00 0 
7f3328227000-7f332822a000 ---p 00000000 00:00 0 
7f332822a000-7f3328328000 rw-p 00000000 00:00 0 
7f3328328000-7f332832b000 ---p 00000000 00:00 0 
7f332832b000-7f3328429000 rw-p 00000000 00:00 0 
7f3328429000-7f332842c000 ---p 00000000 00:00 0 
7f332842c000-7f332852a000 rw-p 00000000 00:00 0 
7f332852a000-7f332852d000 ---p 00000000 00:00 0 
7f332852d000-7f332862b000 rw-p 00000000 00:00 0 
7f332862b000-7f332862e000 ---p 00000000 00:00 0 
7f332862e000-7f332892c000 rw-p 00000000 00:00 0 
7f332892c000-7f332892f000 ---p 00000000 00:00 0 
7f332892f000-7f3328c2d000 rw-p 00000000 00:00 0 
7f3328c2d000-7f3328c3a000 r-xp 00000000 ca:01 1705                       /tmp/liblz4-java8144490018209078103.so
7f3328c3a000-7f3328e39000 ---p 0000d000 ca:01 1705                       /tmp/liblz4-java8144490018209078103.so
7f3328e39000-7f3328e3a000 rw-p 0000c000 ca:01 1705                       /tmp/liblz4-java8144490018209078103.so
7f3328e3a000-7f332903a000 rw-p 00000000 00:00 0 
7f332903a000-7f332903d000 ---p 00000000 00:00 0 
7f332903d000-7f332913b000 rw-p 00000000 00:00 0 
7f3329165000-7f3329168000 ---p 00000000 00:00 0 
7f3329168000-7f332919e000 rw-p 00000000 00:00 0 
7f332919e000-7f33291a1000 ---p 00000000 00:00 0 
7f33291a1000-7f332949f000 rw-p 00000000 00:00 0 
7f332949f000-7f332969f000 rw-p 00000000 00:00 0 
7f332969f000-7f332989f000 rw-p 00000000 00:00 0 
7f332989f000-7f33298a2000 ---p 00000000 00:00 0 
7f33298a2000-7f33299a0000 rw-p 00000000 00:00 0 
7f33299a0000-7f33299a3000 ---p 00000000 00:00 0 
7f33299a3000-7f3329aa1000 rw-p 00000000 00:00 0 
7f3329aa1000-7f3329aa4000 ---p 00000000 00:00 0 
7f3329aa4000-7f3329da2000 rw-p 00000000 00:00 0 
7f3329da2000-7f3329da5000 ---p 00000000 00:00 0 
7f3329da5000-7f3329ea3000 rw-p 00000000 00:00 0 
7f3329ea3000-7f3329ea6000 ---p 00000000 00:00 0 
7f3329ea6000-7f3329fa4000 rw-p 00000000 00:00 0 
7f3329fa4000-7f3329fa7000 ---p 00000000 00:00 0 
7f3329fa7000-7f332a0a5000 rw-p 00000000 00:00 0 
7f332a0a5000-7f332a0a8000 ---p 00000000 00:00 0 
7f332a0a8000-7f332a1a6000 rw-p 00000000 00:00 0 
7f332a1a6000-7f332a1a9000 ---p 00000000 00:00 0 
7f332a1a9000-7f332a2a7000 rw-p 00000000 00:00 0 
7f332a2a7000-7f332a2aa000 ---p 00000000 00:00 0 
7f332a2aa000-7f332a3a8000 rw-p 00000000 00:00 0 
7f332a3a8000-7f332a3ab000 ---p 00000000 00:00 0 
7f332a3ab000-7f332a4a9000 rw-p 00000000 00:00 0 
7f332a4a9000-7f332a4ac000 ---p 00000000 00:00 0 
7f332a4ac000-7f332a5aa000 rw-p 00000000 00:00 0 
7f332a5aa000-7f332a5ad000 ---p 00000000 00:00 0 
7f332a5ad000-7f332a6ab000 rw-p 00000000 00:00 0 
7f332a6ab000-7f332a6ae000 ---p 00000000 00:00 0 
7f332a6ae000-7f332a7ac000 rw-p 00000000 00:00 0 
7f332a7ac000-7f332a7af000 ---p 00000000 00:00 0 
7f332a7af000-7f332a8ad000 rw-p 00000000 00:00 0 
7f332a8ad000-7f332a8b0000 ---p 00000000 00:00 0 
7f332a8b0000-7f332a9ae000 rw-p 00000000 00:00 0 
7f332a9ae000-7f332a9b1000 ---p 00000000 00:00 0 
7f332a9b1000-7f332aaaf000 rw-p 00000000 00:00 0 
7f332aaaf000-7f332aab2000 ---p 00000000 00:00 0 
7f332aab2000-7f332adb0000 rw-p 00000000 00:00 0 
7f332adb0000-7f332adb3000 ---p 00000000 00:00 0 
7f332adb3000-7f332b0b1000 rw-p 00000000 00:00 0 
7f332b0b1000-7f332b0b4000 ---p 00000000 00:00 0 
7f332b0b4000-7f332b1b2000 rw-p 00000000 00:00 0 
7f332b1b2000-7f332b1b5000 ---p 00000000 00:00 0 
7f332b1b5000-7f332b2b3000 rw-p 00000000 00:00 0 
7f332b2b3000-7f332b2b6000 ---p 00000000 00:00 0 
7f332b2b6000-7f332b3b4000 rw-p 00000000 00:00 0 
7f332b3b4000-7f332b3b7000 ---p 00000000 00:00 0 
7f332b3b7000-7f332b4b5000 rw-p 00000000 00:00 0 
7f332b4b5000-7f332b4b8000 ---p 00000000 00:00 0 
7f332b4b8000-7f332b5b6000 rw-p 00000000 00:00 0 
7f332b5b6000-7f332b5b9000 ---p 00000000 00:00 0 
7f332b5b9000-7f332b6b7000 rw-p 00000000 00:00 0 
7f332b6b7000-7f332b6ba000 ---p 00000000 00:00 0 
7f332b6ba000-7f332b7b8000 rw-p 00000000 00:00 0 
7f332b7b8000-7f332b7bb000 ---p 00000000 00:00 0 
7f332b7bb000-7f332b8b9000 rw-p 00000000 00:00 0 
7f332b8b9000-7f332b8bc000 ---p 00000000 00:00 0 
7f332b8bc000-7f332b9ba000 rw-p 00000000 00:00 0 
7f332b9ba000-7f332b9cb000 r-xp 00000000 ca:01 256909                     /usr/lib/jvm/java-8-openjdk-amd64/jre/lib/amd64/libnio.so
7f332b9cb000-7f332bbcb000 ---p 00011000 ca:01 256909                     /usr/lib/jvm/java-8-openjdk-amd64/jre/lib/amd64/libnio.so
7f332bbcb000-7f332bbcc000 r--p 00011000 ca:01 256909                     /usr/lib/jvm/java-8-openjdk-amd64/jre/lib/amd64/libnio.so
7f332bbcc000-7f332bbcd000 rw-p 00012000 ca:01 256909                     /usr/lib/jvm/java-8-openjdk-amd64/jre/lib/amd64/libnio.so
7f332bbcd000-7f332bdcd000 rw-p 00000000 00:00 0 
7f332bdcd000-7f332bdd0000 ---p 00000000 00:00 0 
7f332bdd0000-7f332c0ce000 rw-p 00000000 00:00 0 
7f332c0ce000-7f332c0e5000 r-xp 00000000 ca:01 1984                       /lib/x86_64-linux-gnu/libresolv-2.23.so
7f332c0e5000-7f332c2e5000 ---p 00017000 ca:01 1984                       /lib/x86_64-linux-gnu/libresolv-2.23.so
7f332c2e5000-7f332c2e6000 r--p 00017000 ca:01 1984                       /lib/x86_64-linux-gnu/libresolv-2.23.so
7f332c2e6000-7f332c2e7000 rw-p 00018000 ca:01 1984                       /lib/x86_64-linux-gnu/libresolv-2.23.so
7f332c2e7000-7f332c2e9000 rw-p 00000000 00:00 0 
7f332c2e9000-7f332c2ee000 r-xp 00000000 ca:01 1990                       /lib/x86_64-linux-gnu/libnss_dns-2.23.so
7f332c2ee000-7f332c4ee000 ---p 00005000 ca:01 1990                       /lib/x86_64-linux-gnu/libnss_dns-2.23.so
7f332c4ee000-7f332c4ef000 r--p 00005000 ca:01 1990                       /lib/x86_64-linux-gnu/libnss_dns-2.23.so
7f332c4ef000-7f332c4f0000 rw-p 00006000 ca:01 1990                       /lib/x86_64-linux-gnu/libnss_dns-2.23.so
7f332c4f0000-7f332c4f1000 r-xp 00000000 ca:01 256908                     /usr/lib/jvm/java-8-openjdk-amd64/jre/lib/amd64/libjaas_unix.so
7f332c4f1000-7f332c6f0000 ---p 00001000 ca:01 256908                     /usr/lib/jvm/java-8-openjdk-amd64/jre/lib/amd64/libjaas_unix.so
7f332c6f0000-7f332c6f1000 r--p 00000000 ca:01 256908                     /usr/lib/jvm/java-8-openjdk-amd64/jre/lib/amd64/libjaas_unix.so
7f332c6f1000-7f332c6f2000 rw-p 00001000 ca:01 256908                     /usr/lib/jvm/java-8-openjdk-amd64/jre/lib/amd64/libjaas_unix.so
7f332c6f2000-7f332c6f5000 ---p 00000000 00:00 0 
7f332c6f5000-7f332c9f3000 rw-p 00000000 00:00 0 
7f332c9f3000-7f332cbf3000 rw-p 00000000 00:00 0 
7f332cbf3000-7f332cbfc000 r-xp 00000000 ca:01 256894                     /usr/lib/jvm/java-8-openjdk-amd64/jre/lib/amd64/libmanagement.so
7f332cbfc000-7f332cdfb000 ---p 00009000 ca:01 256894                     /usr/lib/jvm/java-8-openjdk-amd64/jre/lib/amd64/libmanagement.so
7f332cdfb000-7f332cdfc000 r--p 00008000 ca:01 256894                     /usr/lib/jvm/java-8-openjdk-amd64/jre/lib/amd64/libmanagement.so
7f332cdfc000-7f332cdfd000 rw-p 00009000 ca:01 256894                     /usr/lib/jvm/java-8-openjdk-amd64/jre/lib/amd64/libmanagement.so
7f332cdfd000-7f332ce00000 ---p 00000000 00:00 0 
7f332ce00000-7f332cefe000 rw-p 00000000 00:00 0 
7f332cefe000-7f332cf01000 ---p 00000000 00:00 0 
7f332cf01000-7f3330000000 rw-p 00000000 00:00 0 
7f3330000000-7f333236d000 rw-p 00000000 00:00 0 
7f333236d000-7f3334000000 ---p 00000000 00:00 0 
7f3334000000-7f33341d2000 rw-p 00000000 00:00 0 
7f33341d2000-7f3338000000 ---p 00000000 00:00 0 
7f3338000000-7f3338042000 rw-p 00000000 00:00 0 
7f3338042000-7f333c000000 ---p 00000000 00:00 0 
7f333c000000-7f333fbaf000 rw-p 00000000 00:00 0 
7f333fbaf000-7f3340000000 ---p 00000000 00:00 0 
7f3340000000-7f3340061000 rw-p 00000000 00:00 0 
7f3340061000-7f3344000000 ---p 00000000 00:00 0 
7f3344000000-7f334404f000 rw-p 00000000 00:00 0 
7f334404f000-7f3348000000 ---p 00000000 00:00 0 
7f3348000000-7f33484a0000 rw-p 00000000 00:00 0 
7f33484a0000-7f334c000000 ---p 00000000 00:00 0 
7f334c030000-7f334c032000 r--s 00016000 ca:01 256882                     /usr/lib/jvm/java-8-openjdk-amd64/jre/lib/jce.jar
7f334c032000-7f334c037000 r--s 0009d000 ca:01 256862                     /usr/lib/jvm/java-8-openjdk-amd64/jre/lib/jsse.jar
7f334c037000-7f334c04a000 r--s 00346000 ca:01 256864                     /usr/lib/jvm/java-8-openjdk-amd64/jre/lib/resources.jar
7f334c04a000-7f334c04d000 ---p 00000000 00:00 0 
7f334c04d000-7f334c083000 rw-p 00000000 00:00 0 
7f334c083000-7f334c086000 ---p 00000000 00:00 0 
7f334c086000-7f334c384000 rw-p 00000000 00:00 0 
7f334c384000-7f334c39b000 r-xp 00000000 ca:01 256888                     /usr/lib/jvm/java-8-openjdk-amd64/jre/lib/amd64/libnet.so
7f334c39b000-7f334c59a000 ---p 00017000 ca:01 256888                     /usr/lib/jvm/java-8-openjdk-amd64/jre/lib/amd64/libnet.so
7f334c59a000-7f334c59b000 r--p 00016000 ca:01 256888                     /usr/lib/jvm/java-8-openjdk-amd64/jre/lib/amd64/libnet.so
7f334c59b000-7f334c59c000 rw-p 00017000 ca:01 256888                     /usr/lib/jvm/java-8-openjdk-amd64/jre/lib/amd64/libnet.so
7f334c59c000-7f334c59f000 r--s 00015000 ca:01 261533                     /home/ubuntu/spark-2.1.1-bin-hadoop2.7/jars/javax.servlet-api-3.1.0.jar
7f334c59f000-7f334c5cb000 r--s 001c9000 ca:01 261798                     /home/ubuntu/spark-2.1.1-bin-hadoop2.7/jars/shapeless_2.11-2.0.0.jar
7f334c5cb000-7f334c5d6000 r--s 000b0000 ca:01 261731                     /home/ubuntu/spark-2.1.1-bin-hadoop2.7/jars/jtransforms-2.4.0.jar
7f334c5d6000-7f334c5dc000 r--s 00043000 ca:01 261858                     /home/ubuntu/spark-2.1.1-bin-hadoop2.7/jars/commons-configuration-1.6.jar
7f334c5dc000-7f334c5e0000 r--s 00019000 ca:01 261784                     /home/ubuntu/spark-2.1.1-bin-hadoop2.7/jars/javax.ws.rs-api-2.0.1.jar
7f334c5e0000-7f334c5e2000 r--s 00009000 ca:01 261839                     /home/ubuntu/spark-2.1.1-bin-hadoop2.7/jars/commons-cli-1.2.jar
7f334c5e2000-7f334c5ec000 r--s 00095000 ca:01 261728                     /home/ubuntu/spark-2.1.1-bin-hadoop2.7/jars/scala-xml_2.11-1.0.2.jar
7f334c5ec000-7f334c5f1000 r--s 00031000 ca:01 261744                     /home/ubuntu/spark-2.1.1-bin-hadoop2.7/jars/parquet-hadoop-1.8.1.jar
7f334c5f1000-7f334c5f5000 r--s 00020000 ca:01 261720                     /home/ubuntu/spark-2.1.1-bin-hadoop2.7/jars/commons-digester-1.8.jar
7f334c5f5000-7f334c5f7000 r--s 00027000 ca:01 261790                     /home/ubuntu/spark-2.1.1-bin-hadoop2.7/jars/core-1.1.2.jar
7f334c5f7000-7f334c60e000 r--s 00183000 ca:01 261753                     /home/ubuntu/spark-2.1.1-bin-hadoop2.7/jars/hadoop-yarn-common-2.7.3.jar
7f334c60e000-7f334c60f000 r--s 00004000 ca:01 261711                     /home/ubuntu/spark-2.1.1-bin-hadoop2.7/jars/eigenbase-properties-1.1.5.jar
7f334c60f000-7f334c615000 r--s 00044000 ca:01 261763                     /home/ubuntu/spark-2.1.1-bin-hadoop2.7/jars/antlr4-runtime-4.5.3.jar
7f334c615000-7f334c617000 r--s 0000b000 ca:01 261840                     /home/ubuntu/spark-2.1.1-bin-hadoop2.7/jars/chill-java-0.8.0.jar
7f334c617000-7f334c621000 r--s 00086000 ca:01 261718                     /home/ubuntu/spark-2.1.1-bin-hadoop2.7/jars/json4s-core_2.11-3.2.11.jar
7f334c621000-7f334c623000 r--s 0000f000 ca:01 261566                     /home/ubuntu/spark-2.1.1-bin-hadoop2.7/jars/activation-1.1.1.jar
7f334c623000-7f334c627000 r--s 00031000 ca:01 261583                     /home/ubuntu/spark-2.1.1-bin-hadoop2.7/jars/jline-2.12.1.jar
7f334c627000-7f334c62d000 r--s 00028000 ca:01 261745                     /home/ubuntu/spark-2.1.1-bin-hadoop2.7/jars/curator-framework-2.6.0.jar
7f334c62d000-7f334c63a000 r--s 000b1000 ca:01 261545                     /home/ubuntu/spark-2.1.1-bin-hadoop2.7/jars/hadoop-mapreduce-client-common-2.7.3.jar
7f334c63a000-7f334c63c000 r--s 00009000 ca:01 261758                     /home/ubuntu/spark-2.1.1-bin-hadoop2.7/jars/jackson-module-paranamer-2.6.5.jar
7f334c63c000-7f334c63d000 r--s 00009000 ca:01 261845                     /home/ubuntu/spark-2.1.1-bin-hadoop2.7/jars/slf4j-api-1.7.16.jar
7f334c63d000-7f334c63e000 r--s 00004000 ca:01 261710                     /home/ubuntu/spark-2.1.1-bin-hadoop2.7/jars/jackson-jaxrs-1.9.13.jar
7f334c63e000-7f334c640000 r--s 00012000 ca:01 261803                     /home/ubuntu/spark-2.1.1-bin-hadoop2.7/jars/api-util-1.0.0-M20.jar
7f334c640000-7f334c648000 r--s 00066000 ca:01 261732                     /home/ubuntu/spark-2.1.1-bin-hadoop2.7/jars/apache-log4j-extras-1.2.17.jar
7f334c648000-7f334c64a000 r--s 00004000 ca:01 261587                     /home/ubuntu/spark-2.1.1-bin-hadoop2.7/jars/stax-api-1.0-2.jar
7f334c64a000-7f334c658000 r--s 00078000 ca:01 261756                     /home/ubuntu/spark-2.1.1-bin-hadoop2.7/jars/spark-mesos_2.11-2.1.1.jar
7f334c658000-7f334c686000 r--s 00212000 ca:01 261712                     /home/ubuntu/spark-2.1.1-bin-hadoop2.7/jars/spark-network-common_2.11-2.1.1.jar
7f334c686000-7f334c68e000 r--s 0006e000 ca:01 261765                     /home/ubuntu/spark-2.1.1-bin-hadoop2.7/jars/commons-lang3-3.5.jar
7f334c68e000-7f334c68f000 r--s 00009000 ca:01 261830                     /home/ubuntu/spark-2.1.1-bin-hadoop2.7/jars/hive-cli-1.2.1.spark2.jar
7f334c68f000-7f334c6a5000 r--s 001a4000 ca:01 261613                     /home/ubuntu/spark-2.1.1-bin-hadoop2.7/jars/datanucleus-rdbms-3.2.9.jar
7f334c6a5000-7f334c6b6000 r--s 0010d000 ca:01 261714                     /home/ubuntu/spark-2.1.1-bin-hadoop2.7/jars/jackson-databind-2.6.5.jar
7f334c6b6000-7f334c6b8000 r--s 0000a000 ca:01 261612                     /home/ubuntu/spark-2.1.1-bin-hadoop2.7/jars/spark-unsafe_2.11-2.1.1.jar
7f334c6b8000-7f334c6dc000 r--s 001cd000 ca:01 261855                     /home/ubuntu/spark-2.1.1-bin-hadoop2.7/jars/commons-math3-3.4.1.jar
7f334c6dc000-7f334c6e0000 r--s 0002a000 ca:01 261747                     /home/ubuntu/spark-2.1.1-bin-hadoop2.7/jars/commons-io-2.4.jar
7f334c6e0000-7f334c6e8000 r--s 00059000 ca:01 261611                     /home/ubuntu/spark-2.1.1-bin-hadoop2.7/jars/javolution-5.5.1.jar
7f334c6e8000-7f334c6e9000 r--s 00003000 ca:01 261568                     /home/ubuntu/spark-2.1.1-bin-hadoop2.7/jars/jta-1.1.jar
7f334c6e9000-7f334c6ec000 r--s 00009000 ca:01 261751                     /home/ubuntu/spark-2.1.1-bin-hadoop2.7/jars/jackson-annotations-2.6.5.jar
7f334c6ec000-7f334c760000 r--s 00574000 ca:01 261739                     /home/ubuntu/spark-2.1.1-bin-hadoop2.7/jars/spark-mllib_2.11-2.1.1.jar
7f334c760000-7f334c77b000 r--s 001d8000 ca:01 261572                     /home/ubuntu/spark-2.1.1-bin-hadoop2.7/jars/jets3t-0.9.3.jar
7f334c77b000-7f334c806000 r--s 0069e000 ca:01 261713                     /home/ubuntu/spark-2.1.1-bin-hadoop2.7/jars/spark-catalyst_2.11-2.1.1.jar
7f334c806000-7f334c80b000 r--s 0002a000 ca:01 261576                     /home/ubuntu/spark-2.1.1-bin-hadoop2.7/jars/commons-beanutils-1.7.0.jar
7f334c80b000-7f334c80d000 r--s 00006000 ca:01 261588                     /home/ubuntu/spark-2.1.1-bin-hadoop2.7/jars/paranamer-2.3.jar
7f334c80d000-7f334c811000 r--s 0002c000 ca:01 261748                     /home/ubuntu/spark-2.1.1-bin-hadoop2.7/jars/avro-ipc-1.7.7.jar
7f334c811000-7f334c812000 r--s 00003000 ca:01 261594                     /home/ubuntu/spark-2.1.1-bin-hadoop2.7/jars/xmlenc-0.52.jar
7f334c812000-7f334c82f000 r--s 001d5000 ca:01 261860                     /home/ubuntu/spark-2.1.1-bin-hadoop2.7/jars/hadoop-yarn-api-2.7.3.jar
7f334c82f000-7f334c830000 r--s 00004000 ca:01 261716                     /home/ubuntu/spark-2.1.1-bin-hadoop2.7/jars/opencsv-2.3.jar
7f334c830000-7f334c834000 r--s 00014000 ca:01 261856                     /home/ubuntu/spark-2.1.1-bin-hadoop2.7/jars/xz-1.0.jar
7f334c834000-7f334c837000 r--s 000fd000 ca:01 261604                     /home/ubuntu/spark-2.1.1-bin-hadoop2.7/jars/leveldbjni-all-1.8.jar
7f334c837000-7f334c83d000 r--s 00063000 ca:01 261849                     /home/ubuntu/spark-2.1.1-bin-hadoop2.7/jars/jodd-core-3.5.2.jar
7f334c83d000-7f334c841000 r--s 00030000 ca:01 261532                     /home/ubuntu/spark-2.1.1-bin-hadoop2.7/jars/commons-net-2.2.jar
7f334c841000-7f334c845000 r--s 00028000 ca:01 261608                     /home/ubuntu/spark-2.1.1-bin-hadoop2.7/jars/spark-mllib-local_2.11-2.1.1.jar
7f334c845000-7f334c84c000 r--s 0007d000 ca:01 261722                     /home/ubuntu/spark-2.1.1-bin-hadoop2.7/jars/jetty-6.1.26.jar
7f334c84c000-7f334c84f000 r--s 0002f000 ca:01 261546                     /home/ubuntu/spark-2.1.1-bin-hadoop2.7/jars/RoaringBitmap-0.5.11.jar
7f334c84f000-7f334c850000 r--s 00004000 ca:01 261866                     /home/ubuntu/spark-2.1.1-bin-hadoop2.7/jars/osgi-resource-locator-1.0.1.jar
7f334c850000-7f334c871000 r--s 0019b000 ca:01 261796                     /home/ubuntu/spark-2.1.1-bin-hadoop2.7/jars/spark-hive-thriftserver_2.11-2.1.1.jar
7f334c871000-7f334c876000 r--s 00041000 ca:01 261740                     /home/ubuntu/spark-2.1.1-bin-hadoop2.7/jars/commons-lang-2.6.jar
7f334c876000-7f334c878000 r--s 00020000 ca:01 261749                     /home/ubuntu/spark-2.1.1-bin-hadoop2.7/jars/hive-beeline-1.2.1.spark2.jar
7f334c878000-7f334c87f000 r--s 00049000 ca:01 261736                     /home/ubuntu/spark-2.1.1-bin-hadoop2.7/jars/httpcore-4.4.4.jar
7f334c87f000-7f334c881000 r--s 00014000 ca:01 261717                     /home/ubuntu/spark-2.1.1-bin-hadoop2.7/jars/spire-macros_2.11-0.7.4.jar
7f334c881000-7f334c882000 r--s 00001000 ca:01 261621                     /home/ubuntu/spark-2.1.1-bin-hadoop2.7/jars/pmml-schema-1.2.15.jar
7f334c882000-7f334c886000 r--s 00028000 ca:01 261573                     /home/ubuntu/spark-2.1.1-bin-hadoop2.7/jars/jetty-util-6.1.26.jar
7f334c886000-7f334c889000 r--s 00006000 ca:01 261721                     /home/ubuntu/spark-2.1.1-bin-hadoop2.7/jars/jsr305-1.3.9.jar
7f334c889000-7f334c890000 r--s 0005d000 ca:01 261793                     /home/ubuntu/spark-2.1.1-bin-hadoop2.7/jars/mx4j-3.0.2.jar
7f334c890000-7f334c892000 r--s 0000e000 ca:01 261821                     /home/ubuntu/spark-2.1.1-bin-hadoop2.7/jars/guice-servlet-3.0.jar
7f334c892000-7f334c89a000 r--s 0007b000 ca:01 261737                     /home/ubuntu/spark-2.1.1-bin-hadoop2.7/jars/protobuf-java-2.5.0.jar
7f334c89a000-7f334c8a3000 r--s 00062000 ca:01 261580                     /home/ubuntu/spark-2.1.1-bin-hadoop2.7/jars/avro-1.7.7.jar
7f334c8a3000-7f334c8a5000 r--s 00003000 ca:01 261733                     /home/ubuntu/spark-2.1.1-bin-hadoop2.7/jars/jcl-over-slf4j-1.7.16.jar
7f334c8a5000-7f334c975000 r--s 00cf0000 ca:01 261540                     /home/ubuntu/spark-2.1.1-bin-hadoop2.7/jars/breeze_2.11-0.12.jar
7f334c975000-7f334c976000 r--s 00002000 ca:01 261619                     /home/ubuntu/spark-2.1.1-bin-hadoop2.7/jars/slf4j-log4j12-1.7.16.jar
7f334c976000-7f334c978000 r--s 00006000 ca:01 261578                     /home/ubuntu/spark-2.1.1-bin-hadoop2.7/jars/spark-sketch_2.11-2.1.1.jar
7f334c978000-7f334c97d000 r--s 00068000 ca:01 261791                     /home/ubuntu/spark-2.1.1-bin-hadoop2.7/jars/antlr-2.7.7.jar
7f334c97d000-7f334c97f000 r--s 00000000 ca:01 261759                     /home/ubuntu/spark-2.1.1-bin-hadoop2.7/jars/aopalliance-1.0.jar
7f334c97f000-7f334c981000 r--s 00012000 ca:01 261730                     /home/ubuntu/spark-2.1.1-bin-hadoop2.7/jars/compress-lzf-1.0.3.jar
7f334c981000-7f334c98e000 r--s 0009e000 ca:01 261822                     /home/ubuntu/spark-2.1.1-bin-hadoop2.7/jars/spark-graphx_2.11-2.1.1.jar
7f334c98e000-7f334c993000 r--s 00028000 ca:01 261841                     /home/ubuntu/spark-2.1.1-bin-hadoop2.7/jars/avro-mapred-1.7.7-hadoop2.jar
7f334c993000-7f334c9a9000 r--s 00124000 ca:01 261833                     /home/ubuntu/spark-2.1.1-bin-hadoop2.7/jars/ivy-2.4.0.jar
7f334c9a9000-7f334c9b1000 r--s 00078000 ca:01 261805                     /home/ubuntu/spark-2.1.1-bin-hadoop2.7/jars/mail-1.4.7.jar
7f334c9b1000-7f334c9b6000 r--s 0004e000 ca:01 261582                     /home/ubuntu/spark-2.1.1-bin-hadoop2.7/jars/datanucleus-api-jdo-3.2.6.jar
7f334c9b6000-7f334ca8e000 r--s 00a88000 ca:01 261543                     /home/ubuntu/spark-2.1.1-bin-hadoop2.7/jars/spark-core_2.11-2.1.1.jar
7f334ca8e000-7f334caa6000 r--s 001b6000 ca:01 261569                     /home/ubuntu/spark-2.1.1-bin-hadoop2.7/jars/datanucleus-core-3.2.10.jar
7f334caa6000-7f334caba000 r--s 000ec000 ca:01 261539                     /home/ubuntu/spark-2.1.1-bin-hadoop2.7/jars/parquet-jackson-1.8.1.jar
7f334caba000-7f334cabc000 r--s 0000e000 ca:01 261785                     /home/ubuntu/spark-2.1.1-bin-hadoop2.7/jars/hadoop-mapreduce-client-jobclient-2.7.3.jar
7f334cabc000-7f334cabe000 r--s 0000e000 ca:01 261536                     /home/ubuntu/spark-2.1.1-bin-hadoop2.7/jars/oro-2.0.8.jar
7f334cabe000-7f334cac0000 r--s 00003000 ca:01 261826                     /home/ubuntu/spark-2.1.1-bin-hadoop2.7/jars/JavaEWAH-0.3.2.jar
7f334cac0000-7f334cac2000 r--s 0000f000 ca:01 261757                     /home/ubuntu/spark-2.1.1-bin-hadoop2.7/jars/spark-launcher_2.11-2.1.1.jar
7f334cac2000-7f334cae4000 r--s 00335000 ca:01 261750                     /home/ubuntu/spark-2.1.1-bin-hadoop2.7/jars/mesos-1.0.0-shaded-protobuf.jar
7f334cae4000-7f334cae5000 r--s 00001000 ca:01 261610                     /home/ubuntu/spark-2.1.1-bin-hadoop2.7/jars/minlog-1.3.0.jar
7f334cae5000-7f334cae8000 r--s 0001a000 ca:01 261834                     /home/ubuntu/spark-2.1.1-bin-hadoop2.7/jars/py4j-0.10.4.jar
7f334cae8000-7f334cae9000 r--s 00009000 ca:01 261601                     /home/ubuntu/spark-2.1.1-bin-hadoop2.7/jars/json4s-jackson_2.11-3.2.11.jar
7f334cae9000-7f334caeb000 r--s 0000d000 ca:01 261725                     /home/ubuntu/spark-2.1.1-bin-hadoop2.7/jars/hadoop-yarn-server-web-proxy-2.7.3.jar
7f334caeb000-7f334cb4e000 r--s 004de000 ca:01 261719                     /home/ubuntu/spark-2.1.1-bin-hadoop2.7/jars/hive-metastore-1.2.1.spark2.jar
7f334cb4e000-7f334cb55000 r--s 00039000 ca:01 261727                     /home/ubuntu/spark-2.1.1-bin-hadoop2.7/jars/calcite-avatica-1.2.0-incubating.jar
7f334cb55000-7f334cb5c000 r--s 0003f000 ca:01 261603                     /home/ubuntu/spark-2.1.1-bin-hadoop2.7/jars/commons-codec-1.10.jar
7f334cb5c000-7f334cb5e000 r--s 00100000 ca:01 261842                     /home/ubuntu/spark-2.1.1-bin-hadoop2.7/jars/snappy-java-1.1.2.6.jar
7f334cb5e000-7f334cb62000 r--s 00029000 ca:01 261591                     /home/ubuntu/spark-2.1.1-bin-hadoop2.7/jars/hk2-locator-2.4.0-b34.jar
7f334cb62000-7f334cb65000 r--s 0000d000 ca:01 261742                     /home/ubuntu/spark-2.1.1-bin-hadoop2.7/jars/spark-network-shuffle_2.11-2.1.1.jar
7f334cb65000-7f334cb66000 r--s 00006000 ca:01 261788                     /home/ubuntu/spark-2.1.1-bin-hadoop2.7/jars/jackson-xc-1.9.13.jar
7f334cb66000-7f334cb7c000 r--s 000d1000 ca:01 261585                     /home/ubuntu/spark-2.1.1-bin-hadoop2.7/jars/parquet-column-1.8.1.jar
7f334cb7c000-7f334cba1000 rw-p 00000000 00:00 0 
7f334cba1000-7f334ccad000 r--s 00dba000 ca:01 261859                     /home/ubuntu/spark-2.1.1-bin-hadoop2.7/jars/scala-compiler-2.11.8.jar
7f334ccad000-7f334ccae000 r--s 00002000 ca:01 261764                     /home/ubuntu/spark-2.1.1-bin-hadoop2.7/jars/jpam-1.1.jar
7f334ccae000-7f334ccbd000 r--s 0009f000 ca:01 261734                     /home/ubuntu/spark-2.1.1-bin-hadoop2.7/jars/guice-3.0.jar
7f334ccbd000-7f334ccd6000 r--s 00150000 ca:01 261626                     /home/ubuntu/spark-2.1.1-bin-hadoop2.7/jars/htrace-core-3.1.0-incubating.jar
7f334ccd6000-7f334ccec000 r--s 000d3000 ca:01 261625                     /home/ubuntu/spark-2.1.1-bin-hadoop2.7/jars/jersey-server-2.22.2.jar
7f334ccec000-7f334ccee000 r--s 00008000 ca:01 261581                     /home/ubuntu/spark-2.1.1-bin-hadoop2.7/jars/parquet-common-1.8.1.jar
7f334ccee000-7f334ccf0000 r--s 00002000 ca:01 261606                     /home/ubuntu/spark-2.1.1-bin-hadoop2.7/jars/aopalliance-repackaged-2.4.0-b34.jar
7f334ccf0000-7f334ccf4000 r--s 0003c000 ca:01 261854                     /home/ubuntu/spark-2.1.1-bin-hadoop2.7/jars/jackson-core-2.6.5.jar
7f334ccf4000-7f334ccff000 r--s 00062000 ca:01 261729                     /home/ubuntu/spark-2.1.1-bin-hadoop2.7/jars/calcite-linq4j-1.2.0-incubating.jar
7f334ccff000-7f334cd35000 r--s 0031c000 ca:01 261565                     /home/ubuntu/spark-2.1.1-bin-hadoop2.7/jars/hadoop-common-2.7.3.jar
7f334cd35000-7f334cd39000 r--s 0001a000 ca:01 261579                     /home/ubuntu/spark-2.1.1-bin-hadoop2.7/jars/hk2-utils-2.4.0-b34.jar
7f334cd39000-7f334cd45000 r--s 000b6000 ca:01 261831                     /home/ubuntu/spark-2.1.1-bin-hadoop2.7/jars/zookeeper-3.4.6.jar
7f334cd45000-7f334cd4b000 r--s 00040000 ca:01 261709                     /home/ubuntu/spark-2.1.1-bin-hadoop2.7/jars/parquet-encoding-1.8.1.jar
7f334cd4b000-7f334cd50000 r--s 00036000 ca:01 261574                     /home/ubuntu/spark-2.1.1-bin-hadoop2.7/jars/commons-compress-1.4.1.jar
7f334cd50000-7f334cd7d000 r--s 001d4000 ca:01 261863                     /home/ubuntu/spark-2.1.1-bin-hadoop2.7/jars/spark-streaming_2.11-2.1.1.jar
7f334cd7d000-7f334cd80000 r--s 00022000 ca:01 261806                     /home/ubuntu/spark-2.1.1-bin-hadoop2.7/jars/stringtemplate-3.2.1.jar
7f334cd80000-7f334cd87000 r--s 00036000 ca:01 261624                     /home/ubuntu/spark-2.1.1-bin-hadoop2.7/jars/curator-recipes-2.6.0.jar
7f334cd87000-7f334cd8b000 r--s 00029000 ca:01 261548                     /home/ubuntu/spark-2.1.1-bin-hadoop2.7/jars/breeze-macros_2.11-0.12.jar
7f334cd8b000-7f334cd8f000 r--s 00036000 ca:01 261851                     /home/ubuntu/spark-2.1.1-bin-hadoop2.7/jars/ST4-4.0.4.jar
7f334cd8f000-7f334cd93000 r--s 00018000 ca:01 261584                     /home/ubuntu/spark-2.1.1-bin-hadoop2.7/jars/metrics-core-3.1.2.jar
7f334cd93000-7f334cda1000 r--s 000b1000 ca:01 261754                     /home/ubuntu/spark-2.1.1-bin-hadoop2.7/jars/jackson-mapper-asl-1.9.13.jar
7f334cda1000-7f334cdb1000 r--s 000a0000 ca:01 261599                     /home/ubuntu/spark-2.1.1-bin-hadoop2.7/jars/spark-yarn_2.11-2.1.1.jar
7f334cdb1000-7f334cdc3000 r--s 00097000 ca:01 261804                     /home/ubuntu/spark-2.1.1-bin-hadoop2.7/jars/apacheds-kerberos-codec-2.0.0-M15.jar
7f334cdc3000-7f334cdc6000 r--s 00017000 ca:01 261800                     /home/ubuntu/spark-2.1.1-bin-hadoop2.7/jars/jaxb-api-2.2.2.jar
7f334cdc6000-7f334cdc8000 r--s 00009000 ca:01 261848                     /home/ubuntu/spark-2.1.1-bin-hadoop2.7/jars/objenesis-2.1.jar
7f334cdc8000-7f334ce33000 r--s 00784000 ca:01 261535                     /home/ubuntu/spark-2.1.1-bin-hadoop2.7/jars/hadoop-hdfs-2.7.3.jar
7f334ce33000-7f334ce35000 r--s 00010000 ca:01 261752                     /home/ubuntu/spark-2.1.1-bin-hadoop2.7/jars/jersey-media-jaxb-2.22.2.jar
7f334ce35000-7f334ce42000 r--s 00083000 ca:01 261598                     /home/ubuntu/spark-2.1.1-bin-hadoop2.7/jars/commons-collections-3.2.2.jar
7f334ce42000-7f334ce49000 r--s 00051000 ca:01 261542                     /home/ubuntu/spark-2.1.1-bin-hadoop2.7/jars/kryo-shaded-3.0.3.jar
7f334ce49000-7f334ce80000 r--s 00325000 ca:01 261802                     /home/ubuntu/spark-2.1.1-bin-hadoop2.7/jars/calcite-core-1.2.0-incubating.jar
7f334ce80000-7f334ce83000 r--s 00012000 ca:01 261602                     /home/ubuntu/spark-2.1.1-bin-hadoop2.7/jars/json4s-ast_2.11-3.2.11.jar
7f334ce83000-7f334ce85000 r--s 0000e000 ca:01 261794                     /home/ubuntu/spark-2.1.1-bin-hadoop2.7/jars/commons-logging-1.1.3.jar
7f334ce85000-7f334cf2e000 r--s 00a4f000 ca:01 261801                     /home/ubuntu/spark-2.1.1-bin-hadoop2.7/jars/hive-exec-1.2.1.spark2.jar
7f334cf2e000-7f334cf31000 r--s 00028000 ca:01 261541                     /home/ubuntu/spark-2.1.1-bin-hadoop2.7/jars/stream-2.7.0.jar
7f334cf31000-7f334cf65000 r--s 00277000 ca:01 261592                     /home/ubuntu/spark-2.1.1-bin-hadoop2.7/jars/parquet-hadoop-bundle-1.6.0.jar
7f334cf65000-7f334cf8e000 r--s 001ee000 ca:01 261862                     /home/ubuntu/spark-2.1.1-bin-hadoop2.7/jars/guava-14.0.1.jar
7f334cf8e000-7f334cfa7000 r--s 00114000 ca:01 261577                     /home/ubuntu/spark-2.1.1-bin-hadoop2.7/jars/spark-hive_2.11-2.1.1.jar
7f334cfa7000-7f334d000000 r--s 00522000 ca:01 261865                     /home/ubuntu/spark-2.1.1-bin-hadoop2.7/jars/scala-library-2.11.8.jar
7f334d000000-7f3350d00000 rwxp 00000000 00:00 0 
7f3350d10000-7f335c000000 ---p 00000000 00:00 0 
7f335c000000-7f335cddc000 rw-p 00000000 00:00 0 
7f335cddc000-7f3360000000 ---p 00000000 00:00 0 
7f3360000000-7f3360001000 r--s 00003000 ca:01 261590                     /home/ubuntu/spark-2.1.1-bin-hadoop2.7/jars/spark-tags_2.11-2.1.1.jar
7f3360001000-7f3360002000 r--s 0000b000 ca:01 261631                     /home/ubuntu/spark-2.1.1-bin-hadoop2.7/jars/snappy-0.2.jar
7f3360002000-7f3360006000 r--s 0000c000 ca:01 261617                     /home/ubuntu/spark-2.1.1-bin-hadoop2.7/jars/validation-api-1.1.0.Final.jar
7f3360006000-7f3360013000 r--s 00071000 ca:01 261832                     /home/ubuntu/spark-2.1.1-bin-hadoop2.7/jars/jackson-module-scala_2.11-2.6.5.jar
7f3360013000-7f336002b000 r--s 00115000 ca:01 261824                     /home/ubuntu/spark-2.1.1-bin-hadoop2.7/jars/netty-3.8.0.Final.jar
7f336002b000-7f3360032000 r--s 00049000 ca:01 261852                     /home/ubuntu/spark-2.1.1-bin-hadoop2.7/jars/univocity-parsers-2.2.1.jar
7f3360032000-7f336007e000 r--s 00411000 ca:01 261857                     /home/ubuntu/spark-2.1.1-bin-hadoop2.7/jars/scala-reflect-2.11.8.jar
7f336007e000-7f336008c000 r--s 0009d000 ca:01 261614                     /home/ubuntu/spark-2.1.1-bin-hadoop2.7/jars/jersey-common-2.22.2.jar
7f336008c000-7f3360096000 r--s 000aa000 ca:01 261762                     /home/ubuntu/spark-2.1.1-bin-hadoop2.7/jars/janino-3.0.0.jar
7f3360096000-7f3360097000 r--s 00008000 ca:01 261844                     /home/ubuntu/spark-2.1.1-bin-hadoop2.7/jars/commons-compiler-3.0.0.jar
7f3360097000-7f33600a0000 r--s 00097000 ca:01 261837                     /home/ubuntu/spark-2.1.1-bin-hadoop2.7/jars/pmml-model-1.2.15.jar
7f33600a0000-7f33600a2000 r--s 00005000 ca:01 261741                     /home/ubuntu/spark-2.1.1-bin-hadoop2.7/jars/stax-api-1.0.1.jar
7f33600a2000-7f33600a6000 r--s 00035000 ca:01 261597                     /home/ubuntu/spark-2.1.1-bin-hadoop2.7/jars/jackson-core-asl-1.9.13.jar
7f33600a6000-7f33600a9000 r--s 00019000 ca:01 261530                     /home/ubuntu/spark-2.1.1-bin-hadoop2.7/jars/bonecp-0.8.0.RELEASE.jar
7f33600a9000-7f33600ab000 r--s 00038000 ca:01 261789                     /home/ubuntu/spark-2.1.1-bin-hadoop2.7/jars/lz4-1.3.0.jar
7f33600ab000-7f33600c4000 r--s 00164000 ca:01 261738                     /home/ubuntu/spark-2.1.1-bin-hadoop2.7/jars/hadoop-mapreduce-client-core-2.7.3.jar
7f33600c4000-7f33600c7000 r--s 00026000 ca:01 261792                     /home/ubuntu/spark-2.1.1-bin-hadoop2.7/jars/hadoop-yarn-client-2.7.3.jar
7f33600c7000-7f33600c9000 r--s 00017000 ca:01 261607                     /home/ubuntu/spark-2.1.1-bin-hadoop2.7/jars/hive-jdbc-1.2.1.spark2.jar
7f33600c9000-7f336014a000 r--s 005d9000 ca:01 261746                     /home/ubuntu/spark-2.1.1-bin-hadoop2.7/jars/spark-sql_2.11-2.1.1.jar
7f336014a000-7f336014b000 r--s 00006000 ca:01 261755                     /home/ubuntu/spark-2.1.1-bin-hadoop2.7/jars/hadoop-client-2.7.3.jar
7f336014b000-7f3360152000 r--s 00058000 ca:01 261609                     /home/ubuntu/spark-2.1.1-bin-hadoop2.7/jars/hadoop-yarn-server-common-2.7.3.jar
7f3360152000-7f3360153000 r--s 0000a000 ca:01 261616                     /home/ubuntu/spark-2.1.1-bin-hadoop2.7/jars/apacheds-i18n-2.0.0-M15.jar
7f3360153000-7f3360154000 r--s 00000000 ca:01 261600                     /home/ubuntu/spark-2.1.1-bin-hadoop2.7/jars/javax.inject-1.jar
7f3360154000-7f336015a000 r--s 00045000 ca:01 261605                     /home/ubuntu/spark-2.1.1-bin-hadoop2.7/jars/commons-httpclient-3.1.jar
7f336015a000-7f3360167000 r--s 000a7000 ca:01 261627                     /home/ubuntu/spark-2.1.1-bin-hadoop2.7/jars/httpclient-4.5.2.jar
7f3360167000-7f3360169000 r--s 0001f000 ca:01 261825                     /home/ubuntu/spark-2.1.1-bin-hadoop2.7/jars/commons-crypto-1.0.0.jar
7f3360169000-7f336016e000 r--s 0002a000 ca:01 261735                     /home/ubuntu/spark-2.1.1-bin-hadoop2.7/jars/gson-2.2.4.jar
7f336016e000-7f33601ae000 r--s 00277000 ca:01 261767                     /home/ubuntu/spark-2.1.1-bin-hadoop2.7/jars/bcprov-jdk15on-1.51.jar
7f33601ae000-7f33601b1000 r--s 00016000 ca:01 261593                     /home/ubuntu/spark-2.1.1-bin-hadoop2.7/jars/jsp-api-2.1.jar
7f33601b1000-7f33601b2000 r--s 00001000 ca:01 261838                     /home/ubuntu/spark-2.1.1-bin-hadoop2.7/jars/javax.inject-2.4.0-b34.jar
7f33601b2000-7f33601b3000 r--s 00002000 ca:01 261586                     /home/ubuntu/spark-2.1.1-bin-hadoop2.7/jars/java-xmlbuilder-1.0.jar
7f33601b3000-7f33601b5000 r--s 00015000 ca:01 261547                     /home/ubuntu/spark-2.1.1-bin-hadoop2.7/jars/hadoop-auth-2.7.3.jar
7f33601b5000-7f33601b9000 r--s 0002f000 ca:01 261795                     /home/ubuntu/spark-2.1.1-bin-hadoop2.7/jars/commons-beanutils-core-1.8.0.jar
7f33601b9000-7f33601e8000 r--s 002e5000 ca:01 261846                     /home/ubuntu/spark-2.1.1-bin-hadoop2.7/jars/derby-10.12.1.1.jar
7f33601e8000-7f33601ea000 r--s 00008000 ca:01 261544                     /home/ubuntu/spark-2.1.1-bin-hadoop2.7/jars/metrics-jvm-3.1.2.jar
7f33601ea000-7f33601ed000 r--s 00015000 ca:01 261723                     /home/ubuntu/spark-2.1.1-bin-hadoop2.7/jars/pyrolite-4.13.jar
7f33601ed000-7f33601ef000 r--s 0000e000 ca:01 261760                     /home/ubuntu/spark-2.1.1-bin-hadoop2.7/jars/spark-repl_2.11-2.1.1.jar
7f33601ef000-7f33601f8000 r--s 0006f000 ca:01 261724                     /home/ubuntu/spark-2.1.1-bin-hadoop2.7/jars/log4j-1.2.17.jar
7f33601f8000-7f33601fc000 r--s 00025000 ca:01 261850                     /home/ubuntu/spark-2.1.1-bin-hadoop2.7/jars/jersey-client-2.22.2.jar
7f33601fc000-7f3360203000 r--s 00058000 ca:01 261589                     /home/ubuntu/spark-2.1.1-bin-hadoop2.7/jars/parquet-format-2.3.0-incubating.jar
7f3360203000-7f3360205000 r--s 00003000 ca:01 261615                     /home/ubuntu/spark-2.1.1-bin-hadoop2.7/jars/api-asn1-api-1.0.0-M20.jar
7f3360205000-7f336020f000 r--s 0007b000 ca:01 261847                     /home/ubuntu/spark-2.1.1-bin-hadoop2.7/jars/hadoop-mapreduce-client-app-2.7.3.jar
7f336020f000-7f3360212000 r--s 0000e000 ca:01 261575                     /home/ubuntu/spark-2.1.1-bin-hadoop2.7/jars/jersey-container-servlet-core-2.22.2.jar
7f3360212000-7f3360216000 r--s 00025000 ca:01 261538                     /home/ubuntu/spark-2.1.1-bin-hadoop2.7/jars/antlr-runtime-3.4.jar
7f3360216000-7f3360227000 r--s 00089000 ca:01 261623                     /home/ubuntu/spark-2.1.1-bin-hadoop2.7/jars/joda-time-2.9.3.jar
7f3360227000-7f3360229000 r--s 00005000 ca:01 261743                     /home/ubuntu/spark-2.1.1-bin-hadoop2.7/jars/javax.annotation-api-1.2.jar
7f3360229000-7f336022e000 r--s 00032000 ca:01 261864                     /home/ubuntu/spark-2.1.1-bin-hadoop2.7/jars/chill_2.11-0.8.0.jar
7f336022e000-7f3360239000 r--s 0005d000 ca:01 261853                     /home/ubuntu/spark-2.1.1-bin-hadoop2.7/jars/scala-parser-combinators_2.11-1.0.4.jar
7f3360239000-7f336024b000 r--s 00112000 ca:01 261835                     /home/ubuntu/spark-2.1.1-bin-hadoop2.7/jars/arpack_combined_all-0.1.jar
7f336024b000-7f3360263000 r--s 000d6000 ca:01 261571                     /home/ubuntu/spark-2.1.1-bin-hadoop2.7/jars/jersey-guava-2.22.2.jar
7f3360263000-7f3360269000 r--s 0002c000 ca:01 261828                     /home/ubuntu/spark-2.1.1-bin-hadoop2.7/jars/jdo-api-3.0.1.jar
7f3360269000-7f3360270000 r--s 00046000 ca:01 261797                     /home/ubuntu/spark-2.1.1-bin-hadoop2.7/jars/libfb303-0.9.3.jar
7f3360270000-7f3360272000 r--s 00010000 ca:01 261622                     /home/ubuntu/spark-2.1.1-bin-hadoop2.7/jars/hadoop-mapreduce-client-shuffle-2.7.3.jar
7f3360272000-7f3360274000 r--s 00000000 ca:01 261836                     /home/ubuntu/spark-2.1.1-bin-hadoop2.7/jars/jul-to-slf4j-1.7.16.jar
7f3360274000-7f3360277000 r--s 00014000 ca:01 261761                     /home/ubuntu/spark-2.1.1-bin-hadoop2.7/jars/super-csv-2.2.0.jar
7f3360277000-7f3360289000 r--s 000b3000 ca:01 261829                     /home/ubuntu/spark-2.1.1-bin-hadoop2.7/jars/scalap-2.11.8.jar
7f3360289000-7f336028b000 r--s 00003000 ca:01 261843                     /home/ubuntu/spark-2.1.1-bin-hadoop2.7/jars/base64-2.3.8.jar
7f336028b000-7f336028d000 r--s 00003000 ca:01 261570                     /home/ubuntu/spark-2.1.1-bin-hadoop2.7/jars/jersey-container-servlet-2.22.2.jar
7f336028d000-7f3360297000 r--s 000a5000 ca:01 261766                     /home/ubuntu/spark-2.1.1-bin-hadoop2.7/jars/javassist-3.18.1-GA.jar
7f3360297000-7f3360298000 r--s 00009000 ca:01 261534                     /home/ubuntu/spark-2.1.1-bin-hadoop2.7/jars/hadoop-annotations-2.7.3.jar
7f3360298000-7f33602b0000 r--s 00115000 ca:01 261537                     /home/ubuntu/spark-2.1.1-bin-hadoop2.7/jars/xercesImpl-2.9.1.jar
7f33602b0000-7f33602b3000 r--s 00021000 ca:01 261596                     /home/ubuntu/spark-2.1.1-bin-hadoop2.7/jars/xbean-asm5-shaded-4.4.jar
7f33602b3000-7f33602b6000 r--s 00025000 ca:01 261618                     /home/ubuntu/spark-2.1.1-bin-hadoop2.7/jars/commons-dbcp-1.4.jar
7f33602b6000-7f33602dd000 r--s 0020f000 ca:01 261726                     /home/ubuntu/spark-2.1.1-bin-hadoop2.7/jars/netty-all-4.0.42.Final.jar
7f33602dd000-7f33602e0000 r--s 00015000 ca:01 261620                     /home/ubuntu/spark-2.1.1-bin-hadoop2.7/jars/commons-pool-1.5.4.jar
7f33602e0000-7f3360335000 r--s 0069c000 ca:01 261595                     /home/ubuntu/spark-2.1.1-bin-hadoop2.7/jars/spire_2.11-0.7.4.jar
7f3360335000-7f3360337000 r--s 00004000 ca:01 261787                     /home/ubuntu/spark-2.1.1-bin-hadoop2.7/jars/metrics-graphite-3.1.2.jar
7f3360337000-7f3360338000 r--s 00003000 ca:01 261827                     /home/ubuntu/spark-2.1.1-bin-hadoop2.7/jars/metrics-json-3.1.2.jar
7f3360338000-7f336033d000 r--s 00027000 ca:01 261861                     /home/ubuntu/spark-2.1.1-bin-hadoop2.7/jars/hk2-api-2.4.0-b34.jar
7f336033d000-7f3360343000 r--s 00034000 ca:01 261799                     /home/ubuntu/spark-2.1.1-bin-hadoop2.7/jars/libthrift-0.9.3.jar
7f3360343000-7f336035e000 r--s 001d6000 ca:01 256870                     /usr/lib/jvm/java-8-openjdk-amd64/jre/lib/ext/nashorn.jar
7f336035e000-7f3360379000 r--s 00394000 ca:01 256871                     /usr/lib/jvm/java-8-openjdk-amd64/jre/lib/ext/cldrdata.jar
7f3360379000-7f336037a000 ---p 00000000 00:00 0 
7f336037a000-7f336047a000 rw-p 00000000 00:00 0 
7f336047a000-7f336047d000 ---p 00000000 00:00 0 
7f336047d000-7f336057b000 rw-p 00000000 00:00 0 
7f336057b000-7f336057e000 ---p 00000000 00:00 0 
7f336057e000-7f336067c000 rw-p 00000000 00:00 0 
7f336067c000-7f336067f000 ---p 00000000 00:00 0 
7f336067f000-7f336077d000 rw-p 00000000 00:00 0 
7f336077d000-7f3360780000 ---p 00000000 00:00 0 
7f3360780000-7f336087e000 rw-p 00000000 00:00 0 
7f336087e000-7f3360a16000 r--p 00000000 ca:01 29052                      /usr/lib/locale/locale-archive
7f3360a16000-7f3360a19000 ---p 00000000 00:00 0 
7f3360a19000-7f3360b17000 rw-p 00000000 00:00 0 
7f3360b17000-7f3360b1a000 ---p 00000000 00:00 0 
7f3360b1a000-7f3360c18000 rw-p 00000000 00:00 0 
7f3360c18000-7f3360c19000 ---p 00000000 00:00 0 
7f3360c19000-7f3360d19000 rw-p 00000000 00:00 0 
7f3360d19000-7f3360ee8000 r--s 03c32000 ca:01 256863                     /usr/lib/jvm/java-8-openjdk-amd64/jre/lib/rt.jar
7f3360ee8000-7f336175e000 rw-p 00000000 00:00 0 
7f336175e000-7f33617a9000 rw-p 00000000 00:00 0 
7f33617a9000-7f33618b4000 ---p 00000000 00:00 0 
7f33618b4000-7f33618da000 rw-p 00000000 00:00 0 
7f33618da000-7f336195e000 ---p 00000000 00:00 0 
7f336195e000-7f33619a9000 rw-p 00000000 00:00 0 
7f33619a9000-7f3361ab4000 ---p 00000000 00:00 0 
7f3361ab4000-7f3361ba9000 rw-p 00000000 00:00 0 
7f3361ba9000-7f3361e75000 ---p 00000000 00:00 0 
7f3361e75000-7f3361e7d000 r-xp 00000000 ca:01 256902                     /usr/lib/jvm/java-8-openjdk-amd64/jre/lib/amd64/libzip.so
7f3361e7d000-7f336207c000 ---p 00008000 ca:01 256902                     /usr/lib/jvm/java-8-openjdk-amd64/jre/lib/amd64/libzip.so
7f336207c000-7f336207d000 r--p 00007000 ca:01 256902                     /usr/lib/jvm/java-8-openjdk-amd64/jre/lib/amd64/libzip.so
7f336207d000-7f336207e000 rw-p 00008000 ca:01 256902                     /usr/lib/jvm/java-8-openjdk-amd64/jre/lib/amd64/libzip.so
7f336207e000-7f3362089000 r-xp 00000000 ca:01 1993                       /lib/x86_64-linux-gnu/libnss_files-2.23.so
7f3362089000-7f3362288000 ---p 0000b000 ca:01 1993                       /lib/x86_64-linux-gnu/libnss_files-2.23.so
7f3362288000-7f3362289000 r--p 0000a000 ca:01 1993                       /lib/x86_64-linux-gnu/libnss_files-2.23.so
7f3362289000-7f336228a000 rw-p 0000b000 ca:01 1993                       /lib/x86_64-linux-gnu/libnss_files-2.23.so
7f336228a000-7f3362290000 rw-p 00000000 00:00 0 
7f3362290000-7f336229b000 r-xp 00000000 ca:01 1997                       /lib/x86_64-linux-gnu/libnss_nis-2.23.so
7f336229b000-7f336249a000 ---p 0000b000 ca:01 1997                       /lib/x86_64-linux-gnu/libnss_nis-2.23.so
7f336249a000-7f336249b000 r--p 0000a000 ca:01 1997                       /lib/x86_64-linux-gnu/libnss_nis-2.23.so
7f336249b000-7f336249c000 rw-p 0000b000 ca:01 1997                       /lib/x86_64-linux-gnu/libnss_nis-2.23.so
7f336249c000-7f33624b2000 r-xp 00000000 ca:01 1977                       /lib/x86_64-linux-gnu/libnsl-2.23.so
7f33624b2000-7f33626b1000 ---p 00016000 ca:01 1977                       /lib/x86_64-linux-gnu/libnsl-2.23.so
7f33626b1000-7f33626b2000 r--p 00015000 ca:01 1977                       /lib/x86_64-linux-gnu/libnsl-2.23.so
7f33626b2000-7f33626b3000 rw-p 00016000 ca:01 1977                       /lib/x86_64-linux-gnu/libnsl-2.23.so
7f33626b3000-7f33626b5000 rw-p 00000000 00:00 0 
7f33626b5000-7f33626bd000 r-xp 00000000 ca:01 1988                       /lib/x86_64-linux-gnu/libnss_compat-2.23.so
7f33626bd000-7f33628bc000 ---p 00008000 ca:01 1988                       /lib/x86_64-linux-gnu/libnss_compat-2.23.so
7f33628bc000-7f33628bd000 r--p 00007000 ca:01 1988                       /lib/x86_64-linux-gnu/libnss_compat-2.23.so
7f33628bd000-7f33628be000 rw-p 00008000 ca:01 1988                       /lib/x86_64-linux-gnu/libnss_compat-2.23.so
7f33628be000-7f33628eb000 r-xp 00000000 ca:01 256919                     /usr/lib/jvm/java-8-openjdk-amd64/jre/lib/amd64/libjava.so
7f33628eb000-7f3362aea000 ---p 0002d000 ca:01 256919                     /usr/lib/jvm/java-8-openjdk-amd64/jre/lib/amd64/libjava.so
7f3362aea000-7f3362aeb000 r--p 0002c000 ca:01 256919                     /usr/lib/jvm/java-8-openjdk-amd64/jre/lib/amd64/libjava.so
7f3362aeb000-7f3362aed000 rw-p 0002d000 ca:01 256919                     /usr/lib/jvm/java-8-openjdk-amd64/jre/lib/amd64/libjava.so
7f3362aed000-7f3362afc000 r-xp 00000000 ca:01 256907                     /usr/lib/jvm/java-8-openjdk-amd64/jre/lib/amd64/libverify.so
7f3362afc000-7f3362cfb000 ---p 0000f000 ca:01 256907                     /usr/lib/jvm/java-8-openjdk-amd64/jre/lib/amd64/libverify.so
7f3362cfb000-7f3362cfd000 r--p 0000e000 ca:01 256907                     /usr/lib/jvm/java-8-openjdk-amd64/jre/lib/amd64/libverify.so
7f3362cfd000-7f3362cfe000 rw-p 00010000 ca:01 256907                     /usr/lib/jvm/java-8-openjdk-amd64/jre/lib/amd64/libverify.so
7f3362cfe000-7f3362d05000 r-xp 00000000 ca:01 1998                       /lib/x86_64-linux-gnu/librt-2.23.so
7f3362d05000-7f3362f04000 ---p 00007000 ca:01 1998                       /lib/x86_64-linux-gnu/librt-2.23.so
7f3362f04000-7f3362f05000 r--p 00006000 ca:01 1998                       /lib/x86_64-linux-gnu/librt-2.23.so
7f3362f05000-7f3362f06000 rw-p 00007000 ca:01 1998                       /lib/x86_64-linux-gnu/librt-2.23.so
7f3362f06000-7f3362f1c000 r-xp 00000000 ca:01 1975                       /lib/x86_64-linux-gnu/libgcc_s.so.1
7f3362f1c000-7f336311b000 ---p 00016000 ca:01 1975                       /lib/x86_64-linux-gnu/libgcc_s.so.1
7f336311b000-7f336311c000 rw-p 00015000 ca:01 1975                       /lib/x86_64-linux-gnu/libgcc_s.so.1
7f336311c000-7f3363224000 r-xp 00000000 ca:01 1976                       /lib/x86_64-linux-gnu/libm-2.23.so
7f3363224000-7f3363423000 ---p 00108000 ca:01 1976                       /lib/x86_64-linux-gnu/libm-2.23.so
7f3363423000-7f3363424000 r--p 00107000 ca:01 1976                       /lib/x86_64-linux-gnu/libm-2.23.so
7f3363424000-7f3363425000 rw-p 00108000 ca:01 1976                       /lib/x86_64-linux-gnu/libm-2.23.so
7f3363425000-7f3363597000 r-xp 00000000 ca:01 7979                       /usr/lib/x86_64-linux-gnu/libstdc++.so.6.0.21
7f3363597000-7f3363797000 ---p 00172000 ca:01 7979                       /usr/lib/x86_64-linux-gnu/libstdc++.so.6.0.21
7f3363797000-7f33637a1000 r--p 00172000 ca:01 7979                       /usr/lib/x86_64-linux-gnu/libstdc++.so.6.0.21
7f33637a1000-7f33637a3000 rw-p 0017c000 ca:01 7979                       /usr/lib/x86_64-linux-gnu/libstdc++.so.6.0.21
7f33637a3000-7f33637a7000 rw-p 00000000 00:00 0 
7f33637a7000-7f3364404000 r-xp 00000000 ca:01 256884                     /usr/lib/jvm/java-8-openjdk-amd64/jre/lib/amd64/server/libjvm.so
7f3364404000-7f3364604000 ---p 00c5d000 ca:01 256884                     /usr/lib/jvm/java-8-openjdk-amd64/jre/lib/amd64/server/libjvm.so
7f3364604000-7f3364698000 r--p 00c5d000 ca:01 256884                     /usr/lib/jvm/java-8-openjdk-amd64/jre/lib/amd64/server/libjvm.so
7f3364698000-7f33646c1000 rw-p 00cf1000 ca:01 256884                     /usr/lib/jvm/java-8-openjdk-amd64/jre/lib/amd64/server/libjvm.so
7f33646c1000-7f33646f1000 rw-p 00000000 00:00 0 
7f33646f1000-7f3364709000 r-xp 00000000 ca:01 1979                       /lib/x86_64-linux-gnu/libpthread-2.23.so
7f3364709000-7f3364908000 ---p 00018000 ca:01 1979                       /lib/x86_64-linux-gnu/libpthread-2.23.so
7f3364908000-7f3364909000 r--p 00017000 ca:01 1979                       /lib/x86_64-linux-gnu/libpthread-2.23.so
7f3364909000-7f336490a000 rw-p 00018000 ca:01 1979                       /lib/x86_64-linux-gnu/libpthread-2.23.so
7f336490a000-7f336490e000 rw-p 00000000 00:00 0 
7f336490e000-7f3364911000 r-xp 00000000 ca:01 1982                       /lib/x86_64-linux-gnu/libdl-2.23.so
7f3364911000-7f3364b10000 ---p 00003000 ca:01 1982                       /lib/x86_64-linux-gnu/libdl-2.23.so
7f3364b10000-7f3364b11000 r--p 00002000 ca:01 1982                       /lib/x86_64-linux-gnu/libdl-2.23.so
7f3364b11000-7f3364b12000 rw-p 00003000 ca:01 1982                       /lib/x86_64-linux-gnu/libdl-2.23.so
7f3364b12000-7f3364b2b000 r-xp 00000000 ca:01 2129                       /lib/x86_64-linux-gnu/libz.so.1.2.8
7f3364b2b000-7f3364d2a000 ---p 00019000 ca:01 2129                       /lib/x86_64-linux-gnu/libz.so.1.2.8
7f3364d2a000-7f3364d2b000 r--p 00018000 ca:01 2129                       /lib/x86_64-linux-gnu/libz.so.1.2.8
7f3364d2b000-7f3364d2c000 rw-p 00019000 ca:01 2129                       /lib/x86_64-linux-gnu/libz.so.1.2.8
7f3364d2c000-7f3364eec000 r-xp 00000000 ca:01 1980                       /lib/x86_64-linux-gnu/libc-2.23.so
7f3364eec000-7f33650ec000 ---p 001c0000 ca:01 1980                       /lib/x86_64-linux-gnu/libc-2.23.so
7f33650ec000-7f33650f0000 r--p 001c0000 ca:01 1980                       /lib/x86_64-linux-gnu/libc-2.23.so
7f33650f0000-7f33650f2000 rw-p 001c4000 ca:01 1980                       /lib/x86_64-linux-gnu/libc-2.23.so
7f33650f2000-7f33650f6000 rw-p 00000000 00:00 0 
7f33650f6000-7f3365103000 r-xp 00000000 ca:01 256904                     /usr/lib/jvm/java-8-openjdk-amd64/jre/lib/amd64/jli/libjli.so
7f3365103000-7f3365303000 ---p 0000d000 ca:01 256904                     /usr/lib/jvm/java-8-openjdk-amd64/jre/lib/amd64/jli/libjli.so
7f3365303000-7f3365304000 r--p 0000d000 ca:01 256904                     /usr/lib/jvm/java-8-openjdk-amd64/jre/lib/amd64/jli/libjli.so
7f3365304000-7f3365305000 rw-p 0000e000 ca:01 256904                     /usr/lib/jvm/java-8-openjdk-amd64/jre/lib/amd64/jli/libjli.so
7f3365305000-7f336532b000 r-xp 00000000 ca:01 1978                       /lib/x86_64-linux-gnu/ld-2.23.so
7f336532b000-7f336532d000 r--s 0000f000 ca:01 261715                     /home/ubuntu/spark-2.1.1-bin-hadoop2.7/jars/curator-client-2.6.0.jar
7f336532d000-7f3365330000 r--s 0000f000 ca:01 256869                     /usr/lib/jvm/java-8-openjdk-amd64/jre/lib/ext/icedtea-sound.jar
7f3365330000-7f3365333000 r--s 00038000 ca:01 256872                     /usr/lib/jvm/java-8-openjdk-amd64/jre/lib/ext/sunpkcs11.jar
7f3365333000-7f3365339000 r--s 0003b000 ca:01 256877                     /usr/lib/jvm/java-8-openjdk-amd64/jre/lib/ext/sunjce_provider.jar
7f3365339000-7f3365343000 r--s 00116000 ca:01 256876                     /usr/lib/jvm/java-8-openjdk-amd64/jre/lib/ext/localedata.jar
7f3365343000-7f3365414000 rw-p 00000000 00:00 0 
7f3365414000-7f336541c000 rw-s 00000000 ca:01 549834                     /tmp/hsperfdata_ubuntu/10734
7f336541c000-7f336541f000 ---p 00000000 00:00 0 
7f336541f000-7f3365521000 rw-p 00000000 00:00 0 
7f3365521000-7f3365522000 r--s 00010000 ca:01 256874                     /usr/lib/jvm/java-8-openjdk-amd64/jre/lib/ext/zipfs.jar
7f3365522000-7f3365523000 r--s 0000a000 ca:01 256879                     /usr/lib/jvm/java-8-openjdk-amd64/jre/lib/ext/jaccess.jar
7f3365523000-7f3365525000 r--s 00001000 ca:01 256873                     /usr/lib/jvm/java-8-openjdk-amd64/jre/lib/ext/dnsns.jar
7f3365525000-7f3365527000 r--s 00008000 ca:01 256878                     /usr/lib/jvm/java-8-openjdk-amd64/jre/lib/ext/sunec.jar
7f3365527000-7f3365528000 rw-p 00000000 00:00 0 
7f3365528000-7f3365529000 r--p 00000000 00:00 0 
7f3365529000-7f336552a000 rw-p 00000000 00:00 0 
7f336552a000-7f336552b000 r--p 00025000 ca:01 1978                       /lib/x86_64-linux-gnu/ld-2.23.so
7f336552b000-7f336552c000 rw-p 00026000 ca:01 1978                       /lib/x86_64-linux-gnu/ld-2.23.so
7f336552c000-7f336552d000 rw-p 00000000 00:00 0 
7fff3d3b9000-7fff3d3da000 rw-p 00000000 00:00 0                          [stack]
7fff3d3e9000-7fff3d3ec000 r--p 00000000 00:00 0                          [vvar]
7fff3d3ec000-7fff3d3ee000 r-xp 00000000 00:00 0                          [vdso]
ffffffffff600000-ffffffffff601000 r-xp 00000000 00:00 0                  [vsyscall]

VM Arguments:
jvm_args: -Xmx1g 
java_command: org.apache.spark.deploy.SparkSubmit --conf spark.app.name=childandyouthjustice pyspark-shell
java_class_path (initial): /home/ubuntu/spark-2.1.1-bin-hadoop2.7/conf/:/home/ubuntu/spark-2.1.1-bin-hadoop2.7/jars/libthrift-0.9.3.jar:/home/ubuntu/spark-2.1.1-bin-hadoop2.7/jars/curator-client-2.6.0.jar:/home/ubuntu/spark-2.1.1-bin-hadoop2.7/jars/hk2-api-2.4.0-b34.jar:/home/ubuntu/spark-2.1.1-bin-hadoop2.7/jars/metrics-json-3.1.2.jar:/home/ubuntu/spark-2.1.1-bin-hadoop2.7/jars/metrics-graphite-3.1.2.jar:/home/ubuntu/spark-2.1.1-bin-hadoop2.7/jars/spire_2.11-0.7.4.jar:/home/ubuntu/spark-2.1.1-bin-hadoop2.7/jars/commons-pool-1.5.4.jar:/home/ubuntu/spark-2.1.1-bin-hadoop2.7/jars/netty-all-4.0.42.Final.jar:/home/ubuntu/spark-2.1.1-bin-hadoop2.7/jars/commons-dbcp-1.4.jar:/home/ubuntu/spark-2.1.1-bin-hadoop2.7/jars/xbean-asm5-shaded-4.4.jar:/home/ubuntu/spark-2.1.1-bin-hadoop2.7/jars/xercesImpl-2.9.1.jar:/home/ubuntu/spark-2.1.1-bin-hadoop2.7/jars/hadoop-annotations-2.7.3.jar:/home/ubuntu/spark-2.1.1-bin-hadoop2.7/jars/javassist-3.18.1-GA.jar:/home/ubuntu/spark-2.1.1-bin-hadoop2.7/jars/jersey-container-servlet-2.22.2.jar:/home/ubuntu/spark-2.1.1-bin-hadoop2.7/jars/base64-2.3.8.jar:/home/ubuntu/spark-2.1.1-bin-hadoop2.7/jars/scalap-2.11.8.jar:/home/ubuntu/spark-2.1.1-bin-hadoop2.7/jars/super-csv-2.2.0.jar:/home/ubuntu/spark-2.1.1-bin-hadoop2.7/jars/jul-to-slf4j-1.7.16.jar:/home/ubuntu/spark-2.1.1-bin-hadoop2.7/jars/hadoop-mapreduce-client-shuffle-2.7.3.jar:/home/ubuntu/spark-2.1.1-bin-hadoop2.7/jars/libfb303-0.9.3.jar:/home/ubuntu/spark-2.1.1-bin-hadoop2.7/jars/jdo-api-3.0.1.jar:/home/ubuntu/spark-2.1.1-bin-hadoop2.7/jars/jersey-guava-2.22.2.jar:/home/ubuntu/spark-2.1.1-bin-hadoop2.7/jars/arpack_combined_all-0.1.jar:/home/ubuntu/spark-2.1.1-bin-hadoop2.7/jars/scala-parser-combinators_2.11-1.0.4.jar:/home/ubuntu/spark-2.1.1-bin-hadoop2.7/jars/chill_2.11-0.8.0.jar:/home/ubuntu/spark-2.1.1-bin-hadoop2.7/jars/javax.annotation-api-1.2.jar:/home/ubuntu/spark-2.1.1-bin-hadoop2.7/jars/joda-time-2.9.3.jar:/home/ubuntu/spark-2.1.1-bin-hadoop2.7/jars/antlr-runtime-3.4.jar:/home/u
Launcher Type: SUN_STANDARD

Environment Variables:
PATH=/home/ubuntu/.local/bin:/home/ubuntu/bin:/home/ubuntu/.local/bin:/usr/local/sbin:/usr/local/bin:/usr/sbin:/usr/bin:/sbin:/bin:/usr/games:/usr/local/games:/snap/bin
SHELL=/bin/bash

Signal Handlers:
SIGSEGV: [libjvm.so+0xa71a30], sa_mask[0]=11111111011111111101111111111110, sa_flags=SA_RESTART|SA_SIGINFO
SIGBUS: [libjvm.so+0xa71a30], sa_mask[0]=11111111011111111101111111111110, sa_flags=SA_RESTART|SA_SIGINFO
SIGFPE: [libjvm.so+0x8b8f40], sa_mask[0]=11111111011111111101111111111110, sa_flags=SA_RESTART|SA_SIGINFO
SIGPIPE: [libjvm.so+0x8b8f40], sa_mask[0]=11111111011111111101111111111110, sa_flags=SA_RESTART|SA_SIGINFO
SIGXFSZ: [libjvm.so+0x8b8f40], sa_mask[0]=11111111011111111101111111111110, sa_flags=SA_RESTART|SA_SIGINFO
SIGILL: [libjvm.so+0x8b8f40], sa_mask[0]=11111111011111111101111111111110, sa_flags=SA_RESTART|SA_SIGINFO
SIGUSR1: SIG_DFL, sa_mask[0]=00000000000000000000000000000000, sa_flags=none
SIGUSR2: [libjvm.so+0x8b8df0], sa_mask[0]=00000000000000000000000000000000, sa_flags=SA_RESTART|SA_SIGINFO
SIGHUP: [libjvm.so+0x8b92c0], sa_mask[0]=11111111011111111101111111111110, sa_flags=SA_RESTART|SA_SIGINFO
SIGINT: SIG_IGN, sa_mask[0]=00000000000000000000000000000000, sa_flags=none
SIGTERM: [libjvm.so+0x8b92c0], sa_mask[0]=11111111011111111101111111111110, sa_flags=SA_RESTART|SA_SIGINFO
SIGQUIT: [libjvm.so+0x8b92c0], sa_mask[0]=11111111011111111101111111111110, sa_flags=SA_RESTART|SA_SIGINFO


---------------  S Y S T E M  ---------------

OS:DISTRIB_ID=Ubuntu
DISTRIB_RELEASE=16.04
DISTRIB_CODENAME=xenial
DISTRIB_DESCRIPTION="Ubuntu 16.04.4 LTS"

uname:Linux 4.4.0-1065-aws #75-Ubuntu SMP Fri Aug 10 11:14:32 UTC 2018 x86_64
libc:glibc 2.23 NPTL 2.23 
rlimit: STACK 8192k, CORE 0k, NPROC 3900, NOFILE 1048576, AS infinity
load average:4.04 1.16 0.49

/proc/meminfo:
MemTotal:        1014500 kB
MemFree:           55828 kB
MemAvailable:          0 kB
Buffers:             204 kB
Cached:             8296 kB
SwapCached:            0 kB
Active:           893912 kB
Inactive:           4204 kB
Active(anon):     892404 kB
Inactive(anon):     2736 kB
Active(file):       1508 kB
Inactive(file):     1468 kB
Unevictable:        3652 kB
Mlocked:            3652 kB
SwapTotal:             0 kB
SwapFree:              0 kB
Dirty:                64 kB
Writeback:             0 kB
AnonPages:        893300 kB
Mapped:             5064 kB
Shmem:              3068 kB
Slab:              33900 kB
SReclaimable:      17340 kB
SUnreclaim:        16560 kB
KernelStack:        3568 kB
PageTables:         5944 kB
NFS_Unstable:          0 kB
Bounce:                0 kB
WritebackTmp:          0 kB
CommitLimit:      507248 kB
Committed_AS:    1311756 kB
VmallocTotal:   34359738367 kB
VmallocUsed:           0 kB
VmallocChunk:          0 kB
HardwareCorrupted:     0 kB
AnonHugePages:    253952 kB
CmaTotal:              0 kB
CmaFree:               0 kB
HugePages_Total:       0
HugePages_Free:        0
HugePages_Rsvd:        0
HugePages_Surp:        0
Hugepagesize:       2048 kB
DirectMap4k:       40960 kB
DirectMap2M:     1007616 kB


CPU:total 1 (initial active 1) (1 cores per cpu, 1 threads per core) family 6 model 63 stepping 2, cmov, cx8, fxsr, mmx, sse, sse2, sse3, ssse3, sse4.1, sse4.2, popcnt, avx, avx2, aes, clmul, erms, lzcnt, tsc, bmi1, bmi2

/proc/cpuinfo:
processor	: 0
vendor_id	: GenuineIntel
cpu family	: 6
model		: 63
model name	: Intel(R) Xeon(R) CPU E5-2676 v3 @ 2.40GHz
stepping	: 2
microcode	: 0x3c
cpu MHz		: 2400.056
cache size	: 30720 KB
physical id	: 0
siblings	: 1
core id		: 0
cpu cores	: 1
apicid		: 0
initial apicid	: 0
fpu		: yes
fpu_exception	: yes
cpuid level	: 13
wp		: yes
flags		: fpu vme de pse tsc msr pae mce cx8 apic sep mtrr pge mca cmov pat pse36 clflush mmx fxsr sse sse2 ht syscall nx rdtscp lm constant_tsc rep_good nopl xtopology eagerfpu pni pclmulqdq ssse3 fma cx16 pcid sse4_1 sse4_2 x2apic movbe popcnt tsc_deadline_timer aes xsave avx f16c rdrand hypervisor lahf_lm abm invpcid_single kaiser fsgsbase bmi1 avx2 smep bmi2 erms invpcid xsaveopt
bugs		: cpu_meltdown spectre_v1 spectre_v2 spec_store_bypass l1tf
bogomips	: 4800.11
clflush size	: 64
cache_alignment	: 64
address sizes	: 46 bits physical, 48 bits virtual
power management:



Memory: 4k page, physical 1014500k(55828k free), swap 0k(0k free)

vm_info: OpenJDK 64-Bit Server VM (25.181-b13) for linux-amd64 JRE (1.8.0_181-8u181-b13-0ubuntu0.16.04.1-b13), built on Jul 30 2018 21:06:27 by "buildd" with gcc 5.4.0 20160609

time: Sat Oct 13 01:41:50 2018
elapsed time: 20032 seconds (0d 5h 33m 52s)

